2019-02-13 10:21:26.125  INFO 14360 --- [restartedMain] com.jmonitor.JmonitorApplication         : Starting JmonitorApplication on DESKTOP-DBO4L4B with PID 14360 (F:\java\sts_workspace\Jmonitor\target\classes started by Administrator in F:\java\sts_workspace\Jmonitor)
2019-02-13 10:21:26.131  INFO 14360 --- [restartedMain] com.jmonitor.JmonitorApplication         : The following profiles are active: dev
2019-02-13 10:21:26.196  INFO 14360 --- [restartedMain] .e.DevToolsPropertyDefaultsPostProcessor : Devtools property defaults active! Set 'spring.devtools.add-properties' to 'false' to disable
2019-02-13 10:21:26.196  INFO 14360 --- [restartedMain] .e.DevToolsPropertyDefaultsPostProcessor : For additional web related logging consider setting the 'logging.level.web' property to 'DEBUG'
2019-02-13 10:21:27.369  INFO 14360 --- [restartedMain] trationDelegate$BeanPostProcessorChecker : Bean 'com.alibaba.druid.spring.boot.autoconfigure.stat.DruidSpringAopConfiguration' of type [com.alibaba.druid.spring.boot.autoconfigure.stat.DruidSpringAopConfiguration] is not eligible for getting processed by all BeanPostProcessors (for example: not eligible for auto-proxying)
2019-02-13 10:21:27.404  INFO 14360 --- [restartedMain] trationDelegate$BeanPostProcessorChecker : Bean 'org.springframework.transaction.annotation.ProxyTransactionManagementConfiguration' of type [org.springframework.transaction.annotation.ProxyTransactionManagementConfiguration$$EnhancerBySpringCGLIB$$e54d396d] is not eligible for getting processed by all BeanPostProcessors (for example: not eligible for auto-proxying)
2019-02-13 10:21:27.441  INFO 14360 --- [restartedMain] trationDelegate$BeanPostProcessorChecker : Bean 'spring.datasource.druid-com.alibaba.druid.spring.boot.autoconfigure.properties.DruidStatProperties' of type [com.alibaba.druid.spring.boot.autoconfigure.properties.DruidStatProperties] is not eligible for getting processed by all BeanPostProcessors (for example: not eligible for auto-proxying)
2019-02-13 10:21:27.448  INFO 14360 --- [restartedMain] trationDelegate$BeanPostProcessorChecker : Bean 'advisor' of type [org.springframework.aop.support.RegexpMethodPointcutAdvisor] is not eligible for getting processed by all BeanPostProcessors (for example: not eligible for auto-proxying)
2019-02-13 10:21:27.796  INFO 14360 --- [restartedMain] o.s.b.w.embedded.tomcat.TomcatWebServer  : Tomcat initialized with port(s): 8080 (http)
2019-02-13 10:21:27.816  INFO 14360 --- [restartedMain] o.apache.catalina.core.StandardService   : Starting service [Tomcat]
2019-02-13 10:21:27.816  INFO 14360 --- [restartedMain] org.apache.catalina.core.StandardEngine  : Starting Servlet Engine: Apache Tomcat/9.0.13
2019-02-13 10:21:27.824  INFO 14360 --- [restartedMain] o.a.catalina.core.AprLifecycleListener   : The APR based Apache Tomcat Native library which allows optimal performance in production environments was not found on the java.library.path: [D:\Program Development\Java\jdk1.8.0_191\bin;C:\WINDOWS\Sun\Java\bin;C:\WINDOWS\system32;C:\WINDOWS;D:\Program Development\Java\jdk1.8.0_191\jre\bin;D:/Program Development/Java/jre1.8.0_191/bin/server;D:/Program Development/Java/jre1.8.0_191/bin;D:/Program Development/Java/jre1.8.0_191/lib/amd64;C:\Program Files\VanDyke Software\Clients\;C:\Program Files (x86)\Common Files\Oracle\Java\javapath;C:\Program Files (x86)\Intel\Intel(R) Management Engine Components\iCLS\;C:\Program Files\Intel\Intel(R) Management Engine Components\iCLS\;C:\WINDOWS\system32;C:\WINDOWS;C:\WINDOWS\System32\Wbem;C:\WINDOWS\System32\WindowsPowerShell\v1.0\;C:\Program Files\Intel\WiFi\bin\;C:\Program Files\Common Files\Intel\WirelessCommon\;C:\Program Files (x86)\Intel\Intel(R) Management Engine Components\DAL;C:\Program Files\Intel\Intel(R) Management Engine Components\DAL;C:\Program Files (x86)\Intel\Intel(R) Management Engine Components\IPT;C:\Program Files\Intel\Intel(R) Management Engine Components\IPT;D:\Program Development\maven\apache-maven-3.6.0\bin;D:\Program Files\Git\cmd;C:\Program Files\MySQL\MySQL Server 5.7\bin;C:\Users\Administrator\AppData\Local\Microsoft\WindowsApps;;D:\Program Development\sts\sts-4.0.2.RELEASE;;.]
2019-02-13 10:21:27.921  INFO 14360 --- [restartedMain] o.a.c.c.C.[Tomcat].[localhost].[/]       : Initializing Spring embedded WebApplicationContext
2019-02-13 10:21:27.921  INFO 14360 --- [restartedMain] o.s.web.context.ContextLoader            : Root WebApplicationContext: initialization completed in 1724 ms
2019-02-13 10:21:28.190  INFO 14360 --- [restartedMain] c.a.d.s.b.a.DruidDataSourceAutoConfigure : Init DruidDataSource
2019-02-13 10:21:28.460  INFO 14360 --- [restartedMain] com.alibaba.druid.pool.DruidDataSource   : {dataSource-1} inited
2019-02-13 10:21:28.688  WARN 14360 --- [restartedMain] c.b.m.core.toolkit.TableInfoHelper       : Warn: Could not find @TableId in Class: com.jmonitor.modules.sys.entity.Loadbalancers.
2019-02-13 10:21:28.723  WARN 14360 --- [restartedMain] c.b.m.core.toolkit.TableInfoHelper       : Warn: Could not find @TableId in Class: com.jmonitor.modules.sys.entity.Pods.
2019-02-13 10:21:28.762  WARN 14360 --- [restartedMain] c.b.m.core.toolkit.TableInfoHelper       : Warn: Could not find @TableId in Class: com.jmonitor.modules.sys.entity.Servers.
2019-02-13 10:21:29.561  INFO 14360 --- [restartedMain] o.s.c.ehcache.EhCacheManagerFactoryBean  : Initializing EhCache CacheManager
2019-02-13 10:21:29.751  INFO 14360 --- [restartedMain] pertySourcedRequestMappingHandlerMapping : Mapped URL path [/v2/api-docs] onto method [public org.springframework.http.ResponseEntity<springfox.documentation.spring.web.json.Json> springfox.documentation.swagger2.web.Swagger2Controller.getDocumentation(java.lang.String,javax.servlet.http.HttpServletRequest)]
2019-02-13 10:21:29.876  INFO 14360 --- [restartedMain] o.s.s.concurrent.ThreadPoolTaskExecutor  : Initializing ExecutorService 'applicationTaskExecutor'
2019-02-13 10:21:29.925  INFO 14360 --- [restartedMain] o.s.b.d.a.OptionalLiveReloadServer       : LiveReload server is running on port 35729
2019-02-13 10:21:30.135  INFO 14360 --- [restartedMain] d.s.w.p.DocumentationPluginsBootstrapper : Context refreshed
2019-02-13 10:21:30.154  INFO 14360 --- [restartedMain] d.s.w.p.DocumentationPluginsBootstrapper : Found 1 custom documentation plugin(s)
2019-02-13 10:21:30.190  INFO 14360 --- [restartedMain] s.d.s.w.s.ApiListingReferenceScanner     : Scanning for api listing references
2019-02-13 10:21:30.375  INFO 14360 --- [restartedMain] o.s.b.w.embedded.tomcat.TomcatWebServer  : Tomcat started on port(s): 8080 (http) with context path ''
2019-02-13 10:21:30.379  INFO 14360 --- [restartedMain] com.jmonitor.JmonitorApplication         : Started JmonitorApplication in 4.688 seconds (JVM running for 5.611)
2019-02-13 10:22:10.075  INFO 14360 --- [http-nio-8080-exec-1] o.a.c.c.C.[Tomcat].[localhost].[/]       : Initializing Spring DispatcherServlet 'dispatcherServlet'
2019-02-13 10:22:10.075  INFO 14360 --- [http-nio-8080-exec-1] o.s.web.servlet.DispatcherServlet        : Initializing Servlet 'dispatcherServlet'
2019-02-13 10:22:10.086  INFO 14360 --- [http-nio-8080-exec-1] o.s.web.servlet.DispatcherServlet        : Completed initialization in 11 ms
2019-02-13 12:11:56.296  INFO 14360 --- [Thread-7] o.s.s.concurrent.ThreadPoolTaskExecutor  : Shutting down ExecutorService 'applicationTaskExecutor'
2019-02-13 12:11:56.300  INFO 14360 --- [Thread-7] o.s.c.ehcache.EhCacheManagerFactoryBean  : Shutting down EhCache CacheManager
2019-02-13 12:11:56.326  INFO 14360 --- [Thread-7] com.alibaba.druid.pool.DruidDataSource   : {dataSource-1} closed
2019-02-13 12:11:58.845 ERROR 14360 --- [http-nio-8080-exec-30] c.j.m.sys.service.impl.LayerServiceImpl  : 组内规则或图片查询异常
2019-02-13 12:11:58.849 ERROR 14360 --- [http-nio-8080-exec-30] c.j.m.sys.service.impl.LayerServiceImpl  : 组内规则或图片查询异常
2019-02-13 12:11:58.851 ERROR 14360 --- [http-nio-8080-exec-30] c.j.m.sys.service.impl.LayerServiceImpl  : 组内规则或图片查询异常
2019-02-13 12:11:58.852 ERROR 14360 --- [http-nio-8080-exec-30] c.j.m.sys.service.impl.LayerServiceImpl  : 组内规则或图片查询异常
2019-02-13 12:11:58.859  WARN 14360 --- [http-nio-8080-exec-30] .m.m.a.ExceptionHandlerExceptionResolver : Failure in @ExceptionHandler public com.jmonitor.util.BaseResultUtil com.jmonitor.config.exception.JmonitorExceptionHandler.handleException(java.lang.Exception)

java.lang.NullPointerException: null
	at org.springframework.web.util.UrlPathHelper.removeJsessionid(UrlPathHelper.java:517)
	at org.springframework.web.util.UrlPathHelper.removeSemicolonContent(UrlPathHelper.java:502)
	at org.springframework.web.util.UrlPathHelper.decodeAndCleanUriString(UrlPathHelper.java:435)
	at org.springframework.web.util.UrlPathHelper.getOriginatingRequestUri(UrlPathHelper.java:382)
	at org.springframework.web.servlet.mvc.method.annotation.AbstractMessageConverterMethodProcessor.addContentDispositionHeader(AbstractMessageConverterMethodProcessor.java:427)
	at org.springframework.web.servlet.mvc.method.annotation.AbstractMessageConverterMethodProcessor.writeWithMessageConverters(AbstractMessageConverterMethodProcessor.java:287)
	at org.springframework.web.servlet.mvc.method.annotation.RequestResponseBodyMethodProcessor.handleReturnValue(RequestResponseBodyMethodProcessor.java:180)
	at org.springframework.web.method.support.HandlerMethodReturnValueHandlerComposite.handleReturnValue(HandlerMethodReturnValueHandlerComposite.java:82)
	at org.springframework.web.servlet.mvc.method.annotation.ServletInvocableHandlerMethod.invokeAndHandle(ServletInvocableHandlerMethod.java:119)
	at org.springframework.web.servlet.mvc.method.annotation.ExceptionHandlerExceptionResolver.doResolveHandlerMethodException(ExceptionHandlerExceptionResolver.java:412)
	at org.springframework.web.servlet.handler.AbstractHandlerMethodExceptionResolver.doResolveException(AbstractHandlerMethodExceptionResolver.java:61)
	at org.springframework.web.servlet.handler.AbstractHandlerExceptionResolver.resolveException(AbstractHandlerExceptionResolver.java:136)
	at org.springframework.web.servlet.handler.HandlerExceptionResolverComposite.resolveException(HandlerExceptionResolverComposite.java:80)
	at org.springframework.web.servlet.DispatcherServlet.processHandlerException(DispatcherServlet.java:1297)
	at org.springframework.web.servlet.DispatcherServlet.processDispatchResult(DispatcherServlet.java:1109)
	at org.springframework.web.servlet.DispatcherServlet.doDispatch(DispatcherServlet.java:1055)
	at org.springframework.web.servlet.DispatcherServlet.doService(DispatcherServlet.java:942)
	at org.springframework.web.servlet.FrameworkServlet.processRequest(FrameworkServlet.java:1005)
	at org.springframework.web.servlet.FrameworkServlet.doGet(FrameworkServlet.java:897)
	at javax.servlet.http.HttpServlet.service(HttpServlet.java:634)
	at org.springframework.web.servlet.FrameworkServlet.service(FrameworkServlet.java:882)
	at javax.servlet.http.HttpServlet.service(HttpServlet.java:741)
	at org.apache.catalina.core.ApplicationFilterChain.internalDoFilter(ApplicationFilterChain.java:231)
	at org.apache.catalina.core.ApplicationFilterChain.doFilter(ApplicationFilterChain.java:166)
	at org.apache.tomcat.websocket.server.WsFilter.doFilter(WsFilter.java:53)
	at org.apache.catalina.core.ApplicationFilterChain.internalDoFilter(ApplicationFilterChain.java:193)
	at org.apache.catalina.core.ApplicationFilterChain.doFilter(ApplicationFilterChain.java:166)
	at com.alibaba.druid.support.http.WebStatFilter.doFilter(WebStatFilter.java:123)
	at org.apache.catalina.core.ApplicationFilterChain.internalDoFilter(ApplicationFilterChain.java:193)
	at org.apache.catalina.core.ApplicationFilterChain.doFilter(ApplicationFilterChain.java:166)
	at org.springframework.web.filter.RequestContextFilter.doFilterInternal(RequestContextFilter.java:99)
	at org.springframework.web.filter.OncePerRequestFilter.doFilter(OncePerRequestFilter.java:107)
	at org.apache.catalina.core.ApplicationFilterChain.internalDoFilter(ApplicationFilterChain.java:193)
	at org.apache.catalina.core.ApplicationFilterChain.doFilter(ApplicationFilterChain.java:166)
	at org.springframework.web.filter.FormContentFilter.doFilterInternal(FormContentFilter.java:92)
	at org.springframework.web.filter.OncePerRequestFilter.doFilter(OncePerRequestFilter.java:107)
	at org.apache.catalina.core.ApplicationFilterChain.internalDoFilter(ApplicationFilterChain.java:193)
	at org.apache.catalina.core.ApplicationFilterChain.doFilter(ApplicationFilterChain.java:166)
	at org.springframework.web.filter.HiddenHttpMethodFilter.doFilterInternal(HiddenHttpMethodFilter.java:93)
	at org.springframework.web.filter.OncePerRequestFilter.doFilter(OncePerRequestFilter.java:107)
	at org.apache.catalina.core.ApplicationFilterChain.internalDoFilter(ApplicationFilterChain.java:193)
	at org.apache.catalina.core.ApplicationFilterChain.doFilter(ApplicationFilterChain.java:166)
	at org.springframework.web.filter.CharacterEncodingFilter.doFilterInternal(CharacterEncodingFilter.java:200)
	at org.springframework.web.filter.OncePerRequestFilter.doFilter(OncePerRequestFilter.java:107)
	at org.apache.catalina.core.ApplicationFilterChain.internalDoFilter(ApplicationFilterChain.java:193)
	at org.apache.catalina.core.ApplicationFilterChain.doFilter(ApplicationFilterChain.java:166)
	at org.apache.catalina.core.StandardWrapperValve.invoke(StandardWrapperValve.java:199)
	at org.apache.catalina.core.StandardContextValve.invoke(StandardContextValve.java:96)
	at org.apache.catalina.authenticator.AuthenticatorBase.invoke(AuthenticatorBase.java:490)
	at org.apache.catalina.core.StandardHostValve.invoke(StandardHostValve.java:139)
	at org.apache.catalina.valves.ErrorReportValve.invoke(ErrorReportValve.java:92)
	at org.apache.catalina.core.StandardEngineValve.invoke(StandardEngineValve.java:74)
	at org.apache.catalina.connector.CoyoteAdapter.service(CoyoteAdapter.java:343)
	at org.apache.coyote.http11.Http11Processor.service(Http11Processor.java:408)
	at org.apache.coyote.AbstractProcessorLight.process(AbstractProcessorLight.java:66)
	at org.apache.coyote.AbstractProtocol$ConnectionHandler.process(AbstractProtocol.java:791)
	at org.apache.tomcat.util.net.NioEndpoint$SocketProcessor.doRun(NioEndpoint.java:1417)
	at org.apache.tomcat.util.net.SocketProcessorBase.run(SocketProcessorBase.java:49)
	at java.util.concurrent.ThreadPoolExecutor.runWorker(ThreadPoolExecutor.java:1149)
	at java.util.concurrent.ThreadPoolExecutor$Worker.run(ThreadPoolExecutor.java:624)
	at org.apache.tomcat.util.threads.TaskThread$WrappingRunnable.run(TaskThread.java:61)
	at java.lang.Thread.run(Thread.java:748)

2019-02-13 12:11:59.147  INFO 14360 --- [restartedMain] com.jmonitor.JmonitorApplication         : Starting JmonitorApplication on DESKTOP-DBO4L4B with PID 14360 (F:\java\sts_workspace\Jmonitor\target\classes started by Administrator in F:\java\sts_workspace\Jmonitor)
2019-02-13 12:11:59.148  INFO 14360 --- [restartedMain] com.jmonitor.JmonitorApplication         : The following profiles are active: dev
2019-02-13 12:11:59.694  INFO 14360 --- [restartedMain] trationDelegate$BeanPostProcessorChecker : Bean 'com.alibaba.druid.spring.boot.autoconfigure.stat.DruidSpringAopConfiguration' of type [com.alibaba.druid.spring.boot.autoconfigure.stat.DruidSpringAopConfiguration] is not eligible for getting processed by all BeanPostProcessors (for example: not eligible for auto-proxying)
2019-02-13 12:11:59.708  INFO 14360 --- [restartedMain] trationDelegate$BeanPostProcessorChecker : Bean 'org.springframework.transaction.annotation.ProxyTransactionManagementConfiguration' of type [org.springframework.transaction.annotation.ProxyTransactionManagementConfiguration$$EnhancerBySpringCGLIB$$e54d396d] is not eligible for getting processed by all BeanPostProcessors (for example: not eligible for auto-proxying)
2019-02-13 12:11:59.715  INFO 14360 --- [restartedMain] trationDelegate$BeanPostProcessorChecker : Bean 'spring.datasource.druid-com.alibaba.druid.spring.boot.autoconfigure.properties.DruidStatProperties' of type [com.alibaba.druid.spring.boot.autoconfigure.properties.DruidStatProperties] is not eligible for getting processed by all BeanPostProcessors (for example: not eligible for auto-proxying)
2019-02-13 12:11:59.716  INFO 14360 --- [restartedMain] trationDelegate$BeanPostProcessorChecker : Bean 'advisor' of type [org.springframework.aop.support.RegexpMethodPointcutAdvisor] is not eligible for getting processed by all BeanPostProcessors (for example: not eligible for auto-proxying)
2019-02-13 12:11:59.814  INFO 14360 --- [restartedMain] o.s.b.w.embedded.tomcat.TomcatWebServer  : Tomcat initialized with port(s): 8080 (http)
2019-02-13 12:11:59.815  INFO 14360 --- [restartedMain] o.apache.catalina.core.StandardService   : Starting service [Tomcat]
2019-02-13 12:11:59.815  INFO 14360 --- [restartedMain] org.apache.catalina.core.StandardEngine  : Starting Servlet Engine: Apache Tomcat/9.0.13
2019-02-13 12:11:59.839  INFO 14360 --- [restartedMain] o.a.c.c.C.[Tomcat].[localhost].[/]       : Initializing Spring embedded WebApplicationContext
2019-02-13 12:11:59.839  INFO 14360 --- [restartedMain] o.s.web.context.ContextLoader            : Root WebApplicationContext: initialization completed in 688 ms
2019-02-13 12:11:59.943  INFO 14360 --- [restartedMain] c.a.d.s.b.a.DruidDataSourceAutoConfigure : Init DruidDataSource
2019-02-13 12:12:00.040  INFO 14360 --- [restartedMain] com.alibaba.druid.pool.DruidDataSource   : {dataSource-2} inited
2019-02-13 12:12:00.133  WARN 14360 --- [restartedMain] c.b.m.core.toolkit.TableInfoHelper       : Warn: Could not find @TableId in Class: com.jmonitor.modules.sys.entity.Loadbalancers.
2019-02-13 12:12:00.184  WARN 14360 --- [restartedMain] c.b.m.core.toolkit.TableInfoHelper       : Warn: Could not find @TableId in Class: com.jmonitor.modules.sys.entity.Pods.
2019-02-13 12:12:00.226  WARN 14360 --- [restartedMain] c.b.m.core.toolkit.TableInfoHelper       : Warn: Could not find @TableId in Class: com.jmonitor.modules.sys.entity.Servers.
2019-02-13 12:12:00.594  INFO 14360 --- [restartedMain] o.s.c.ehcache.EhCacheManagerFactoryBean  : Initializing EhCache CacheManager
2019-02-13 12:12:00.629  INFO 14360 --- [restartedMain] pertySourcedRequestMappingHandlerMapping : Mapped URL path [/v2/api-docs] onto method [public org.springframework.http.ResponseEntity<springfox.documentation.spring.web.json.Json> springfox.documentation.swagger2.web.Swagger2Controller.getDocumentation(java.lang.String,javax.servlet.http.HttpServletRequest)]
2019-02-13 12:12:00.711  INFO 14360 --- [restartedMain] o.s.s.concurrent.ThreadPoolTaskExecutor  : Initializing ExecutorService 'applicationTaskExecutor'
2019-02-13 12:12:00.727  INFO 14360 --- [restartedMain] o.s.b.d.a.OptionalLiveReloadServer       : LiveReload server is running on port 35729
2019-02-13 12:12:00.857  INFO 14360 --- [restartedMain] d.s.w.p.DocumentationPluginsBootstrapper : Context refreshed
2019-02-13 12:12:00.858  INFO 14360 --- [restartedMain] d.s.w.p.DocumentationPluginsBootstrapper : Found 1 custom documentation plugin(s)
2019-02-13 12:12:00.863  INFO 14360 --- [restartedMain] s.d.s.w.s.ApiListingReferenceScanner     : Scanning for api listing references
2019-02-13 12:12:00.918  INFO 14360 --- [restartedMain] o.s.b.w.embedded.tomcat.TomcatWebServer  : Tomcat started on port(s): 8080 (http) with context path ''
2019-02-13 12:12:00.919  INFO 14360 --- [restartedMain] com.jmonitor.JmonitorApplication         : Started JmonitorApplication in 1.838 seconds (JVM running for 6636.151)
2019-02-13 12:12:00.924  INFO 14360 --- [restartedMain] .ConditionEvaluationDeltaLoggingListener : Condition evaluation unchanged
2019-02-13 12:13:01.873  INFO 14360 --- [http-nio-8080-exec-1] o.a.c.c.C.[Tomcat].[localhost].[/]       : Initializing Spring DispatcherServlet 'dispatcherServlet'
2019-02-13 12:13:01.874  INFO 14360 --- [http-nio-8080-exec-1] o.s.web.servlet.DispatcherServlet        : Initializing Servlet 'dispatcherServlet'
2019-02-13 12:13:01.882  INFO 14360 --- [http-nio-8080-exec-1] o.s.web.servlet.DispatcherServlet        : Completed initialization in 8 ms
2019-02-13 12:14:25.448  INFO 14360 --- [Thread-12] o.s.s.concurrent.ThreadPoolTaskExecutor  : Shutting down ExecutorService 'applicationTaskExecutor'
2019-02-13 12:14:25.448  INFO 14360 --- [Thread-12] o.s.c.ehcache.EhCacheManagerFactoryBean  : Shutting down EhCache CacheManager
2019-02-13 12:14:25.467  INFO 14360 --- [Thread-12] com.alibaba.druid.pool.DruidDataSource   : {dataSource-2} closed
2019-02-13 12:14:25.795  INFO 14360 --- [restartedMain] com.jmonitor.JmonitorApplication         : Starting JmonitorApplication on DESKTOP-DBO4L4B with PID 14360 (F:\java\sts_workspace\Jmonitor\target\classes started by Administrator in F:\java\sts_workspace\Jmonitor)
2019-02-13 12:14:25.795  INFO 14360 --- [restartedMain] com.jmonitor.JmonitorApplication         : The following profiles are active: dev
2019-02-13 12:14:26.299  INFO 14360 --- [restartedMain] trationDelegate$BeanPostProcessorChecker : Bean 'com.alibaba.druid.spring.boot.autoconfigure.stat.DruidSpringAopConfiguration' of type [com.alibaba.druid.spring.boot.autoconfigure.stat.DruidSpringAopConfiguration] is not eligible for getting processed by all BeanPostProcessors (for example: not eligible for auto-proxying)
2019-02-13 12:14:26.309  INFO 14360 --- [restartedMain] trationDelegate$BeanPostProcessorChecker : Bean 'org.springframework.transaction.annotation.ProxyTransactionManagementConfiguration' of type [org.springframework.transaction.annotation.ProxyTransactionManagementConfiguration$$EnhancerBySpringCGLIB$$e54d396d] is not eligible for getting processed by all BeanPostProcessors (for example: not eligible for auto-proxying)
2019-02-13 12:14:26.314  INFO 14360 --- [restartedMain] trationDelegate$BeanPostProcessorChecker : Bean 'spring.datasource.druid-com.alibaba.druid.spring.boot.autoconfigure.properties.DruidStatProperties' of type [com.alibaba.druid.spring.boot.autoconfigure.properties.DruidStatProperties] is not eligible for getting processed by all BeanPostProcessors (for example: not eligible for auto-proxying)
2019-02-13 12:14:26.315  INFO 14360 --- [restartedMain] trationDelegate$BeanPostProcessorChecker : Bean 'advisor' of type [org.springframework.aop.support.RegexpMethodPointcutAdvisor] is not eligible for getting processed by all BeanPostProcessors (for example: not eligible for auto-proxying)
2019-02-13 12:14:26.406  INFO 14360 --- [restartedMain] o.s.b.w.embedded.tomcat.TomcatWebServer  : Tomcat initialized with port(s): 8080 (http)
2019-02-13 12:14:26.407  INFO 14360 --- [restartedMain] o.apache.catalina.core.StandardService   : Starting service [Tomcat]
2019-02-13 12:14:26.407  INFO 14360 --- [restartedMain] org.apache.catalina.core.StandardEngine  : Starting Servlet Engine: Apache Tomcat/9.0.13
2019-02-13 12:14:26.424  INFO 14360 --- [restartedMain] o.a.c.c.C.[Tomcat].[localhost].[/]       : Initializing Spring embedded WebApplicationContext
2019-02-13 12:14:26.424  INFO 14360 --- [restartedMain] o.s.web.context.ContextLoader            : Root WebApplicationContext: initialization completed in 626 ms
2019-02-13 12:14:26.495  INFO 14360 --- [restartedMain] c.a.d.s.b.a.DruidDataSourceAutoConfigure : Init DruidDataSource
2019-02-13 12:14:26.597  INFO 14360 --- [restartedMain] com.alibaba.druid.pool.DruidDataSource   : {dataSource-3} inited
2019-02-13 12:14:26.674  WARN 14360 --- [restartedMain] c.b.m.core.toolkit.TableInfoHelper       : Warn: Could not find @TableId in Class: com.jmonitor.modules.sys.entity.Loadbalancers.
2019-02-13 12:14:26.709  WARN 14360 --- [restartedMain] c.b.m.core.toolkit.TableInfoHelper       : Warn: Could not find @TableId in Class: com.jmonitor.modules.sys.entity.Pods.
2019-02-13 12:14:26.759  WARN 14360 --- [restartedMain] c.b.m.core.toolkit.TableInfoHelper       : Warn: Could not find @TableId in Class: com.jmonitor.modules.sys.entity.Servers.
2019-02-13 12:14:27.089  INFO 14360 --- [restartedMain] o.s.c.ehcache.EhCacheManagerFactoryBean  : Initializing EhCache CacheManager
2019-02-13 12:14:27.118  INFO 14360 --- [restartedMain] pertySourcedRequestMappingHandlerMapping : Mapped URL path [/v2/api-docs] onto method [public org.springframework.http.ResponseEntity<springfox.documentation.spring.web.json.Json> springfox.documentation.swagger2.web.Swagger2Controller.getDocumentation(java.lang.String,javax.servlet.http.HttpServletRequest)]
2019-02-13 12:14:27.192  INFO 14360 --- [restartedMain] o.s.s.concurrent.ThreadPoolTaskExecutor  : Initializing ExecutorService 'applicationTaskExecutor'
2019-02-13 12:14:27.203  INFO 14360 --- [restartedMain] o.s.b.d.a.OptionalLiveReloadServer       : LiveReload server is running on port 35729
2019-02-13 12:14:27.338  INFO 14360 --- [restartedMain] d.s.w.p.DocumentationPluginsBootstrapper : Context refreshed
2019-02-13 12:14:27.339  INFO 14360 --- [restartedMain] d.s.w.p.DocumentationPluginsBootstrapper : Found 1 custom documentation plugin(s)
2019-02-13 12:14:27.344  INFO 14360 --- [restartedMain] s.d.s.w.s.ApiListingReferenceScanner     : Scanning for api listing references
2019-02-13 12:14:27.380  INFO 14360 --- [restartedMain] o.s.b.w.embedded.tomcat.TomcatWebServer  : Tomcat started on port(s): 8080 (http) with context path ''
2019-02-13 12:14:27.381  INFO 14360 --- [restartedMain] com.jmonitor.JmonitorApplication         : Started JmonitorApplication in 1.637 seconds (JVM running for 6782.613)
2019-02-13 12:14:27.383  INFO 14360 --- [restartedMain] .ConditionEvaluationDeltaLoggingListener : Condition evaluation unchanged
2019-02-13 12:15:30.187  INFO 14360 --- [http-nio-8080-exec-3] o.a.c.c.C.[Tomcat].[localhost].[/]       : Initializing Spring DispatcherServlet 'dispatcherServlet'
2019-02-13 12:15:30.189  INFO 14360 --- [http-nio-8080-exec-3] o.s.web.servlet.DispatcherServlet        : Initializing Servlet 'dispatcherServlet'
2019-02-13 12:15:30.193  INFO 14360 --- [http-nio-8080-exec-3] o.s.web.servlet.DispatcherServlet        : Completed initialization in 4 ms
2019-02-13 14:43:45.219  INFO 14360 --- [Thread-20] o.s.s.concurrent.ThreadPoolTaskExecutor  : Shutting down ExecutorService 'applicationTaskExecutor'
2019-02-13 14:43:45.220  INFO 14360 --- [Thread-20] o.s.c.ehcache.EhCacheManagerFactoryBean  : Shutting down EhCache CacheManager
2019-02-13 14:43:45.241  INFO 14360 --- [Thread-20] com.alibaba.druid.pool.DruidDataSource   : {dataSource-3} closed
2019-02-13 14:43:45.675  INFO 14360 --- [restartedMain] com.jmonitor.JmonitorApplication         : Starting JmonitorApplication on DESKTOP-DBO4L4B with PID 14360 (F:\java\sts_workspace\Jmonitor\target\classes started by Administrator in F:\java\sts_workspace\Jmonitor)
2019-02-13 14:43:45.675  INFO 14360 --- [restartedMain] com.jmonitor.JmonitorApplication         : The following profiles are active: dev
2019-02-13 14:43:46.262  INFO 14360 --- [restartedMain] trationDelegate$BeanPostProcessorChecker : Bean 'com.alibaba.druid.spring.boot.autoconfigure.stat.DruidSpringAopConfiguration' of type [com.alibaba.druid.spring.boot.autoconfigure.stat.DruidSpringAopConfiguration] is not eligible for getting processed by all BeanPostProcessors (for example: not eligible for auto-proxying)
2019-02-13 14:43:46.276  INFO 14360 --- [restartedMain] trationDelegate$BeanPostProcessorChecker : Bean 'org.springframework.transaction.annotation.ProxyTransactionManagementConfiguration' of type [org.springframework.transaction.annotation.ProxyTransactionManagementConfiguration$$EnhancerBySpringCGLIB$$e54d396d] is not eligible for getting processed by all BeanPostProcessors (for example: not eligible for auto-proxying)
2019-02-13 14:43:46.283  INFO 14360 --- [restartedMain] trationDelegate$BeanPostProcessorChecker : Bean 'spring.datasource.druid-com.alibaba.druid.spring.boot.autoconfigure.properties.DruidStatProperties' of type [com.alibaba.druid.spring.boot.autoconfigure.properties.DruidStatProperties] is not eligible for getting processed by all BeanPostProcessors (for example: not eligible for auto-proxying)
2019-02-13 14:43:46.284  INFO 14360 --- [restartedMain] trationDelegate$BeanPostProcessorChecker : Bean 'advisor' of type [org.springframework.aop.support.RegexpMethodPointcutAdvisor] is not eligible for getting processed by all BeanPostProcessors (for example: not eligible for auto-proxying)
2019-02-13 14:43:46.390  INFO 14360 --- [restartedMain] o.s.b.w.embedded.tomcat.TomcatWebServer  : Tomcat initialized with port(s): 8080 (http)
2019-02-13 14:43:46.391  INFO 14360 --- [restartedMain] o.apache.catalina.core.StandardService   : Starting service [Tomcat]
2019-02-13 14:43:46.391  INFO 14360 --- [restartedMain] org.apache.catalina.core.StandardEngine  : Starting Servlet Engine: Apache Tomcat/9.0.13
2019-02-13 14:43:46.408  INFO 14360 --- [restartedMain] o.a.c.c.C.[Tomcat].[localhost].[/]       : Initializing Spring embedded WebApplicationContext
2019-02-13 14:43:46.409  INFO 14360 --- [restartedMain] o.s.web.context.ContextLoader            : Root WebApplicationContext: initialization completed in 731 ms
2019-02-13 14:43:46.814  INFO 14360 --- [restartedMain] c.a.d.s.b.a.DruidDataSourceAutoConfigure : Init DruidDataSource
2019-02-13 14:43:46.913  INFO 14360 --- [restartedMain] com.alibaba.druid.pool.DruidDataSource   : {dataSource-4} inited
2019-02-13 14:43:46.986  WARN 14360 --- [restartedMain] c.b.m.core.toolkit.TableInfoHelper       : Warn: Could not find @TableId in Class: com.jmonitor.modules.sys.entity.Loadbalancers.
2019-02-13 14:43:47.020  WARN 14360 --- [restartedMain] c.b.m.core.toolkit.TableInfoHelper       : Warn: Could not find @TableId in Class: com.jmonitor.modules.sys.entity.Pods.
2019-02-13 14:43:47.055  WARN 14360 --- [restartedMain] c.b.m.core.toolkit.TableInfoHelper       : Warn: Could not find @TableId in Class: com.jmonitor.modules.sys.entity.Servers.
2019-02-13 14:43:47.345  INFO 14360 --- [restartedMain] o.s.c.ehcache.EhCacheManagerFactoryBean  : Initializing EhCache CacheManager
2019-02-13 14:43:47.370  INFO 14360 --- [restartedMain] pertySourcedRequestMappingHandlerMapping : Mapped URL path [/v2/api-docs] onto method [public org.springframework.http.ResponseEntity<springfox.documentation.spring.web.json.Json> springfox.documentation.swagger2.web.Swagger2Controller.getDocumentation(java.lang.String,javax.servlet.http.HttpServletRequest)]
2019-02-13 14:43:47.430  INFO 14360 --- [restartedMain] o.s.s.concurrent.ThreadPoolTaskExecutor  : Initializing ExecutorService 'applicationTaskExecutor'
2019-02-13 14:43:47.445  INFO 14360 --- [restartedMain] o.s.b.d.a.OptionalLiveReloadServer       : LiveReload server is running on port 35729
2019-02-13 14:43:47.562  INFO 14360 --- [restartedMain] d.s.w.p.DocumentationPluginsBootstrapper : Context refreshed
2019-02-13 14:43:47.564  INFO 14360 --- [restartedMain] d.s.w.p.DocumentationPluginsBootstrapper : Found 1 custom documentation plugin(s)
2019-02-13 14:43:47.570  INFO 14360 --- [restartedMain] s.d.s.w.s.ApiListingReferenceScanner     : Scanning for api listing references
2019-02-13 14:43:47.604  INFO 14360 --- [restartedMain] o.s.b.w.embedded.tomcat.TomcatWebServer  : Tomcat started on port(s): 8080 (http) with context path ''
2019-02-13 14:43:47.604  INFO 14360 --- [restartedMain] com.jmonitor.JmonitorApplication         : Started JmonitorApplication in 1.974 seconds (JVM running for 15742.837)
2019-02-13 14:43:47.608  INFO 14360 --- [restartedMain] .ConditionEvaluationDeltaLoggingListener : Condition evaluation unchanged
2019-02-13 14:43:51.830  INFO 14360 --- [http-nio-8080-exec-1] o.a.c.c.C.[Tomcat].[localhost].[/]       : Initializing Spring DispatcherServlet 'dispatcherServlet'
2019-02-13 14:43:51.831  INFO 14360 --- [http-nio-8080-exec-1] o.s.web.servlet.DispatcherServlet        : Initializing Servlet 'dispatcherServlet'
2019-02-13 14:43:51.840  INFO 14360 --- [http-nio-8080-exec-1] o.s.web.servlet.DispatcherServlet        : Completed initialization in 9 ms
2019-02-13 14:43:51.878  INFO 14360 --- [http-nio-8080-exec-1] c.j.m.sys.service.impl.LayerServiceImpl  : 调用开始
2019-02-13 14:47:51.224  INFO 14360 --- [http-nio-8080-exec-4] c.j.m.sys.service.impl.LayerServiceImpl  : 调用开始
2019-02-13 14:50:17.793  INFO 14360 --- [http-nio-8080-exec-5] c.j.m.sys.service.impl.LayerServiceImpl  : 调用开始
2019-02-13 14:50:54.696  INFO 14360 --- [http-nio-8080-exec-7] c.j.m.sys.service.impl.LayerServiceImpl  : 调用开始
2019-02-13 14:54:28.332  INFO 14360 --- [http-nio-8080-exec-9] c.j.m.sys.service.impl.LayerServiceImpl  : 调用开始
2019-02-13 14:55:35.443  INFO 14360 --- [Thread-29] o.s.s.concurrent.ThreadPoolTaskExecutor  : Shutting down ExecutorService 'applicationTaskExecutor'
2019-02-13 14:55:35.443  INFO 14360 --- [Thread-29] o.s.c.ehcache.EhCacheManagerFactoryBean  : Shutting down EhCache CacheManager
2019-02-13 14:55:35.455  INFO 14360 --- [Thread-29] com.alibaba.druid.pool.DruidDataSource   : {dataSource-4} closed
2019-02-13 14:55:35.826  INFO 14360 --- [restartedMain] com.jmonitor.JmonitorApplication         : Starting JmonitorApplication on DESKTOP-DBO4L4B with PID 14360 (F:\java\sts_workspace\Jmonitor\target\classes started by Administrator in F:\java\sts_workspace\Jmonitor)
2019-02-13 14:55:35.826  INFO 14360 --- [restartedMain] com.jmonitor.JmonitorApplication         : The following profiles are active: dev
2019-02-13 14:55:36.547  INFO 14360 --- [restartedMain] trationDelegate$BeanPostProcessorChecker : Bean 'com.alibaba.druid.spring.boot.autoconfigure.stat.DruidSpringAopConfiguration' of type [com.alibaba.druid.spring.boot.autoconfigure.stat.DruidSpringAopConfiguration] is not eligible for getting processed by all BeanPostProcessors (for example: not eligible for auto-proxying)
2019-02-13 14:55:36.560  INFO 14360 --- [restartedMain] trationDelegate$BeanPostProcessorChecker : Bean 'org.springframework.transaction.annotation.ProxyTransactionManagementConfiguration' of type [org.springframework.transaction.annotation.ProxyTransactionManagementConfiguration$$EnhancerBySpringCGLIB$$e54d396d] is not eligible for getting processed by all BeanPostProcessors (for example: not eligible for auto-proxying)
2019-02-13 14:55:36.564  INFO 14360 --- [restartedMain] trationDelegate$BeanPostProcessorChecker : Bean 'spring.datasource.druid-com.alibaba.druid.spring.boot.autoconfigure.properties.DruidStatProperties' of type [com.alibaba.druid.spring.boot.autoconfigure.properties.DruidStatProperties] is not eligible for getting processed by all BeanPostProcessors (for example: not eligible for auto-proxying)
2019-02-13 14:55:36.564  INFO 14360 --- [restartedMain] trationDelegate$BeanPostProcessorChecker : Bean 'advisor' of type [org.springframework.aop.support.RegexpMethodPointcutAdvisor] is not eligible for getting processed by all BeanPostProcessors (for example: not eligible for auto-proxying)
2019-02-13 14:55:36.648  INFO 14360 --- [restartedMain] o.s.b.w.embedded.tomcat.TomcatWebServer  : Tomcat initialized with port(s): 8080 (http)
2019-02-13 14:55:36.649  INFO 14360 --- [restartedMain] o.apache.catalina.core.StandardService   : Starting service [Tomcat]
2019-02-13 14:55:36.650  INFO 14360 --- [restartedMain] org.apache.catalina.core.StandardEngine  : Starting Servlet Engine: Apache Tomcat/9.0.13
2019-02-13 14:55:36.666  INFO 14360 --- [restartedMain] o.a.c.c.C.[Tomcat].[localhost].[/]       : Initializing Spring embedded WebApplicationContext
2019-02-13 14:55:36.666  INFO 14360 --- [restartedMain] o.s.web.context.ContextLoader            : Root WebApplicationContext: initialization completed in 836 ms
2019-02-13 14:55:36.838  INFO 14360 --- [restartedMain] c.a.d.s.b.a.DruidDataSourceAutoConfigure : Init DruidDataSource
2019-02-13 14:55:36.917  INFO 14360 --- [restartedMain] com.alibaba.druid.pool.DruidDataSource   : {dataSource-5} inited
2019-02-13 14:55:36.981  WARN 14360 --- [restartedMain] c.b.m.core.toolkit.TableInfoHelper       : Warn: Could not find @TableId in Class: com.jmonitor.modules.sys.entity.Loadbalancers.
2019-02-13 14:55:37.007  WARN 14360 --- [restartedMain] c.b.m.core.toolkit.TableInfoHelper       : Warn: Could not find @TableId in Class: com.jmonitor.modules.sys.entity.Pods.
2019-02-13 14:55:37.036  WARN 14360 --- [restartedMain] c.b.m.core.toolkit.TableInfoHelper       : Warn: Could not find @TableId in Class: com.jmonitor.modules.sys.entity.Servers.
2019-02-13 14:55:37.326  INFO 14360 --- [restartedMain] o.s.c.ehcache.EhCacheManagerFactoryBean  : Initializing EhCache CacheManager
2019-02-13 14:55:37.347  INFO 14360 --- [restartedMain] pertySourcedRequestMappingHandlerMapping : Mapped URL path [/v2/api-docs] onto method [public org.springframework.http.ResponseEntity<springfox.documentation.spring.web.json.Json> springfox.documentation.swagger2.web.Swagger2Controller.getDocumentation(java.lang.String,javax.servlet.http.HttpServletRequest)]
2019-02-13 14:55:37.400  INFO 14360 --- [restartedMain] o.s.s.concurrent.ThreadPoolTaskExecutor  : Initializing ExecutorService 'applicationTaskExecutor'
2019-02-13 14:55:37.413  INFO 14360 --- [restartedMain] o.s.b.d.a.OptionalLiveReloadServer       : LiveReload server is running on port 35729
2019-02-13 14:55:37.523  INFO 14360 --- [restartedMain] d.s.w.p.DocumentationPluginsBootstrapper : Context refreshed
2019-02-13 14:55:37.523  INFO 14360 --- [restartedMain] d.s.w.p.DocumentationPluginsBootstrapper : Found 1 custom documentation plugin(s)
2019-02-13 14:55:37.528  INFO 14360 --- [restartedMain] s.d.s.w.s.ApiListingReferenceScanner     : Scanning for api listing references
2019-02-13 14:55:37.560  INFO 14360 --- [restartedMain] o.s.b.w.embedded.tomcat.TomcatWebServer  : Tomcat started on port(s): 8080 (http) with context path ''
2019-02-13 14:55:37.562  INFO 14360 --- [restartedMain] com.jmonitor.JmonitorApplication         : Started JmonitorApplication in 1.79 seconds (JVM running for 16452.793)
2019-02-13 14:55:37.565  INFO 14360 --- [restartedMain] .ConditionEvaluationDeltaLoggingListener : Condition evaluation unchanged
2019-02-13 14:55:47.568  INFO 14360 --- [http-nio-8080-exec-1] o.a.c.c.C.[Tomcat].[localhost].[/]       : Initializing Spring DispatcherServlet 'dispatcherServlet'
2019-02-13 14:55:47.575  INFO 14360 --- [http-nio-8080-exec-1] o.s.web.servlet.DispatcherServlet        : Initializing Servlet 'dispatcherServlet'
2019-02-13 14:55:47.583  INFO 14360 --- [http-nio-8080-exec-1] o.s.web.servlet.DispatcherServlet        : Completed initialization in 7 ms
2019-02-13 14:55:47.602  INFO 14360 --- [http-nio-8080-exec-1] c.j.m.sys.service.impl.LayerServiceImpl  : 调用开始
2019-02-13 14:56:47.257  INFO 14360 --- [http-nio-8080-exec-3] c.j.m.sys.service.impl.LayerServiceImpl  : 调用开始
2019-02-13 14:56:49.864  INFO 14360 --- [Thread-37] o.s.s.concurrent.ThreadPoolTaskExecutor  : Shutting down ExecutorService 'applicationTaskExecutor'
2019-02-13 14:56:49.865  INFO 14360 --- [Thread-37] o.s.c.ehcache.EhCacheManagerFactoryBean  : Shutting down EhCache CacheManager
2019-02-13 14:56:49.880  INFO 14360 --- [Thread-37] com.alibaba.druid.pool.DruidDataSource   : {dataSource-5} closed
2019-02-13 14:56:50.202  INFO 14360 --- [restartedMain] com.jmonitor.JmonitorApplication         : Starting JmonitorApplication on DESKTOP-DBO4L4B with PID 14360 (F:\java\sts_workspace\Jmonitor\target\classes started by Administrator in F:\java\sts_workspace\Jmonitor)
2019-02-13 14:56:50.203  INFO 14360 --- [restartedMain] com.jmonitor.JmonitorApplication         : The following profiles are active: dev
2019-02-13 14:56:50.671  INFO 14360 --- [restartedMain] trationDelegate$BeanPostProcessorChecker : Bean 'com.alibaba.druid.spring.boot.autoconfigure.stat.DruidSpringAopConfiguration' of type [com.alibaba.druid.spring.boot.autoconfigure.stat.DruidSpringAopConfiguration] is not eligible for getting processed by all BeanPostProcessors (for example: not eligible for auto-proxying)
2019-02-13 14:56:50.684  INFO 14360 --- [restartedMain] trationDelegate$BeanPostProcessorChecker : Bean 'org.springframework.transaction.annotation.ProxyTransactionManagementConfiguration' of type [org.springframework.transaction.annotation.ProxyTransactionManagementConfiguration$$EnhancerBySpringCGLIB$$e54d396d] is not eligible for getting processed by all BeanPostProcessors (for example: not eligible for auto-proxying)
2019-02-13 14:56:50.688  INFO 14360 --- [restartedMain] trationDelegate$BeanPostProcessorChecker : Bean 'spring.datasource.druid-com.alibaba.druid.spring.boot.autoconfigure.properties.DruidStatProperties' of type [com.alibaba.druid.spring.boot.autoconfigure.properties.DruidStatProperties] is not eligible for getting processed by all BeanPostProcessors (for example: not eligible for auto-proxying)
2019-02-13 14:56:50.689  INFO 14360 --- [restartedMain] trationDelegate$BeanPostProcessorChecker : Bean 'advisor' of type [org.springframework.aop.support.RegexpMethodPointcutAdvisor] is not eligible for getting processed by all BeanPostProcessors (for example: not eligible for auto-proxying)
2019-02-13 14:56:50.766  INFO 14360 --- [restartedMain] o.s.b.w.embedded.tomcat.TomcatWebServer  : Tomcat initialized with port(s): 8080 (http)
2019-02-13 14:56:50.766  INFO 14360 --- [restartedMain] o.apache.catalina.core.StandardService   : Starting service [Tomcat]
2019-02-13 14:56:50.767  INFO 14360 --- [restartedMain] org.apache.catalina.core.StandardEngine  : Starting Servlet Engine: Apache Tomcat/9.0.13
2019-02-13 14:56:50.781  INFO 14360 --- [restartedMain] o.a.c.c.C.[Tomcat].[localhost].[/]       : Initializing Spring embedded WebApplicationContext
2019-02-13 14:56:50.781  INFO 14360 --- [restartedMain] o.s.web.context.ContextLoader            : Root WebApplicationContext: initialization completed in 575 ms
2019-02-13 14:56:50.838  INFO 14360 --- [restartedMain] c.a.d.s.b.a.DruidDataSourceAutoConfigure : Init DruidDataSource
2019-02-13 14:56:50.916  INFO 14360 --- [restartedMain] com.alibaba.druid.pool.DruidDataSource   : {dataSource-6} inited
2019-02-13 14:56:50.981  WARN 14360 --- [restartedMain] c.b.m.core.toolkit.TableInfoHelper       : Warn: Could not find @TableId in Class: com.jmonitor.modules.sys.entity.Loadbalancers.
2019-02-13 14:56:51.009  WARN 14360 --- [restartedMain] c.b.m.core.toolkit.TableInfoHelper       : Warn: Could not find @TableId in Class: com.jmonitor.modules.sys.entity.Pods.
2019-02-13 14:56:51.038  WARN 14360 --- [restartedMain] c.b.m.core.toolkit.TableInfoHelper       : Warn: Could not find @TableId in Class: com.jmonitor.modules.sys.entity.Servers.
2019-02-13 14:56:51.329  INFO 14360 --- [restartedMain] o.s.c.ehcache.EhCacheManagerFactoryBean  : Initializing EhCache CacheManager
2019-02-13 14:56:51.368  INFO 14360 --- [restartedMain] o.s.b.d.a.OptionalLiveReloadServer       : LiveReload server is running on port 35729
2019-02-13 14:56:51.390  INFO 14360 --- [restartedMain] pertySourcedRequestMappingHandlerMapping : Mapped URL path [/v2/api-docs] onto method [public org.springframework.http.ResponseEntity<springfox.documentation.spring.web.json.Json> springfox.documentation.swagger2.web.Swagger2Controller.getDocumentation(java.lang.String,javax.servlet.http.HttpServletRequest)]
2019-02-13 14:56:51.513  INFO 14360 --- [restartedMain] d.s.w.p.DocumentationPluginsBootstrapper : Context refreshed
2019-02-13 14:56:51.514  INFO 14360 --- [restartedMain] d.s.w.p.DocumentationPluginsBootstrapper : Found 1 custom documentation plugin(s)
2019-02-13 14:56:51.519  INFO 14360 --- [restartedMain] s.d.s.w.s.ApiListingReferenceScanner     : Scanning for api listing references
2019-02-13 14:56:51.550  INFO 14360 --- [restartedMain] o.s.b.w.embedded.tomcat.TomcatWebServer  : Tomcat started on port(s): 8080 (http) with context path ''
2019-02-13 14:56:51.552  INFO 14360 --- [restartedMain] com.jmonitor.JmonitorApplication         : Started JmonitorApplication in 1.387 seconds (JVM running for 16526.783)
2019-02-13 14:56:51.559  INFO 14360 --- [restartedMain] .ConditionEvaluationDeltaLoggingListener : Condition evaluation delta:


==========================
CONDITION EVALUATION DELTA
==========================


Positive matches:
-----------------

    None


Negative matches:
-----------------

   WebMvcAutoConfiguration:
      Did not match:
         - @ConditionalOnMissingBean (types: org.springframework.web.servlet.config.annotation.WebMvcConfigurationSupport; SearchStrategy: all) found beans of type 'org.springframework.web.servlet.config.annotation.WebMvcConfigurationSupport' myCorsConfiguration (OnBeanCondition)
      Matched:
         - @ConditionalOnClass found required classes 'javax.servlet.Servlet', 'org.springframework.web.servlet.DispatcherServlet', 'org.springframework.web.servlet.config.annotation.WebMvcConfigurer' (OnClassCondition)
         - found 'session' scope (OnWebApplicationCondition)

   WebMvcAutoConfiguration.WebMvcAutoConfigurationAdapter.FaviconConfiguration:
      Did not match:
         - Ancestor org.springframework.boot.autoconfigure.web.servlet.WebMvcAutoConfiguration did not match (ConditionEvaluationReport.AncestorsMatchedCondition)
      Matched:
         - @ConditionalOnProperty (spring.mvc.favicon.enabled) matched (OnPropertyCondition)


Exclusions:
-----------

    None


Unconditional classes:
----------------------

    None



2019-02-13 14:57:03.948  INFO 14360 --- [http-nio-8080-exec-2] o.a.c.c.C.[Tomcat].[localhost].[/]       : Initializing Spring DispatcherServlet 'dispatcherServlet'
2019-02-13 14:57:03.949  INFO 14360 --- [http-nio-8080-exec-2] o.s.web.servlet.DispatcherServlet        : Initializing Servlet 'dispatcherServlet'
2019-02-13 14:57:03.955  INFO 14360 --- [http-nio-8080-exec-2] o.s.web.servlet.DispatcherServlet        : Completed initialization in 6 ms
2019-02-13 14:57:06.764  INFO 14360 --- [http-nio-8080-exec-1] c.j.m.sys.service.impl.LayerServiceImpl  : 调用开始
2019-02-13 14:57:07.409  INFO 14360 --- [http-nio-8080-exec-3] c.j.m.sys.service.impl.LayerServiceImpl  : 调用开始
2019-02-13 14:57:37.858  INFO 14360 --- [http-nio-8080-exec-7] c.j.m.sys.service.impl.LayerServiceImpl  : 调用开始
2019-02-13 14:57:40.956  INFO 14360 --- [http-nio-8080-exec-11] c.j.m.sys.service.impl.LayerServiceImpl  : 调用开始
2019-02-13 14:58:07.644  INFO 14360 --- [http-nio-8080-exec-15] c.j.m.sys.service.impl.LayerServiceImpl  : 调用开始
2019-02-13 14:58:39.987  INFO 14360 --- [http-nio-8080-exec-18] c.j.m.sys.service.impl.LayerServiceImpl  : 调用开始
2019-02-13 14:58:56.118  INFO 14360 --- [http-nio-8080-exec-24] c.j.m.sys.service.impl.LayerServiceImpl  : 调用开始
2019-02-13 14:59:50.539  INFO 14360 --- [http-nio-8080-exec-21] c.j.m.sys.service.impl.LayerServiceImpl  : 调用开始
2019-02-13 14:59:50.573  INFO 14360 --- [http-nio-8080-exec-21] c.j.m.sys.service.impl.LayerServiceImpl  : 该规则下没有对应服务器或容器，规则name为：viewer实例
2019-02-13 14:59:50.717  WARN 14360 --- [http-nio-8080-exec-25] o.s.web.servlet.PageNotFound             : No mapping for GET /favicon.ico
2019-02-13 15:00:10.779  INFO 14360 --- [http-nio-8080-exec-19] c.j.m.sys.service.impl.LayerServiceImpl  : 调用开始
2019-02-13 15:00:10.839  INFO 14360 --- [http-nio-8080-exec-19] c.j.m.sys.service.impl.LayerServiceImpl  : 该规则下没有对应服务器或容器，规则name为：viewer实例
2019-02-13 15:00:54.556  INFO 14360 --- [http-nio-8080-exec-29] c.j.m.sys.service.impl.LayerServiceImpl  : 调用开始
2019-02-13 15:02:45.548  INFO 14360 --- [http-nio-8080-exec-28] c.j.m.sys.service.impl.LayerServiceImpl  : 调用开始
2019-02-13 15:02:57.728  INFO 14360 --- [http-nio-8080-exec-2] c.j.m.sys.service.impl.LayerServiceImpl  : 调用开始
2019-02-13 15:03:26.905  INFO 14360 --- [http-nio-8080-exec-3] c.j.m.sys.service.impl.LayerServiceImpl  : 调用开始
2019-02-13 15:03:33.222  INFO 14360 --- [http-nio-8080-exec-4] c.j.m.sys.service.impl.LayerServiceImpl  : 调用开始
2019-02-13 15:04:01.554  INFO 14360 --- [http-nio-8080-exec-14] c.j.m.sys.service.impl.LayerServiceImpl  : 调用开始
2019-02-13 15:04:34.081  INFO 14360 --- [Thread-45] o.s.c.ehcache.EhCacheManagerFactoryBean  : Shutting down EhCache CacheManager
2019-02-13 15:04:34.092  INFO 14360 --- [Thread-45] com.alibaba.druid.pool.DruidDataSource   : {dataSource-6} closed
2019-02-13 15:04:34.465  INFO 14360 --- [restartedMain] com.jmonitor.JmonitorApplication         : Starting JmonitorApplication on DESKTOP-DBO4L4B with PID 14360 (F:\java\sts_workspace\Jmonitor\target\classes started by Administrator in F:\java\sts_workspace\Jmonitor)
2019-02-13 15:04:34.466  INFO 14360 --- [restartedMain] com.jmonitor.JmonitorApplication         : The following profiles are active: dev
2019-02-13 15:04:34.952  INFO 14360 --- [restartedMain] trationDelegate$BeanPostProcessorChecker : Bean 'com.alibaba.druid.spring.boot.autoconfigure.stat.DruidSpringAopConfiguration' of type [com.alibaba.druid.spring.boot.autoconfigure.stat.DruidSpringAopConfiguration] is not eligible for getting processed by all BeanPostProcessors (for example: not eligible for auto-proxying)
2019-02-13 15:04:34.965  INFO 14360 --- [restartedMain] trationDelegate$BeanPostProcessorChecker : Bean 'org.springframework.transaction.annotation.ProxyTransactionManagementConfiguration' of type [org.springframework.transaction.annotation.ProxyTransactionManagementConfiguration$$EnhancerBySpringCGLIB$$e54d396d] is not eligible for getting processed by all BeanPostProcessors (for example: not eligible for auto-proxying)
2019-02-13 15:04:34.969  INFO 14360 --- [restartedMain] trationDelegate$BeanPostProcessorChecker : Bean 'spring.datasource.druid-com.alibaba.druid.spring.boot.autoconfigure.properties.DruidStatProperties' of type [com.alibaba.druid.spring.boot.autoconfigure.properties.DruidStatProperties] is not eligible for getting processed by all BeanPostProcessors (for example: not eligible for auto-proxying)
2019-02-13 15:04:34.969  INFO 14360 --- [restartedMain] trationDelegate$BeanPostProcessorChecker : Bean 'advisor' of type [org.springframework.aop.support.RegexpMethodPointcutAdvisor] is not eligible for getting processed by all BeanPostProcessors (for example: not eligible for auto-proxying)
2019-02-13 15:04:35.043  INFO 14360 --- [restartedMain] o.s.b.w.embedded.tomcat.TomcatWebServer  : Tomcat initialized with port(s): 8080 (http)
2019-02-13 15:04:35.044  INFO 14360 --- [restartedMain] o.apache.catalina.core.StandardService   : Starting service [Tomcat]
2019-02-13 15:04:35.044  INFO 14360 --- [restartedMain] org.apache.catalina.core.StandardEngine  : Starting Servlet Engine: Apache Tomcat/9.0.13
2019-02-13 15:04:35.059  INFO 14360 --- [restartedMain] o.a.c.c.C.[Tomcat].[localhost].[/]       : Initializing Spring embedded WebApplicationContext
2019-02-13 15:04:35.059  INFO 14360 --- [restartedMain] o.s.web.context.ContextLoader            : Root WebApplicationContext: initialization completed in 591 ms
2019-02-13 15:04:35.126  INFO 14360 --- [restartedMain] c.a.d.s.b.a.DruidDataSourceAutoConfigure : Init DruidDataSource
2019-02-13 15:04:35.202  INFO 14360 --- [restartedMain] com.alibaba.druid.pool.DruidDataSource   : {dataSource-7} inited
2019-02-13 15:04:35.263  WARN 14360 --- [restartedMain] c.b.m.core.toolkit.TableInfoHelper       : Warn: Could not find @TableId in Class: com.jmonitor.modules.sys.entity.Loadbalancers.
2019-02-13 15:04:35.286  WARN 14360 --- [restartedMain] c.b.m.core.toolkit.TableInfoHelper       : Warn: Could not find @TableId in Class: com.jmonitor.modules.sys.entity.Pods.
2019-02-13 15:04:35.313  WARN 14360 --- [restartedMain] c.b.m.core.toolkit.TableInfoHelper       : Warn: Could not find @TableId in Class: com.jmonitor.modules.sys.entity.Servers.
2019-02-13 15:04:35.582  INFO 14360 --- [restartedMain] o.s.c.ehcache.EhCacheManagerFactoryBean  : Initializing EhCache CacheManager
2019-02-13 15:04:35.621  INFO 14360 --- [restartedMain] o.s.b.d.a.OptionalLiveReloadServer       : LiveReload server is running on port 35729
2019-02-13 15:04:35.643  INFO 14360 --- [restartedMain] pertySourcedRequestMappingHandlerMapping : Mapped URL path [/v2/api-docs] onto method [public org.springframework.http.ResponseEntity<springfox.documentation.spring.web.json.Json> springfox.documentation.swagger2.web.Swagger2Controller.getDocumentation(java.lang.String,javax.servlet.http.HttpServletRequest)]
2019-02-13 15:04:35.766  INFO 14360 --- [restartedMain] d.s.w.p.DocumentationPluginsBootstrapper : Context refreshed
2019-02-13 15:04:35.767  INFO 14360 --- [restartedMain] d.s.w.p.DocumentationPluginsBootstrapper : Found 1 custom documentation plugin(s)
2019-02-13 15:04:35.771  INFO 14360 --- [restartedMain] s.d.s.w.s.ApiListingReferenceScanner     : Scanning for api listing references
2019-02-13 15:04:35.799  INFO 14360 --- [restartedMain] o.s.b.w.embedded.tomcat.TomcatWebServer  : Tomcat started on port(s): 8080 (http) with context path ''
2019-02-13 15:04:35.800  INFO 14360 --- [restartedMain] com.jmonitor.JmonitorApplication         : Started JmonitorApplication in 1.372 seconds (JVM running for 16991.032)
2019-02-13 15:04:35.802  INFO 14360 --- [restartedMain] .ConditionEvaluationDeltaLoggingListener : Condition evaluation unchanged
2019-02-13 15:04:41.684  INFO 14360 --- [http-nio-8080-exec-2] o.a.c.c.C.[Tomcat].[localhost].[/]       : Initializing Spring DispatcherServlet 'dispatcherServlet'
2019-02-13 15:04:41.686  INFO 14360 --- [http-nio-8080-exec-2] o.s.web.servlet.DispatcherServlet        : Initializing Servlet 'dispatcherServlet'
2019-02-13 15:04:41.691  INFO 14360 --- [http-nio-8080-exec-2] o.s.web.servlet.DispatcherServlet        : Completed initialization in 4 ms
2019-02-13 15:05:55.675  INFO 14360 --- [http-nio-8080-exec-3] c.j.m.sys.service.impl.LayerServiceImpl  : 调用开始
2019-02-13 15:06:23.418  INFO 14360 --- [http-nio-8080-exec-5] c.j.m.sys.service.impl.LayerServiceImpl  : 调用开始
2019-02-13 15:06:39.502  INFO 14360 --- [http-nio-8080-exec-9] c.j.m.sys.service.impl.LayerServiceImpl  : 调用开始
2019-02-13 15:15:53.771  INFO 14360 --- [http-nio-8080-exec-12] c.j.m.sys.service.impl.LayerServiceImpl  : 调用开始
2019-02-13 15:15:53.919  INFO 14360 --- [http-nio-8080-exec-14] c.j.m.sys.service.impl.LayerServiceImpl  : 调用开始
2019-02-13 15:25:59.866  INFO 14360 --- [http-nio-8080-exec-18] c.j.m.sys.service.impl.LayerServiceImpl  : 调用开始
2019-02-13 15:28:27.162  INFO 14360 --- [RMI TCP Connection(49)-127.0.0.1] inMXBeanRegistrar$SpringApplicationAdmin : Application shutdown requested.
2019-02-13 15:28:27.166  INFO 14360 --- [RMI TCP Connection(49)-127.0.0.1] o.s.c.ehcache.EhCacheManagerFactoryBean  : Shutting down EhCache CacheManager
2019-02-13 15:28:27.189  INFO 14360 --- [RMI TCP Connection(49)-127.0.0.1] com.alibaba.druid.pool.DruidDataSource   : {dataSource-7} closed
2019-02-13 15:42:42.090  INFO 1304 --- [restartedMain] com.jmonitor.JmonitorApplication         : Starting JmonitorApplication on DESKTOP-DBO4L4B with PID 1304 (F:\java\sts_workspace\Jmonitor\target\classes started by Administrator in F:\java\sts_workspace\Jmonitor)
2019-02-13 15:42:42.094  INFO 1304 --- [restartedMain] com.jmonitor.JmonitorApplication         : The following profiles are active: dev
2019-02-13 15:42:42.134  INFO 1304 --- [restartedMain] .e.DevToolsPropertyDefaultsPostProcessor : Devtools property defaults active! Set 'spring.devtools.add-properties' to 'false' to disable
2019-02-13 15:42:42.135  INFO 1304 --- [restartedMain] .e.DevToolsPropertyDefaultsPostProcessor : For additional web related logging consider setting the 'logging.level.web' property to 'DEBUG'
2019-02-13 15:42:43.264  INFO 1304 --- [restartedMain] trationDelegate$BeanPostProcessorChecker : Bean 'com.alibaba.druid.spring.boot.autoconfigure.stat.DruidSpringAopConfiguration' of type [com.alibaba.druid.spring.boot.autoconfigure.stat.DruidSpringAopConfiguration] is not eligible for getting processed by all BeanPostProcessors (for example: not eligible for auto-proxying)
2019-02-13 15:42:43.305  INFO 1304 --- [restartedMain] trationDelegate$BeanPostProcessorChecker : Bean 'org.springframework.transaction.annotation.ProxyTransactionManagementConfiguration' of type [org.springframework.transaction.annotation.ProxyTransactionManagementConfiguration$$EnhancerBySpringCGLIB$$73ea403] is not eligible for getting processed by all BeanPostProcessors (for example: not eligible for auto-proxying)
2019-02-13 15:42:43.344  INFO 1304 --- [restartedMain] trationDelegate$BeanPostProcessorChecker : Bean 'spring.datasource.druid-com.alibaba.druid.spring.boot.autoconfigure.properties.DruidStatProperties' of type [com.alibaba.druid.spring.boot.autoconfigure.properties.DruidStatProperties] is not eligible for getting processed by all BeanPostProcessors (for example: not eligible for auto-proxying)
2019-02-13 15:42:43.350  INFO 1304 --- [restartedMain] trationDelegate$BeanPostProcessorChecker : Bean 'advisor' of type [org.springframework.aop.support.RegexpMethodPointcutAdvisor] is not eligible for getting processed by all BeanPostProcessors (for example: not eligible for auto-proxying)
2019-02-13 15:42:43.691  INFO 1304 --- [restartedMain] o.s.b.w.embedded.tomcat.TomcatWebServer  : Tomcat initialized with port(s): 8080 (http)
2019-02-13 15:42:43.711  INFO 1304 --- [restartedMain] o.apache.catalina.core.StandardService   : Starting service [Tomcat]
2019-02-13 15:42:43.711  INFO 1304 --- [restartedMain] org.apache.catalina.core.StandardEngine  : Starting Servlet Engine: Apache Tomcat/9.0.13
2019-02-13 15:42:43.719  INFO 1304 --- [restartedMain] o.a.catalina.core.AprLifecycleListener   : The APR based Apache Tomcat Native library which allows optimal performance in production environments was not found on the java.library.path: [D:\Program Development\Java\jdk1.8.0_191\bin;C:\WINDOWS\Sun\Java\bin;C:\WINDOWS\system32;C:\WINDOWS;D:\Program Development\Java\jdk1.8.0_191\jre\bin;D:/Program Development/Java/jre1.8.0_191/bin/server;D:/Program Development/Java/jre1.8.0_191/bin;D:/Program Development/Java/jre1.8.0_191/lib/amd64;C:\Program Files\VanDyke Software\Clients\;C:\Program Files (x86)\Common Files\Oracle\Java\javapath;C:\Program Files (x86)\Intel\Intel(R) Management Engine Components\iCLS\;C:\Program Files\Intel\Intel(R) Management Engine Components\iCLS\;C:\WINDOWS\system32;C:\WINDOWS;C:\WINDOWS\System32\Wbem;C:\WINDOWS\System32\WindowsPowerShell\v1.0\;C:\Program Files\Intel\WiFi\bin\;C:\Program Files\Common Files\Intel\WirelessCommon\;C:\Program Files (x86)\Intel\Intel(R) Management Engine Components\DAL;C:\Program Files\Intel\Intel(R) Management Engine Components\DAL;C:\Program Files (x86)\Intel\Intel(R) Management Engine Components\IPT;C:\Program Files\Intel\Intel(R) Management Engine Components\IPT;D:\Program Development\maven\apache-maven-3.6.0\bin;D:\Program Files\Git\cmd;C:\Program Files\MySQL\MySQL Server 5.7\bin;C:\Users\Administrator\AppData\Local\Microsoft\WindowsApps;;D:\Program Development\sts\sts-4.0.2.RELEASE;;.]
2019-02-13 15:42:43.817  INFO 1304 --- [restartedMain] o.a.c.c.C.[Tomcat].[localhost].[/]       : Initializing Spring embedded WebApplicationContext
2019-02-13 15:42:43.818  INFO 1304 --- [restartedMain] o.s.web.context.ContextLoader            : Root WebApplicationContext: initialization completed in 1682 ms
2019-02-13 15:42:44.136  INFO 1304 --- [restartedMain] c.a.d.s.b.a.DruidDataSourceAutoConfigure : Init DruidDataSource
2019-02-13 15:42:44.397  INFO 1304 --- [restartedMain] com.alibaba.druid.pool.DruidDataSource   : {dataSource-1} inited
2019-02-13 15:42:44.644  WARN 1304 --- [restartedMain] c.b.m.core.toolkit.TableInfoHelper       : Warn: Could not find @TableId in Class: com.jmonitor.modules.sys.entity.Loadbalancers.
2019-02-13 15:42:44.681  WARN 1304 --- [restartedMain] c.b.m.core.toolkit.TableInfoHelper       : Warn: Could not find @TableId in Class: com.jmonitor.modules.sys.entity.Pods.
2019-02-13 15:42:44.717  WARN 1304 --- [restartedMain] c.b.m.core.toolkit.TableInfoHelper       : Warn: Could not find @TableId in Class: com.jmonitor.modules.sys.entity.Servers.
2019-02-13 15:42:45.494  INFO 1304 --- [restartedMain] o.s.c.ehcache.EhCacheManagerFactoryBean  : Initializing EhCache CacheManager
2019-02-13 15:42:45.713  INFO 1304 --- [restartedMain] o.s.b.d.a.OptionalLiveReloadServer       : LiveReload server is running on port 35729
2019-02-13 15:42:45.766  INFO 1304 --- [restartedMain] pertySourcedRequestMappingHandlerMapping : Mapped URL path [/v2/api-docs] onto method [public org.springframework.http.ResponseEntity<springfox.documentation.spring.web.json.Json> springfox.documentation.swagger2.web.Swagger2Controller.getDocumentation(java.lang.String,javax.servlet.http.HttpServletRequest)]
2019-02-13 15:42:45.987  INFO 1304 --- [restartedMain] d.s.w.p.DocumentationPluginsBootstrapper : Context refreshed
2019-02-13 15:42:46.009  INFO 1304 --- [restartedMain] d.s.w.p.DocumentationPluginsBootstrapper : Found 1 custom documentation plugin(s)
2019-02-13 15:42:46.045  INFO 1304 --- [restartedMain] s.d.s.w.s.ApiListingReferenceScanner     : Scanning for api listing references
2019-02-13 15:42:46.229  INFO 1304 --- [restartedMain] o.s.b.w.embedded.tomcat.TomcatWebServer  : Tomcat started on port(s): 8080 (http) with context path ''
2019-02-13 15:42:46.233  INFO 1304 --- [restartedMain] com.jmonitor.JmonitorApplication         : Started JmonitorApplication in 4.63 seconds (JVM running for 5.459)
2019-02-13 15:51:26.614  INFO 1304 --- [http-nio-8080-exec-1] o.a.c.c.C.[Tomcat].[localhost].[/]       : Initializing Spring DispatcherServlet 'dispatcherServlet'
2019-02-13 15:51:26.615  INFO 1304 --- [http-nio-8080-exec-1] o.s.web.servlet.DispatcherServlet        : Initializing Servlet 'dispatcherServlet'
2019-02-13 15:51:26.629  INFO 1304 --- [http-nio-8080-exec-1] o.s.web.servlet.DispatcherServlet        : Completed initialization in 14 ms
2019-02-13 15:51:26.666  INFO 1304 --- [http-nio-8080-exec-1] c.j.m.sys.service.impl.LayerServiceImpl  : 调用开始
2019-02-13 15:54:54.097  INFO 1304 --- [http-nio-8080-exec-3] c.j.m.sys.service.impl.LayerServiceImpl  : 调用开始
2019-02-13 15:54:54.174  INFO 1304 --- [http-nio-8080-exec-3] c.j.m.sys.service.impl.LayerServiceImpl  : 该规则下没有对应服务器或容器，规则name为：uv_lb负载-viewer
2019-02-13 15:57:20.052  INFO 1304 --- [http-nio-8080-exec-5] c.j.m.sys.service.impl.LayerServiceImpl  : 调用开始
2019-02-13 15:57:20.137 ERROR 1304 --- [http-nio-8080-exec-5] c.j.m.sys.service.impl.LayerServiceImpl  : 组内规则或图片查询异常
2019-02-13 16:01:12.379  INFO 1304 --- [http-nio-8080-exec-7] c.j.m.sys.service.impl.LayerServiceImpl  : 调用开始
2019-02-13 16:01:12.451 ERROR 1304 --- [http-nio-8080-exec-7] c.j.m.sys.service.impl.LayerServiceImpl  : 组内规则或图片查询异常
2019-02-13 16:01:12.478 ERROR 1304 --- [http-nio-8080-exec-7] c.j.m.sys.service.impl.LayerServiceImpl  : 组内规则或图片查询异常
2019-02-13 16:01:44.120  INFO 1304 --- [http-nio-8080-exec-8] c.j.m.sys.service.impl.LayerServiceImpl  : 调用开始
2019-02-13 16:01:44.171 ERROR 1304 --- [http-nio-8080-exec-8] c.j.m.sys.service.impl.LayerServiceImpl  : 组内规则或图片查询异常
2019-02-13 16:05:39.639  INFO 1304 --- [http-nio-8080-exec-10] c.j.m.sys.service.impl.LayerServiceImpl  : 调用开始
2019-02-13 16:05:39.699 ERROR 1304 --- [http-nio-8080-exec-10] c.j.m.sys.service.impl.LayerServiceImpl  : 组内规则或图片查询异常
2019-02-13 16:07:01.494  INFO 1304 --- [http-nio-8080-exec-12] c.j.m.sys.service.impl.LayerServiceImpl  : 调用开始
2019-02-13 16:07:01.558 ERROR 1304 --- [http-nio-8080-exec-12] c.j.m.sys.service.impl.LayerServiceImpl  : 组内规则或图片查询异常
2019-02-13 16:10:24.418  INFO 1304 --- [http-nio-8080-exec-15] c.j.m.sys.service.impl.LayerServiceImpl  : 调用开始
2019-02-13 16:10:24.482 ERROR 1304 --- [http-nio-8080-exec-15] c.j.m.sys.service.impl.LayerServiceImpl  : 组内规则或图片查询异常
2019-02-13 16:12:48.692  INFO 1304 --- [http-nio-8080-exec-17] c.j.m.sys.service.impl.LayerServiceImpl  : 调用开始
2019-02-13 16:12:48.728 ERROR 1304 --- [http-nio-8080-exec-17] c.j.m.sys.service.impl.LayerServiceImpl  : 组内规则或图片查询异常
2019-02-13 16:14:53.067  INFO 1304 --- [http-nio-8080-exec-18] c.j.m.sys.service.impl.LayerServiceImpl  : 调用开始
2019-02-13 16:14:53.110 ERROR 1304 --- [http-nio-8080-exec-18] c.j.m.sys.service.impl.LayerServiceImpl  : 组内规则或图片查询异常
2019-02-13 16:15:06.917  INFO 1304 --- [http-nio-8080-exec-20] c.j.m.sys.service.impl.LayerServiceImpl  : 调用开始
2019-02-13 16:15:06.943 ERROR 1304 --- [http-nio-8080-exec-20] c.j.m.sys.service.impl.LayerServiceImpl  : 组内规则或图片查询异常
2019-02-13 17:14:16.490  INFO 1304 --- [http-nio-8080-exec-19] c.j.m.sys.service.impl.LayerServiceImpl  : 调用开始
2019-02-13 17:14:16.523 ERROR 1304 --- [http-nio-8080-exec-19] c.j.m.sys.service.impl.LayerServiceImpl  : 组内规则或图片查询异常
2019-02-13 17:22:09.659  INFO 1304 --- [http-nio-8080-exec-26] c.j.m.sys.service.impl.LayerServiceImpl  : 调用开始
2019-02-13 17:22:09.690 ERROR 1304 --- [http-nio-8080-exec-26] c.j.m.sys.service.impl.LayerServiceImpl  : 组内规则或图片查询异常
2019-02-13 17:22:41.809  INFO 1304 --- [http-nio-8080-exec-28] c.j.m.sys.service.impl.LayerServiceImpl  : 调用开始
2019-02-13 17:22:41.845 ERROR 1304 --- [http-nio-8080-exec-28] c.j.m.sys.service.impl.LayerServiceImpl  : 组内规则或图片查询异常
2019-02-13 17:23:15.485  INFO 1304 --- [http-nio-8080-exec-1] c.j.m.sys.service.impl.LayerServiceImpl  : 调用开始
2019-02-13 17:23:15.503 ERROR 1304 --- [http-nio-8080-exec-1] c.j.m.sys.service.impl.LayerServiceImpl  : 组内规则或图片查询异常
2019-02-13 17:23:15.584  INFO 1304 --- [http-nio-8080-exec-3] c.j.m.sys.service.impl.LayerServiceImpl  : 调用开始
2019-02-13 17:23:15.602 ERROR 1304 --- [http-nio-8080-exec-3] c.j.m.sys.service.impl.LayerServiceImpl  : 组内规则或图片查询异常
2019-02-13 17:23:28.333  INFO 1304 --- [http-nio-8080-exec-5] c.j.m.sys.service.impl.LayerServiceImpl  : 调用开始
2019-02-13 17:23:28.355 ERROR 1304 --- [http-nio-8080-exec-5] c.j.m.sys.service.impl.LayerServiceImpl  : 组内规则或图片查询异常
2019-02-13 17:23:36.817  INFO 1304 --- [http-nio-8080-exec-7] c.j.m.sys.service.impl.LayerServiceImpl  : 调用开始
2019-02-13 17:23:36.840 ERROR 1304 --- [http-nio-8080-exec-7] c.j.m.sys.service.impl.LayerServiceImpl  : 组内规则或图片查询异常
2019-02-13 17:23:47.386  INFO 1304 --- [http-nio-8080-exec-9] c.j.m.sys.service.impl.LayerServiceImpl  : 调用开始
2019-02-13 17:23:47.402 ERROR 1304 --- [http-nio-8080-exec-9] c.j.m.sys.service.impl.LayerServiceImpl  : 组内规则或图片查询异常
2019-02-13 17:24:07.604  INFO 1304 --- [http-nio-8080-exec-11] c.j.m.sys.service.impl.LayerServiceImpl  : 调用开始
2019-02-13 17:24:07.626 ERROR 1304 --- [http-nio-8080-exec-11] c.j.m.sys.service.impl.LayerServiceImpl  : 组内规则或图片查询异常
2019-02-13 17:24:18.227  INFO 1304 --- [http-nio-8080-exec-13] c.j.m.sys.service.impl.LayerServiceImpl  : 调用开始
2019-02-13 17:24:18.244 ERROR 1304 --- [http-nio-8080-exec-13] c.j.m.sys.service.impl.LayerServiceImpl  : 组内规则或图片查询异常
2019-02-13 17:24:27.028  INFO 1304 --- [http-nio-8080-exec-15] c.j.m.sys.service.impl.LayerServiceImpl  : 调用开始
2019-02-13 17:24:27.068 ERROR 1304 --- [http-nio-8080-exec-15] c.j.m.sys.service.impl.LayerServiceImpl  : 组内规则或图片查询异常
2019-02-13 17:25:29.450  INFO 1304 --- [http-nio-8080-exec-18] c.j.m.sys.service.impl.LayerServiceImpl  : 调用开始
2019-02-13 17:25:29.475 ERROR 1304 --- [http-nio-8080-exec-18] c.j.m.sys.service.impl.LayerServiceImpl  : 组内规则或图片查询异常
2019-02-13 17:25:29.483  INFO 1304 --- [http-nio-8080-exec-20] c.j.m.sys.service.impl.LayerServiceImpl  : 调用开始
2019-02-13 17:25:29.512 ERROR 1304 --- [http-nio-8080-exec-20] c.j.m.sys.service.impl.LayerServiceImpl  : 组内规则或图片查询异常
2019-02-13 17:25:40.940  INFO 1304 --- [http-nio-8080-exec-22] c.j.m.sys.service.impl.LayerServiceImpl  : 调用开始
2019-02-13 17:25:40.957 ERROR 1304 --- [http-nio-8080-exec-22] c.j.m.sys.service.impl.LayerServiceImpl  : 组内规则或图片查询异常
2019-02-13 17:25:43.072  INFO 1304 --- [http-nio-8080-exec-27] c.j.m.sys.service.impl.LayerServiceImpl  : 调用开始
2019-02-13 17:25:43.097 ERROR 1304 --- [http-nio-8080-exec-27] c.j.m.sys.service.impl.LayerServiceImpl  : 组内规则或图片查询异常
2019-02-13 17:25:48.167  INFO 1304 --- [http-nio-8080-exec-26] c.j.m.sys.service.impl.LayerServiceImpl  : 调用开始
2019-02-13 17:25:48.200 ERROR 1304 --- [http-nio-8080-exec-26] c.j.m.sys.service.impl.LayerServiceImpl  : 组内规则或图片查询异常
2019-02-13 17:25:48.491  INFO 1304 --- [http-nio-8080-exec-28] c.j.m.sys.service.impl.LayerServiceImpl  : 调用开始
2019-02-13 17:25:48.508 ERROR 1304 --- [http-nio-8080-exec-28] c.j.m.sys.service.impl.LayerServiceImpl  : 组内规则或图片查询异常
2019-02-13 17:25:50.454  INFO 1304 --- [http-nio-8080-exec-29] c.j.m.sys.service.impl.LayerServiceImpl  : 调用开始
2019-02-13 17:25:50.477 ERROR 1304 --- [http-nio-8080-exec-29] c.j.m.sys.service.impl.LayerServiceImpl  : 组内规则或图片查询异常
2019-02-13 17:25:51.617  INFO 1304 --- [http-nio-8080-exec-2] c.j.m.sys.service.impl.LayerServiceImpl  : 调用开始
2019-02-13 17:25:51.635 ERROR 1304 --- [http-nio-8080-exec-2] c.j.m.sys.service.impl.LayerServiceImpl  : 组内规则或图片查询异常
2019-02-13 17:25:58.166  INFO 1304 --- [http-nio-8080-exec-4] c.j.m.sys.service.impl.LayerServiceImpl  : 调用开始
2019-02-13 17:25:58.202 ERROR 1304 --- [http-nio-8080-exec-4] c.j.m.sys.service.impl.LayerServiceImpl  : 组内规则或图片查询异常
2019-02-13 17:25:58.559  INFO 1304 --- [http-nio-8080-exec-6] c.j.m.sys.service.impl.LayerServiceImpl  : 调用开始
2019-02-13 17:25:58.584 ERROR 1304 --- [http-nio-8080-exec-6] c.j.m.sys.service.impl.LayerServiceImpl  : 组内规则或图片查询异常
2019-02-13 17:26:19.023  INFO 1304 --- [http-nio-8080-exec-9] c.j.m.sys.service.impl.LayerServiceImpl  : 调用开始
2019-02-13 17:26:19.023  INFO 1304 --- [http-nio-8080-exec-8] c.j.m.sys.service.impl.LayerServiceImpl  : 调用开始
2019-02-13 17:26:19.039 ERROR 1304 --- [http-nio-8080-exec-8] c.j.m.sys.service.impl.LayerServiceImpl  : 组内规则或图片查询异常
2019-02-13 17:26:19.042 ERROR 1304 --- [http-nio-8080-exec-9] c.j.m.sys.service.impl.LayerServiceImpl  : 组内规则或图片查询异常
2019-02-13 17:26:32.074  INFO 1304 --- [http-nio-8080-exec-12] c.j.m.sys.service.impl.LayerServiceImpl  : 调用开始
2019-02-13 17:26:32.093 ERROR 1304 --- [http-nio-8080-exec-12] c.j.m.sys.service.impl.LayerServiceImpl  : 组内规则或图片查询异常
2019-02-13 17:26:32.100  INFO 1304 --- [http-nio-8080-exec-13] c.j.m.sys.service.impl.LayerServiceImpl  : 调用开始
2019-02-13 17:26:32.115 ERROR 1304 --- [http-nio-8080-exec-13] c.j.m.sys.service.impl.LayerServiceImpl  : 组内规则或图片查询异常
2019-02-13 17:27:09.529  INFO 1304 --- [http-nio-8080-exec-17] c.j.m.sys.service.impl.LayerServiceImpl  : 调用开始
2019-02-13 17:27:09.543  INFO 1304 --- [http-nio-8080-exec-14] c.j.m.sys.service.impl.LayerServiceImpl  : 调用开始
2019-02-13 17:27:09.543 ERROR 1304 --- [http-nio-8080-exec-17] c.j.m.sys.service.impl.LayerServiceImpl  : 组内规则或图片查询异常
2019-02-13 17:27:09.557 ERROR 1304 --- [http-nio-8080-exec-14] c.j.m.sys.service.impl.LayerServiceImpl  : 组内规则或图片查询异常
2019-02-13 17:27:34.597  INFO 1304 --- [http-nio-8080-exec-20] c.j.m.sys.service.impl.LayerServiceImpl  : 调用开始
2019-02-13 17:27:34.612 ERROR 1304 --- [http-nio-8080-exec-20] c.j.m.sys.service.impl.LayerServiceImpl  : 组内规则或图片查询异常
2019-02-13 17:27:34.613  INFO 1304 --- [http-nio-8080-exec-21] c.j.m.sys.service.impl.LayerServiceImpl  : 调用开始
2019-02-13 17:27:34.629 ERROR 1304 --- [http-nio-8080-exec-21] c.j.m.sys.service.impl.LayerServiceImpl  : 组内规则或图片查询异常
2019-02-13 17:28:33.404  INFO 1304 --- [http-nio-8080-exec-27] c.j.m.sys.service.impl.LayerServiceImpl  : 调用开始
2019-02-13 17:28:33.415  INFO 1304 --- [http-nio-8080-exec-24] c.j.m.sys.service.impl.LayerServiceImpl  : 调用开始
2019-02-13 17:28:33.419 ERROR 1304 --- [http-nio-8080-exec-27] c.j.m.sys.service.impl.LayerServiceImpl  : 组内规则或图片查询异常
2019-02-13 17:28:33.432 ERROR 1304 --- [http-nio-8080-exec-24] c.j.m.sys.service.impl.LayerServiceImpl  : 组内规则或图片查询异常
2019-02-13 17:30:13.503  INFO 1304 --- [http-nio-8080-exec-29] c.j.m.sys.service.impl.LayerServiceImpl  : 调用开始
2019-02-13 17:30:13.522  INFO 1304 --- [http-nio-8080-exec-1] c.j.m.sys.service.impl.LayerServiceImpl  : 调用开始
2019-02-13 17:30:13.528 ERROR 1304 --- [http-nio-8080-exec-29] c.j.m.sys.service.impl.LayerServiceImpl  : 组内规则或图片查询异常
2019-02-13 17:30:13.543 ERROR 1304 --- [http-nio-8080-exec-1] c.j.m.sys.service.impl.LayerServiceImpl  : 组内规则或图片查询异常
2019-02-13 17:31:22.086  INFO 1304 --- [http-nio-8080-exec-6] c.j.m.sys.service.impl.LayerServiceImpl  : 调用开始
2019-02-13 17:31:22.087  INFO 1304 --- [http-nio-8080-exec-7] c.j.m.sys.service.impl.LayerServiceImpl  : 调用开始
2019-02-13 17:31:22.107 ERROR 1304 --- [http-nio-8080-exec-6] c.j.m.sys.service.impl.LayerServiceImpl  : 组内规则或图片查询异常
2019-02-13 17:31:22.109 ERROR 1304 --- [http-nio-8080-exec-7] c.j.m.sys.service.impl.LayerServiceImpl  : 组内规则或图片查询异常
2019-02-13 17:31:47.127  INFO 1304 --- [http-nio-8080-exec-10] c.j.m.sys.service.impl.LayerServiceImpl  : 调用开始
2019-02-13 17:31:47.168 ERROR 1304 --- [http-nio-8080-exec-10] c.j.m.sys.service.impl.LayerServiceImpl  : 组内规则或图片查询异常
2019-02-13 17:31:47.179  INFO 1304 --- [http-nio-8080-exec-11] c.j.m.sys.service.impl.LayerServiceImpl  : 调用开始
2019-02-13 17:31:47.200 ERROR 1304 --- [http-nio-8080-exec-11] c.j.m.sys.service.impl.LayerServiceImpl  : 组内规则或图片查询异常
2019-02-13 17:32:02.624  INFO 1304 --- [http-nio-8080-exec-13] c.j.m.sys.service.impl.LayerServiceImpl  : 调用开始
2019-02-13 17:32:02.641 ERROR 1304 --- [http-nio-8080-exec-13] c.j.m.sys.service.impl.LayerServiceImpl  : 组内规则或图片查询异常
2019-02-13 17:32:11.773  INFO 1304 --- [http-nio-8080-exec-16] c.j.m.sys.service.impl.LayerServiceImpl  : 调用开始
2019-02-13 17:32:11.790 ERROR 1304 --- [http-nio-8080-exec-16] c.j.m.sys.service.impl.LayerServiceImpl  : 组内规则或图片查询异常
2019-02-13 17:35:09.027  INFO 1304 --- [http-nio-8080-exec-23] c.j.m.sys.service.impl.LayerServiceImpl  : 调用开始
2019-02-13 17:35:09.044 ERROR 1304 --- [http-nio-8080-exec-23] c.j.m.sys.service.impl.LayerServiceImpl  : 组内规则或图片查询异常
2019-02-13 17:35:35.862  INFO 1304 --- [http-nio-8080-exec-22] c.j.m.sys.service.impl.LayerServiceImpl  : 调用开始
2019-02-13 17:35:35.877 ERROR 1304 --- [http-nio-8080-exec-22] c.j.m.sys.service.impl.LayerServiceImpl  : 组内规则或图片查询异常
2019-02-13 17:36:04.902  INFO 1304 --- [http-nio-8080-exec-19] c.j.m.sys.service.impl.LayerServiceImpl  : 调用开始
2019-02-13 17:36:04.923 ERROR 1304 --- [http-nio-8080-exec-19] c.j.m.sys.service.impl.LayerServiceImpl  : 组内规则或图片查询异常
2019-02-13 17:36:35.533  INFO 1304 --- [http-nio-8080-exec-24] c.j.m.sys.service.impl.LayerServiceImpl  : 调用开始
2019-02-13 17:36:35.548 ERROR 1304 --- [http-nio-8080-exec-24] c.j.m.sys.service.impl.LayerServiceImpl  : 组内规则或图片查询异常
2019-02-13 17:36:48.019  INFO 1304 --- [http-nio-8080-exec-25] c.j.m.sys.service.impl.LayerServiceImpl  : 调用开始
2019-02-13 17:36:48.044 ERROR 1304 --- [http-nio-8080-exec-25] c.j.m.sys.service.impl.LayerServiceImpl  : 组内规则或图片查询异常
2019-02-13 17:36:58.793  INFO 1304 --- [http-nio-8080-exec-28] c.j.m.sys.service.impl.LayerServiceImpl  : 调用开始
2019-02-13 17:36:58.811 ERROR 1304 --- [http-nio-8080-exec-28] c.j.m.sys.service.impl.LayerServiceImpl  : 组内规则或图片查询异常
2019-02-13 17:37:08.282  INFO 1304 --- [http-nio-8080-exec-2] c.j.m.sys.service.impl.LayerServiceImpl  : 调用开始
2019-02-13 17:37:08.300 ERROR 1304 --- [http-nio-8080-exec-2] c.j.m.sys.service.impl.LayerServiceImpl  : 组内规则或图片查询异常
2019-02-13 17:37:55.213  INFO 1304 --- [http-nio-8080-exec-3] c.j.m.sys.service.impl.LayerServiceImpl  : 调用开始
2019-02-13 17:37:55.249 ERROR 1304 --- [http-nio-8080-exec-3] c.j.m.sys.service.impl.LayerServiceImpl  : 组内规则或图片查询异常
2019-02-13 17:38:14.970  INFO 1304 --- [http-nio-8080-exec-5] c.j.m.sys.service.impl.LayerServiceImpl  : 调用开始
2019-02-13 17:38:14.987 ERROR 1304 --- [http-nio-8080-exec-5] c.j.m.sys.service.impl.LayerServiceImpl  : 组内规则或图片查询异常
2019-02-13 17:38:58.628  INFO 1304 --- [http-nio-8080-exec-7] c.j.m.sys.service.impl.LayerServiceImpl  : 调用开始
2019-02-13 17:38:58.645 ERROR 1304 --- [http-nio-8080-exec-7] c.j.m.sys.service.impl.LayerServiceImpl  : 组内规则或图片查询异常
2019-02-13 17:39:23.961  INFO 1304 --- [http-nio-8080-exec-9] c.j.m.sys.service.impl.LayerServiceImpl  : 调用开始
2019-02-13 17:39:23.963  INFO 1304 --- [http-nio-8080-exec-10] c.j.m.sys.service.impl.LayerServiceImpl  : 调用开始
2019-02-13 17:39:23.993 ERROR 1304 --- [http-nio-8080-exec-9] c.j.m.sys.service.impl.LayerServiceImpl  : 组内规则或图片查询异常
2019-02-13 17:39:23.998 ERROR 1304 --- [http-nio-8080-exec-10] c.j.m.sys.service.impl.LayerServiceImpl  : 组内规则或图片查询异常
2019-02-13 17:39:57.047  INFO 1304 --- [http-nio-8080-exec-15] c.j.m.sys.service.impl.LayerServiceImpl  : 调用开始
2019-02-13 17:39:57.061 ERROR 1304 --- [http-nio-8080-exec-15] c.j.m.sys.service.impl.LayerServiceImpl  : 组内规则或图片查询异常
2019-02-13 17:39:57.151  INFO 1304 --- [http-nio-8080-exec-16] c.j.m.sys.service.impl.LayerServiceImpl  : 调用开始
2019-02-13 17:39:57.166 ERROR 1304 --- [http-nio-8080-exec-16] c.j.m.sys.service.impl.LayerServiceImpl  : 组内规则或图片查询异常
2019-02-13 17:40:42.090  INFO 1304 --- [http-nio-8080-exec-14] c.j.m.sys.service.impl.LayerServiceImpl  : 调用开始
2019-02-13 17:40:42.111 ERROR 1304 --- [http-nio-8080-exec-14] c.j.m.sys.service.impl.LayerServiceImpl  : 组内规则或图片查询异常
2019-02-13 17:40:46.587  INFO 1304 --- [http-nio-8080-exec-23] c.j.m.sys.service.impl.LayerServiceImpl  : 调用开始
2019-02-13 17:40:46.601 ERROR 1304 --- [http-nio-8080-exec-23] c.j.m.sys.service.impl.LayerServiceImpl  : 组内规则或图片查询异常
2019-02-13 17:41:17.293  INFO 1304 --- [http-nio-8080-exec-22] c.j.m.sys.service.impl.LayerServiceImpl  : 调用开始
2019-02-13 17:41:17.306 ERROR 1304 --- [http-nio-8080-exec-22] c.j.m.sys.service.impl.LayerServiceImpl  : 组内规则或图片查询异常
2019-02-13 17:41:17.339  INFO 1304 --- [http-nio-8080-exec-21] c.j.m.sys.service.impl.LayerServiceImpl  : 调用开始
2019-02-13 17:41:17.359 ERROR 1304 --- [http-nio-8080-exec-21] c.j.m.sys.service.impl.LayerServiceImpl  : 组内规则或图片查询异常
2019-02-13 17:42:55.664  INFO 1304 --- [http-nio-8080-exec-25] c.j.m.sys.service.impl.LayerServiceImpl  : 调用开始
2019-02-13 17:42:55.681 ERROR 1304 --- [http-nio-8080-exec-25] c.j.m.sys.service.impl.LayerServiceImpl  : 组内规则或图片查询异常
2019-02-13 17:43:01.979  INFO 1304 --- [http-nio-8080-exec-28] c.j.m.sys.service.impl.LayerServiceImpl  : 调用开始
2019-02-13 17:43:01.993 ERROR 1304 --- [http-nio-8080-exec-28] c.j.m.sys.service.impl.LayerServiceImpl  : 组内规则或图片查询异常
2019-02-13 17:43:31.648  INFO 1304 --- [http-nio-8080-exec-2] c.j.m.sys.service.impl.LayerServiceImpl  : 调用开始
2019-02-13 17:43:31.684 ERROR 1304 --- [http-nio-8080-exec-2] c.j.m.sys.service.impl.LayerServiceImpl  : 组内规则或图片查询异常
2019-02-13 17:43:58.727  INFO 1304 --- [http-nio-8080-exec-3] c.j.m.sys.service.impl.LayerServiceImpl  : 调用开始
2019-02-13 17:43:58.740 ERROR 1304 --- [http-nio-8080-exec-3] c.j.m.sys.service.impl.LayerServiceImpl  : 组内规则或图片查询异常
2019-02-13 17:44:06.537  INFO 1304 --- [http-nio-8080-exec-6] c.j.m.sys.service.impl.LayerServiceImpl  : 调用开始
2019-02-13 17:44:06.551 ERROR 1304 --- [http-nio-8080-exec-6] c.j.m.sys.service.impl.LayerServiceImpl  : 组内规则或图片查询异常
2019-02-13 17:44:59.976  INFO 1304 --- [http-nio-8080-exec-8] c.j.m.sys.service.impl.LayerServiceImpl  : 调用开始
2019-02-13 17:44:59.989 ERROR 1304 --- [http-nio-8080-exec-8] c.j.m.sys.service.impl.LayerServiceImpl  : 组内规则或图片查询异常
2019-02-13 17:45:00.019  INFO 1304 --- [http-nio-8080-exec-9] c.j.m.sys.service.impl.LayerServiceImpl  : 调用开始
2019-02-13 17:45:00.039 ERROR 1304 --- [http-nio-8080-exec-9] c.j.m.sys.service.impl.LayerServiceImpl  : 组内规则或图片查询异常
2019-02-13 17:45:40.983  INFO 1304 --- [http-nio-8080-exec-11] c.j.m.sys.service.impl.LayerServiceImpl  : 调用开始
2019-02-13 17:45:41.005  INFO 1304 --- [http-nio-8080-exec-15] c.j.m.sys.service.impl.LayerServiceImpl  : 调用开始
2019-02-13 17:45:41.020 ERROR 1304 --- [http-nio-8080-exec-11] c.j.m.sys.service.impl.LayerServiceImpl  : 组内规则或图片查询异常
2019-02-13 17:45:41.026 ERROR 1304 --- [http-nio-8080-exec-15] c.j.m.sys.service.impl.LayerServiceImpl  : 组内规则或图片查询异常
2019-02-13 17:45:57.208  INFO 1304 --- [http-nio-8080-exec-17] c.j.m.sys.service.impl.LayerServiceImpl  : 调用开始
2019-02-13 17:45:57.228 ERROR 1304 --- [http-nio-8080-exec-17] c.j.m.sys.service.impl.LayerServiceImpl  : 组内规则或图片查询异常
2019-02-13 17:45:57.232  INFO 1304 --- [http-nio-8080-exec-14] c.j.m.sys.service.impl.LayerServiceImpl  : 调用开始
2019-02-13 17:45:57.252 ERROR 1304 --- [http-nio-8080-exec-14] c.j.m.sys.service.impl.LayerServiceImpl  : 组内规则或图片查询异常
2019-02-13 18:00:01.213  INFO 1304 --- [http-nio-8080-exec-21] c.j.m.sys.service.impl.LayerServiceImpl  : 调用开始
2019-02-13 18:00:01.241 ERROR 1304 --- [http-nio-8080-exec-21] c.j.m.sys.service.impl.LayerServiceImpl  : 组内规则或图片查询异常
2019-02-13 18:00:46.435  INFO 1304 --- [http-nio-8080-exec-27] c.j.m.sys.service.impl.LayerServiceImpl  : 调用开始
2019-02-13 18:00:46.450 ERROR 1304 --- [http-nio-8080-exec-27] c.j.m.sys.service.impl.LayerServiceImpl  : 组内规则或图片查询异常
2019-02-13 18:00:54.021  INFO 1304 --- [http-nio-8080-exec-26] c.j.m.sys.service.impl.LayerServiceImpl  : 调用开始
2019-02-13 18:00:54.034 ERROR 1304 --- [http-nio-8080-exec-26] c.j.m.sys.service.impl.LayerServiceImpl  : 组内规则或图片查询异常
2019-02-13 18:06:11.710  INFO 1304 --- [http-nio-8080-exec-28] c.j.m.sys.service.impl.LayerServiceImpl  : 调用开始
2019-02-13 18:06:11.729 ERROR 1304 --- [http-nio-8080-exec-28] c.j.m.sys.service.impl.LayerServiceImpl  : 组内规则或图片查询异常
2019-02-13 18:06:47.164  INFO 1304 --- [http-nio-8080-exec-2] c.j.m.sys.service.impl.LayerServiceImpl  : 调用开始
2019-02-13 18:06:47.178 ERROR 1304 --- [http-nio-8080-exec-2] c.j.m.sys.service.impl.LayerServiceImpl  : 组内规则或图片查询异常
