2019-01-22 13:43:31.921  INFO 7620 --- [restartedMain] com.jmonitor.JmonitorApplication         : Starting JmonitorApplication on DESKTOP-DBO4L4B with PID 7620 (F:\java\sts_workspace\Jmonitor\target\classes started by Administrator in F:\java\sts_workspace\Jmonitor)
2019-01-22 13:43:31.936  INFO 7620 --- [restartedMain] com.jmonitor.JmonitorApplication         : The following profiles are active: dev
2019-01-22 13:43:32.014  INFO 7620 --- [restartedMain] .e.DevToolsPropertyDefaultsPostProcessor : Devtools property defaults active! Set 'spring.devtools.add-properties' to 'false' to disable
2019-01-22 13:43:32.014  INFO 7620 --- [restartedMain] .e.DevToolsPropertyDefaultsPostProcessor : For additional web related logging consider setting the 'logging.level.web' property to 'DEBUG'
2019-01-22 13:43:33.466  INFO 7620 --- [restartedMain] trationDelegate$BeanPostProcessorChecker : Bean 'com.alibaba.druid.spring.boot.autoconfigure.stat.DruidSpringAopConfiguration' of type [com.alibaba.druid.spring.boot.autoconfigure.stat.DruidSpringAopConfiguration] is not eligible for getting processed by all BeanPostProcessors (for example: not eligible for auto-proxying)
2019-01-22 13:43:33.517  INFO 7620 --- [restartedMain] trationDelegate$BeanPostProcessorChecker : Bean 'org.springframework.transaction.annotation.ProxyTransactionManagementConfiguration' of type [org.springframework.transaction.annotation.ProxyTransactionManagementConfiguration$$EnhancerBySpringCGLIB$$9f0047f6] is not eligible for getting processed by all BeanPostProcessors (for example: not eligible for auto-proxying)
2019-01-22 13:43:33.575  INFO 7620 --- [restartedMain] trationDelegate$BeanPostProcessorChecker : Bean 'spring.datasource.druid-com.alibaba.druid.spring.boot.autoconfigure.properties.DruidStatProperties' of type [com.alibaba.druid.spring.boot.autoconfigure.properties.DruidStatProperties] is not eligible for getting processed by all BeanPostProcessors (for example: not eligible for auto-proxying)
2019-01-22 13:43:33.588  INFO 7620 --- [restartedMain] trationDelegate$BeanPostProcessorChecker : Bean 'advisor' of type [org.springframework.aop.support.RegexpMethodPointcutAdvisor] is not eligible for getting processed by all BeanPostProcessors (for example: not eligible for auto-proxying)
2019-01-22 13:43:34.077  INFO 7620 --- [restartedMain] o.s.b.w.embedded.tomcat.TomcatWebServer  : Tomcat initialized with port(s): 8080 (http)
2019-01-22 13:43:34.102  INFO 7620 --- [restartedMain] o.apache.catalina.core.StandardService   : Starting service [Tomcat]
2019-01-22 13:43:34.102  INFO 7620 --- [restartedMain] org.apache.catalina.core.StandardEngine  : Starting Servlet Engine: Apache Tomcat/9.0.13
2019-01-22 13:43:34.110  INFO 7620 --- [restartedMain] o.a.catalina.core.AprLifecycleListener   : The APR based Apache Tomcat Native library which allows optimal performance in production environments was not found on the java.library.path: [D:\Program Development\Java\jdk1.8.0_191\bin;C:\WINDOWS\Sun\Java\bin;C:\WINDOWS\system32;C:\WINDOWS;D:\Program Development\Java\jdk1.8.0_191\jre\bin;D:/Program Development/Java/jre1.8.0_191/bin/server;D:/Program Development/Java/jre1.8.0_191/bin;D:/Program Development/Java/jre1.8.0_191/lib/amd64;C:\Program Files\VanDyke Software\Clients\;C:\Program Files (x86)\Common Files\Oracle\Java\javapath;C:\Program Files (x86)\Intel\Intel(R) Management Engine Components\iCLS\;C:\Program Files\Intel\Intel(R) Management Engine Components\iCLS\;C:\WINDOWS\system32;C:\WINDOWS;C:\WINDOWS\System32\Wbem;C:\WINDOWS\System32\WindowsPowerShell\v1.0\;C:\Program Files\Intel\WiFi\bin\;C:\Program Files\Common Files\Intel\WirelessCommon\;C:\Program Files (x86)\Intel\Intel(R) Management Engine Components\DAL;C:\Program Files\Intel\Intel(R) Management Engine Components\DAL;C:\Program Files (x86)\Intel\Intel(R) Management Engine Components\IPT;C:\Program Files\Intel\Intel(R) Management Engine Components\IPT;D:\Program Development\maven\apache-maven-3.6.0\bin;D:\Program Files\Git\cmd;C:\Program Files\MySQL\MySQL Server 5.7\bin;C:\Users\Administrator\AppData\Local\Microsoft\WindowsApps;;D:\Program Development\sts\sts-4.0.2.RELEASE;;.]
2019-01-22 13:43:34.224  INFO 7620 --- [restartedMain] o.a.c.c.C.[Tomcat].[localhost].[/]       : Initializing Spring embedded WebApplicationContext
2019-01-22 13:43:34.224  INFO 7620 --- [restartedMain] o.s.web.context.ContextLoader            : Root WebApplicationContext: initialization completed in 2209 ms
2019-01-22 13:43:34.570  INFO 7620 --- [restartedMain] c.a.d.s.b.a.DruidDataSourceAutoConfigure : Init DruidDataSource
2019-01-22 13:43:35.143  INFO 7620 --- [restartedMain] com.alibaba.druid.pool.DruidDataSource   : {dataSource-1} inited
2019-01-22 13:43:35.437  WARN 7620 --- [restartedMain] c.b.m.core.toolkit.TableInfoHelper       : Warn: Could not find @TableId in Class: com.jmonitor.modules.sys.entity.Loadbalancers.
2019-01-22 13:43:35.489  WARN 7620 --- [restartedMain] c.b.m.core.toolkit.TableInfoHelper       : Warn: Could not find @TableId in Class: com.jmonitor.modules.sys.entity.Pods.
2019-01-22 13:43:35.543  WARN 7620 --- [restartedMain] c.b.m.core.toolkit.TableInfoHelper       : Warn: Could not find @TableId in Class: com.jmonitor.modules.sys.entity.Servers.
2019-01-22 13:43:36.077  INFO 7620 --- [restartedMain] o.s.c.ehcache.EhCacheManagerFactoryBean  : Initializing EhCache CacheManager
2019-01-22 13:43:36.274  INFO 7620 --- [restartedMain] pertySourcedRequestMappingHandlerMapping : Mapped URL path [/v2/api-docs] onto method [public org.springframework.http.ResponseEntity<springfox.documentation.spring.web.json.Json> springfox.documentation.swagger2.web.Swagger2Controller.getDocumentation(java.lang.String,javax.servlet.http.HttpServletRequest)]
2019-01-22 13:43:36.429  INFO 7620 --- [restartedMain] o.s.s.concurrent.ThreadPoolTaskExecutor  : Initializing ExecutorService 'applicationTaskExecutor'
2019-01-22 13:43:36.494  INFO 7620 --- [restartedMain] o.s.b.d.a.OptionalLiveReloadServer       : LiveReload server is running on port 35729
2019-01-22 13:43:36.746  INFO 7620 --- [restartedMain] d.s.w.p.DocumentationPluginsBootstrapper : Context refreshed
2019-01-22 13:43:36.770  INFO 7620 --- [restartedMain] d.s.w.p.DocumentationPluginsBootstrapper : Found 1 custom documentation plugin(s)
2019-01-22 13:43:36.808  INFO 7620 --- [restartedMain] s.d.s.w.s.ApiListingReferenceScanner     : Scanning for api listing references
2019-01-22 13:43:37.001  INFO 7620 --- [restartedMain] o.s.b.w.embedded.tomcat.TomcatWebServer  : Tomcat started on port(s): 8080 (http) with context path ''
2019-01-22 13:43:37.004  INFO 7620 --- [restartedMain] com.jmonitor.JmonitorApplication         : Started JmonitorApplication in 5.641 seconds (JVM running for 6.77)
2019-01-22 13:44:12.840  INFO 7620 --- [http-nio-8080-exec-1] o.a.c.c.C.[Tomcat].[localhost].[/]       : Initializing Spring DispatcherServlet 'dispatcherServlet'
2019-01-22 13:44:12.840  INFO 7620 --- [http-nio-8080-exec-1] o.s.web.servlet.DispatcherServlet        : Initializing Servlet 'dispatcherServlet'
2019-01-22 13:44:12.861  INFO 7620 --- [http-nio-8080-exec-1] o.s.web.servlet.DispatcherServlet        : Completed initialization in 21 ms
2019-01-22 13:44:25.552  WARN 7620 --- [http-nio-8080-exec-22] .m.m.a.ExceptionHandlerExceptionResolver : Resolved [org.springframework.jdbc.BadSqlGrammarException: 
### Error querying database.  Cause: java.sql.SQLSyntaxErrorException: You have an error in your SQL syntax; check the manual that corresponds to your MySQL server version for the right syntax to use near 'index,create_user,create_time,update_user,update_time,isdelete  FROM sys_layer 
' at line 1
### The error may exist in com/jmonitor/modules/sys/mapper/LayerMapper.java (best guess)
### The error may involve defaultParameterMap
### The error occurred while setting parameters
### SQL: SELECT  id,name,index,create_user,create_time,update_user,update_time,isdelete  FROM sys_layer     WHERE isdelete = ? ORDER BY index ASC
### Cause: java.sql.SQLSyntaxErrorException: You have an error in your SQL syntax; check the manual that corresponds to your MySQL server version for the right syntax to use near 'index,create_user,create_time,update_user,update_time,isdelete  FROM sys_layer 
' at line 1
; bad SQL grammar []; nested exception is java.sql.SQLSyntaxErrorException: You have an error in your SQL syntax; check the manual that corresponds to your MySQL server version for the right syntax to use near 'index,create_user,create_time,update_user,update_time,isdelete  FROM sys_layer 
' at line 1]
2019-01-22 13:51:24.814  INFO 7620 --- [RMI TCP Connection(2)-127.0.0.1] inMXBeanRegistrar$SpringApplicationAdmin : Application shutdown requested.
2019-01-22 13:51:24.823  INFO 7620 --- [RMI TCP Connection(2)-127.0.0.1] o.s.s.concurrent.ThreadPoolTaskExecutor  : Shutting down ExecutorService 'applicationTaskExecutor'
2019-01-22 13:51:24.824  INFO 7620 --- [RMI TCP Connection(2)-127.0.0.1] o.s.c.ehcache.EhCacheManagerFactoryBean  : Shutting down EhCache CacheManager
2019-01-22 13:51:24.852  INFO 7620 --- [RMI TCP Connection(2)-127.0.0.1] com.alibaba.druid.pool.DruidDataSource   : {dataSource-1} closed
2019-01-22 13:54:00.144  INFO 14372 --- [restartedMain] com.jmonitor.JmonitorApplication         : Starting JmonitorApplication on DESKTOP-DBO4L4B with PID 14372 (F:\java\sts_workspace\Jmonitor\target\classes started by Administrator in F:\java\sts_workspace\Jmonitor)
2019-01-22 13:54:00.148  INFO 14372 --- [restartedMain] com.jmonitor.JmonitorApplication         : The following profiles are active: dev
2019-01-22 13:54:00.192  INFO 14372 --- [restartedMain] .e.DevToolsPropertyDefaultsPostProcessor : Devtools property defaults active! Set 'spring.devtools.add-properties' to 'false' to disable
2019-01-22 13:54:00.192  INFO 14372 --- [restartedMain] .e.DevToolsPropertyDefaultsPostProcessor : For additional web related logging consider setting the 'logging.level.web' property to 'DEBUG'
2019-01-22 13:54:01.517  INFO 14372 --- [restartedMain] trationDelegate$BeanPostProcessorChecker : Bean 'com.alibaba.druid.spring.boot.autoconfigure.stat.DruidSpringAopConfiguration' of type [com.alibaba.druid.spring.boot.autoconfigure.stat.DruidSpringAopConfiguration] is not eligible for getting processed by all BeanPostProcessors (for example: not eligible for auto-proxying)
2019-01-22 13:54:01.557  INFO 14372 --- [restartedMain] trationDelegate$BeanPostProcessorChecker : Bean 'org.springframework.transaction.annotation.ProxyTransactionManagementConfiguration' of type [org.springframework.transaction.annotation.ProxyTransactionManagementConfiguration$$EnhancerBySpringCGLIB$$a7498a11] is not eligible for getting processed by all BeanPostProcessors (for example: not eligible for auto-proxying)
2019-01-22 13:54:01.596  INFO 14372 --- [restartedMain] trationDelegate$BeanPostProcessorChecker : Bean 'spring.datasource.druid-com.alibaba.druid.spring.boot.autoconfigure.properties.DruidStatProperties' of type [com.alibaba.druid.spring.boot.autoconfigure.properties.DruidStatProperties] is not eligible for getting processed by all BeanPostProcessors (for example: not eligible for auto-proxying)
2019-01-22 13:54:01.603  INFO 14372 --- [restartedMain] trationDelegate$BeanPostProcessorChecker : Bean 'advisor' of type [org.springframework.aop.support.RegexpMethodPointcutAdvisor] is not eligible for getting processed by all BeanPostProcessors (for example: not eligible for auto-proxying)
2019-01-22 13:54:01.954  INFO 14372 --- [restartedMain] o.s.b.w.embedded.tomcat.TomcatWebServer  : Tomcat initialized with port(s): 8080 (http)
2019-01-22 13:54:01.976  INFO 14372 --- [restartedMain] o.apache.catalina.core.StandardService   : Starting service [Tomcat]
2019-01-22 13:54:01.976  INFO 14372 --- [restartedMain] org.apache.catalina.core.StandardEngine  : Starting Servlet Engine: Apache Tomcat/9.0.13
2019-01-22 13:54:01.984  INFO 14372 --- [restartedMain] o.a.catalina.core.AprLifecycleListener   : The APR based Apache Tomcat Native library which allows optimal performance in production environments was not found on the java.library.path: [D:\Program Development\Java\jdk1.8.0_191\bin;C:\WINDOWS\Sun\Java\bin;C:\WINDOWS\system32;C:\WINDOWS;D:\Program Development\Java\jdk1.8.0_191\jre\bin;D:/Program Development/Java/jre1.8.0_191/bin/server;D:/Program Development/Java/jre1.8.0_191/bin;D:/Program Development/Java/jre1.8.0_191/lib/amd64;C:\Program Files\VanDyke Software\Clients\;C:\Program Files (x86)\Common Files\Oracle\Java\javapath;C:\Program Files (x86)\Intel\Intel(R) Management Engine Components\iCLS\;C:\Program Files\Intel\Intel(R) Management Engine Components\iCLS\;C:\WINDOWS\system32;C:\WINDOWS;C:\WINDOWS\System32\Wbem;C:\WINDOWS\System32\WindowsPowerShell\v1.0\;C:\Program Files\Intel\WiFi\bin\;C:\Program Files\Common Files\Intel\WirelessCommon\;C:\Program Files (x86)\Intel\Intel(R) Management Engine Components\DAL;C:\Program Files\Intel\Intel(R) Management Engine Components\DAL;C:\Program Files (x86)\Intel\Intel(R) Management Engine Components\IPT;C:\Program Files\Intel\Intel(R) Management Engine Components\IPT;D:\Program Development\maven\apache-maven-3.6.0\bin;D:\Program Files\Git\cmd;C:\Program Files\MySQL\MySQL Server 5.7\bin;C:\Users\Administrator\AppData\Local\Microsoft\WindowsApps;;D:\Program Development\sts\sts-4.0.2.RELEASE;;.]
2019-01-22 13:54:02.082  INFO 14372 --- [restartedMain] o.a.c.c.C.[Tomcat].[localhost].[/]       : Initializing Spring embedded WebApplicationContext
2019-01-22 13:54:02.082  INFO 14372 --- [restartedMain] o.s.web.context.ContextLoader            : Root WebApplicationContext: initialization completed in 1890 ms
2019-01-22 13:54:02.381  INFO 14372 --- [restartedMain] c.a.d.s.b.a.DruidDataSourceAutoConfigure : Init DruidDataSource
2019-01-22 13:54:02.665  INFO 14372 --- [restartedMain] com.alibaba.druid.pool.DruidDataSource   : {dataSource-1} inited
2019-01-22 13:54:02.893  WARN 14372 --- [restartedMain] c.b.m.core.toolkit.TableInfoHelper       : Warn: Could not find @TableId in Class: com.jmonitor.modules.sys.entity.Loadbalancers.
2019-01-22 13:54:02.936  WARN 14372 --- [restartedMain] c.b.m.core.toolkit.TableInfoHelper       : Warn: Could not find @TableId in Class: com.jmonitor.modules.sys.entity.Pods.
2019-01-22 13:54:02.975  WARN 14372 --- [restartedMain] c.b.m.core.toolkit.TableInfoHelper       : Warn: Could not find @TableId in Class: com.jmonitor.modules.sys.entity.Servers.
2019-01-22 13:54:03.471  INFO 14372 --- [restartedMain] o.s.c.ehcache.EhCacheManagerFactoryBean  : Initializing EhCache CacheManager
2019-01-22 13:54:03.631  INFO 14372 --- [restartedMain] pertySourcedRequestMappingHandlerMapping : Mapped URL path [/v2/api-docs] onto method [public org.springframework.http.ResponseEntity<springfox.documentation.spring.web.json.Json> springfox.documentation.swagger2.web.Swagger2Controller.getDocumentation(java.lang.String,javax.servlet.http.HttpServletRequest)]
2019-01-22 13:54:03.767  INFO 14372 --- [restartedMain] o.s.s.concurrent.ThreadPoolTaskExecutor  : Initializing ExecutorService 'applicationTaskExecutor'
2019-01-22 13:54:03.818  INFO 14372 --- [restartedMain] o.s.b.d.a.OptionalLiveReloadServer       : LiveReload server is running on port 35729
2019-01-22 13:54:04.040  INFO 14372 --- [restartedMain] d.s.w.p.DocumentationPluginsBootstrapper : Context refreshed
2019-01-22 13:54:04.058  INFO 14372 --- [restartedMain] d.s.w.p.DocumentationPluginsBootstrapper : Found 1 custom documentation plugin(s)
2019-01-22 13:54:04.092  INFO 14372 --- [restartedMain] s.d.s.w.s.ApiListingReferenceScanner     : Scanning for api listing references
2019-01-22 13:54:04.263  INFO 14372 --- [restartedMain] o.s.b.w.embedded.tomcat.TomcatWebServer  : Tomcat started on port(s): 8080 (http) with context path ''
2019-01-22 13:54:04.269  INFO 14372 --- [restartedMain] com.jmonitor.JmonitorApplication         : Started JmonitorApplication in 4.644 seconds (JVM running for 5.445)
2019-01-22 13:54:14.209  INFO 14372 --- [http-nio-8080-exec-1] o.a.c.c.C.[Tomcat].[localhost].[/]       : Initializing Spring DispatcherServlet 'dispatcherServlet'
2019-01-22 13:54:14.210  INFO 14372 --- [http-nio-8080-exec-1] o.s.web.servlet.DispatcherServlet        : Initializing Servlet 'dispatcherServlet'
2019-01-22 13:54:14.220  INFO 14372 --- [http-nio-8080-exec-1] o.s.web.servlet.DispatcherServlet        : Completed initialization in 10 ms
2019-01-22 13:54:14.620 ERROR 14372 --- [http-nio-8080-exec-1] c.j.m.sys.service.impl.LayerServiceImpl  : 组内规则或图片查询异常
2019-01-22 13:54:14.633 ERROR 14372 --- [http-nio-8080-exec-1] c.j.m.sys.service.impl.LayerServiceImpl  : 组内规则或图片查询异常
2019-01-22 13:55:20.540 ERROR 14372 --- [http-nio-8080-exec-2] c.j.m.sys.service.impl.LayerServiceImpl  : 组内规则或图片查询异常
2019-01-22 13:55:21.331 ERROR 14372 --- [http-nio-8080-exec-2] c.j.m.sys.service.impl.LayerServiceImpl  : 组内规则或图片查询异常
2019-01-22 13:55:55.047 ERROR 14372 --- [http-nio-8080-exec-3] c.j.m.sys.service.impl.LayerServiceImpl  : 组内规则或图片查询异常
2019-01-22 13:55:55.736 ERROR 14372 --- [http-nio-8080-exec-3] c.j.m.sys.service.impl.LayerServiceImpl  : 组内规则或图片查询异常
2019-01-22 13:56:57.710 ERROR 14372 --- [http-nio-8080-exec-4] c.j.m.sys.service.impl.LayerServiceImpl  : 组内规则或图片查询异常
2019-01-22 13:56:58.399 ERROR 14372 --- [http-nio-8080-exec-4] c.j.m.sys.service.impl.LayerServiceImpl  : 组内规则或图片查询异常
2019-01-22 13:57:17.817  INFO 14372 --- [Thread-7] o.s.s.concurrent.ThreadPoolTaskExecutor  : Shutting down ExecutorService 'applicationTaskExecutor'
2019-01-22 13:57:17.818  INFO 14372 --- [Thread-7] o.s.c.ehcache.EhCacheManagerFactoryBean  : Shutting down EhCache CacheManager
2019-01-22 13:57:17.837  INFO 14372 --- [Thread-7] com.alibaba.druid.pool.DruidDataSource   : {dataSource-1} closed
2019-01-22 13:57:18.222  INFO 14372 --- [restartedMain] com.jmonitor.JmonitorApplication         : Starting JmonitorApplication on DESKTOP-DBO4L4B with PID 14372 (F:\java\sts_workspace\Jmonitor\target\classes started by Administrator in F:\java\sts_workspace\Jmonitor)
2019-01-22 13:57:18.223  INFO 14372 --- [restartedMain] com.jmonitor.JmonitorApplication         : The following profiles are active: dev
2019-01-22 13:57:18.825  INFO 14372 --- [restartedMain] trationDelegate$BeanPostProcessorChecker : Bean 'com.alibaba.druid.spring.boot.autoconfigure.stat.DruidSpringAopConfiguration' of type [com.alibaba.druid.spring.boot.autoconfigure.stat.DruidSpringAopConfiguration] is not eligible for getting processed by all BeanPostProcessors (for example: not eligible for auto-proxying)
2019-01-22 13:57:18.846  INFO 14372 --- [restartedMain] trationDelegate$BeanPostProcessorChecker : Bean 'org.springframework.transaction.annotation.ProxyTransactionManagementConfiguration' of type [org.springframework.transaction.annotation.ProxyTransactionManagementConfiguration$$EnhancerBySpringCGLIB$$a7498a11] is not eligible for getting processed by all BeanPostProcessors (for example: not eligible for auto-proxying)
2019-01-22 13:57:18.854  INFO 14372 --- [restartedMain] trationDelegate$BeanPostProcessorChecker : Bean 'spring.datasource.druid-com.alibaba.druid.spring.boot.autoconfigure.properties.DruidStatProperties' of type [com.alibaba.druid.spring.boot.autoconfigure.properties.DruidStatProperties] is not eligible for getting processed by all BeanPostProcessors (for example: not eligible for auto-proxying)
2019-01-22 13:57:18.855  INFO 14372 --- [restartedMain] trationDelegate$BeanPostProcessorChecker : Bean 'advisor' of type [org.springframework.aop.support.RegexpMethodPointcutAdvisor] is not eligible for getting processed by all BeanPostProcessors (for example: not eligible for auto-proxying)
2019-01-22 13:57:18.966  INFO 14372 --- [restartedMain] o.s.b.w.embedded.tomcat.TomcatWebServer  : Tomcat initialized with port(s): 8080 (http)
2019-01-22 13:57:18.967  INFO 14372 --- [restartedMain] o.apache.catalina.core.StandardService   : Starting service [Tomcat]
2019-01-22 13:57:18.967  INFO 14372 --- [restartedMain] org.apache.catalina.core.StandardEngine  : Starting Servlet Engine: Apache Tomcat/9.0.13
2019-01-22 13:57:18.988  INFO 14372 --- [restartedMain] o.a.c.c.C.[Tomcat].[localhost].[/]       : Initializing Spring embedded WebApplicationContext
2019-01-22 13:57:18.990  INFO 14372 --- [restartedMain] o.s.web.context.ContextLoader            : Root WebApplicationContext: initialization completed in 764 ms
2019-01-22 13:57:19.077  INFO 14372 --- [restartedMain] c.a.d.s.b.a.DruidDataSourceAutoConfigure : Init DruidDataSource
2019-01-22 13:57:19.214  INFO 14372 --- [restartedMain] com.alibaba.druid.pool.DruidDataSource   : {dataSource-2} inited
2019-01-22 13:57:19.322  WARN 14372 --- [restartedMain] c.b.m.core.toolkit.TableInfoHelper       : Warn: Could not find @TableId in Class: com.jmonitor.modules.sys.entity.Loadbalancers.
2019-01-22 13:57:19.367  WARN 14372 --- [restartedMain] c.b.m.core.toolkit.TableInfoHelper       : Warn: Could not find @TableId in Class: com.jmonitor.modules.sys.entity.Pods.
2019-01-22 13:57:19.425  WARN 14372 --- [restartedMain] c.b.m.core.toolkit.TableInfoHelper       : Warn: Could not find @TableId in Class: com.jmonitor.modules.sys.entity.Servers.
2019-01-22 13:57:19.857  INFO 14372 --- [restartedMain] o.s.c.ehcache.EhCacheManagerFactoryBean  : Initializing EhCache CacheManager
2019-01-22 13:57:19.883  INFO 14372 --- [restartedMain] pertySourcedRequestMappingHandlerMapping : Mapped URL path [/v2/api-docs] onto method [public org.springframework.http.ResponseEntity<springfox.documentation.spring.web.json.Json> springfox.documentation.swagger2.web.Swagger2Controller.getDocumentation(java.lang.String,javax.servlet.http.HttpServletRequest)]
2019-01-22 13:57:19.958  INFO 14372 --- [restartedMain] o.s.s.concurrent.ThreadPoolTaskExecutor  : Initializing ExecutorService 'applicationTaskExecutor'
2019-01-22 13:57:19.974  INFO 14372 --- [restartedMain] o.s.b.d.a.OptionalLiveReloadServer       : LiveReload server is running on port 35729
2019-01-22 13:57:20.116  INFO 14372 --- [restartedMain] d.s.w.p.DocumentationPluginsBootstrapper : Context refreshed
2019-01-22 13:57:20.117  INFO 14372 --- [restartedMain] d.s.w.p.DocumentationPluginsBootstrapper : Found 1 custom documentation plugin(s)
2019-01-22 13:57:20.123  INFO 14372 --- [restartedMain] s.d.s.w.s.ApiListingReferenceScanner     : Scanning for api listing references
2019-01-22 13:57:20.155  INFO 14372 --- [restartedMain] o.s.b.w.embedded.tomcat.TomcatWebServer  : Tomcat started on port(s): 8080 (http) with context path ''
2019-01-22 13:57:20.156  INFO 14372 --- [restartedMain] com.jmonitor.JmonitorApplication         : Started JmonitorApplication in 2.004 seconds (JVM running for 201.332)
2019-01-22 13:57:20.164  INFO 14372 --- [restartedMain] .ConditionEvaluationDeltaLoggingListener : Condition evaluation unchanged
2019-01-22 13:57:27.011  INFO 14372 --- [http-nio-8080-exec-1] o.a.c.c.C.[Tomcat].[localhost].[/]       : Initializing Spring DispatcherServlet 'dispatcherServlet'
2019-01-22 13:57:27.014  INFO 14372 --- [http-nio-8080-exec-1] o.s.web.servlet.DispatcherServlet        : Initializing Servlet 'dispatcherServlet'
2019-01-22 13:57:27.026  INFO 14372 --- [http-nio-8080-exec-1] o.s.web.servlet.DispatcherServlet        : Completed initialization in 11 ms
2019-01-22 13:58:44.114 ERROR 14372 --- [http-nio-8080-exec-1] c.j.m.sys.service.impl.LayerServiceImpl  : 组内规则或图片查询异常
2019-01-22 13:59:59.611 ERROR 14372 --- [http-nio-8080-exec-1] c.j.m.sys.service.impl.LayerServiceImpl  : 组内规则或图片查询异常
2019-01-22 14:01:57.423  INFO 14372 --- [RMI TCP Connection(2)-127.0.0.1] inMXBeanRegistrar$SpringApplicationAdmin : Application shutdown requested.
2019-01-22 14:01:57.429  INFO 14372 --- [RMI TCP Connection(2)-127.0.0.1] o.s.s.concurrent.ThreadPoolTaskExecutor  : Shutting down ExecutorService 'applicationTaskExecutor'
2019-01-22 14:01:57.430  INFO 14372 --- [RMI TCP Connection(2)-127.0.0.1] o.s.c.ehcache.EhCacheManagerFactoryBean  : Shutting down EhCache CacheManager
2019-01-22 14:01:57.446  INFO 14372 --- [RMI TCP Connection(2)-127.0.0.1] com.alibaba.druid.pool.DruidDataSource   : {dataSource-2} closed
2019-01-22 14:07:10.195  INFO 14988 --- [restartedMain] com.jmonitor.JmonitorApplication         : Starting JmonitorApplication on DESKTOP-DBO4L4B with PID 14988 (F:\java\sts_workspace\Jmonitor\target\classes started by Administrator in F:\java\sts_workspace\Jmonitor)
2019-01-22 14:07:10.201  INFO 14988 --- [restartedMain] com.jmonitor.JmonitorApplication         : The following profiles are active: dev
2019-01-22 14:07:10.253  INFO 14988 --- [restartedMain] .e.DevToolsPropertyDefaultsPostProcessor : Devtools property defaults active! Set 'spring.devtools.add-properties' to 'false' to disable
2019-01-22 14:07:10.253  INFO 14988 --- [restartedMain] .e.DevToolsPropertyDefaultsPostProcessor : For additional web related logging consider setting the 'logging.level.web' property to 'DEBUG'
2019-01-22 14:07:11.575  INFO 14988 --- [restartedMain] trationDelegate$BeanPostProcessorChecker : Bean 'com.alibaba.druid.spring.boot.autoconfigure.stat.DruidSpringAopConfiguration' of type [com.alibaba.druid.spring.boot.autoconfigure.stat.DruidSpringAopConfiguration] is not eligible for getting processed by all BeanPostProcessors (for example: not eligible for auto-proxying)
2019-01-22 14:07:11.629  INFO 14988 --- [restartedMain] trationDelegate$BeanPostProcessorChecker : Bean 'org.springframework.transaction.annotation.ProxyTransactionManagementConfiguration' of type [org.springframework.transaction.annotation.ProxyTransactionManagementConfiguration$$EnhancerBySpringCGLIB$$f7d6cf92] is not eligible for getting processed by all BeanPostProcessors (for example: not eligible for auto-proxying)
2019-01-22 14:07:11.663  INFO 14988 --- [restartedMain] trationDelegate$BeanPostProcessorChecker : Bean 'spring.datasource.druid-com.alibaba.druid.spring.boot.autoconfigure.properties.DruidStatProperties' of type [com.alibaba.druid.spring.boot.autoconfigure.properties.DruidStatProperties] is not eligible for getting processed by all BeanPostProcessors (for example: not eligible for auto-proxying)
2019-01-22 14:07:11.671  INFO 14988 --- [restartedMain] trationDelegate$BeanPostProcessorChecker : Bean 'advisor' of type [org.springframework.aop.support.RegexpMethodPointcutAdvisor] is not eligible for getting processed by all BeanPostProcessors (for example: not eligible for auto-proxying)
2019-01-22 14:07:12.035  INFO 14988 --- [restartedMain] o.s.b.w.embedded.tomcat.TomcatWebServer  : Tomcat initialized with port(s): 8080 (http)
2019-01-22 14:07:12.055  INFO 14988 --- [restartedMain] o.apache.catalina.core.StandardService   : Starting service [Tomcat]
2019-01-22 14:07:12.055  INFO 14988 --- [restartedMain] org.apache.catalina.core.StandardEngine  : Starting Servlet Engine: Apache Tomcat/9.0.13
2019-01-22 14:07:12.061  INFO 14988 --- [restartedMain] o.a.catalina.core.AprLifecycleListener   : The APR based Apache Tomcat Native library which allows optimal performance in production environments was not found on the java.library.path: [D:\Program Development\Java\jdk1.8.0_191\bin;C:\WINDOWS\Sun\Java\bin;C:\WINDOWS\system32;C:\WINDOWS;D:\Program Development\Java\jdk1.8.0_191\jre\bin;D:/Program Development/Java/jre1.8.0_191/bin/server;D:/Program Development/Java/jre1.8.0_191/bin;D:/Program Development/Java/jre1.8.0_191/lib/amd64;C:\Program Files\VanDyke Software\Clients\;C:\Program Files (x86)\Common Files\Oracle\Java\javapath;C:\Program Files (x86)\Intel\Intel(R) Management Engine Components\iCLS\;C:\Program Files\Intel\Intel(R) Management Engine Components\iCLS\;C:\WINDOWS\system32;C:\WINDOWS;C:\WINDOWS\System32\Wbem;C:\WINDOWS\System32\WindowsPowerShell\v1.0\;C:\Program Files\Intel\WiFi\bin\;C:\Program Files\Common Files\Intel\WirelessCommon\;C:\Program Files (x86)\Intel\Intel(R) Management Engine Components\DAL;C:\Program Files\Intel\Intel(R) Management Engine Components\DAL;C:\Program Files (x86)\Intel\Intel(R) Management Engine Components\IPT;C:\Program Files\Intel\Intel(R) Management Engine Components\IPT;D:\Program Development\maven\apache-maven-3.6.0\bin;D:\Program Files\Git\cmd;C:\Program Files\MySQL\MySQL Server 5.7\bin;C:\Users\Administrator\AppData\Local\Microsoft\WindowsApps;;D:\Program Development\sts\sts-4.0.2.RELEASE;;.]
2019-01-22 14:07:12.156  INFO 14988 --- [restartedMain] o.a.c.c.C.[Tomcat].[localhost].[/]       : Initializing Spring embedded WebApplicationContext
2019-01-22 14:07:12.157  INFO 14988 --- [restartedMain] o.s.web.context.ContextLoader            : Root WebApplicationContext: initialization completed in 1904 ms
2019-01-22 14:07:12.476  INFO 14988 --- [restartedMain] c.a.d.s.b.a.DruidDataSourceAutoConfigure : Init DruidDataSource
2019-01-22 14:07:12.769  INFO 14988 --- [restartedMain] com.alibaba.druid.pool.DruidDataSource   : {dataSource-1} inited
2019-01-22 14:07:12.998  WARN 14988 --- [restartedMain] c.b.m.core.toolkit.TableInfoHelper       : Warn: Could not find @TableId in Class: com.jmonitor.modules.sys.entity.Loadbalancers.
2019-01-22 14:07:13.044  WARN 14988 --- [restartedMain] c.b.m.core.toolkit.TableInfoHelper       : Warn: Could not find @TableId in Class: com.jmonitor.modules.sys.entity.Pods.
2019-01-22 14:07:13.093  WARN 14988 --- [restartedMain] c.b.m.core.toolkit.TableInfoHelper       : Warn: Could not find @TableId in Class: com.jmonitor.modules.sys.entity.Servers.
2019-01-22 14:07:13.738  INFO 14988 --- [restartedMain] o.s.c.ehcache.EhCacheManagerFactoryBean  : Initializing EhCache CacheManager
2019-01-22 14:07:13.920  INFO 14988 --- [restartedMain] pertySourcedRequestMappingHandlerMapping : Mapped URL path [/v2/api-docs] onto method [public org.springframework.http.ResponseEntity<springfox.documentation.spring.web.json.Json> springfox.documentation.swagger2.web.Swagger2Controller.getDocumentation(java.lang.String,javax.servlet.http.HttpServletRequest)]
2019-01-22 14:07:14.074  INFO 14988 --- [restartedMain] o.s.s.concurrent.ThreadPoolTaskExecutor  : Initializing ExecutorService 'applicationTaskExecutor'
2019-01-22 14:07:14.126  INFO 14988 --- [restartedMain] o.s.b.d.a.OptionalLiveReloadServer       : LiveReload server is running on port 35729
2019-01-22 14:07:14.370  INFO 14988 --- [restartedMain] d.s.w.p.DocumentationPluginsBootstrapper : Context refreshed
2019-01-22 14:07:14.385  INFO 14988 --- [restartedMain] d.s.w.p.DocumentationPluginsBootstrapper : Found 1 custom documentation plugin(s)
2019-01-22 14:07:14.416  INFO 14988 --- [restartedMain] s.d.s.w.s.ApiListingReferenceScanner     : Scanning for api listing references
2019-01-22 14:07:14.597  INFO 14988 --- [restartedMain] o.s.b.w.embedded.tomcat.TomcatWebServer  : Tomcat started on port(s): 8080 (http) with context path ''
2019-01-22 14:07:14.602  INFO 14988 --- [restartedMain] com.jmonitor.JmonitorApplication         : Started JmonitorApplication in 4.949 seconds (JVM running for 5.792)
2019-01-22 14:07:20.563  INFO 14988 --- [http-nio-8080-exec-1] o.a.c.c.C.[Tomcat].[localhost].[/]       : Initializing Spring DispatcherServlet 'dispatcherServlet'
2019-01-22 14:07:20.563  INFO 14988 --- [http-nio-8080-exec-1] o.s.web.servlet.DispatcherServlet        : Initializing Servlet 'dispatcherServlet'
2019-01-22 14:07:20.575  INFO 14988 --- [http-nio-8080-exec-1] o.s.web.servlet.DispatcherServlet        : Completed initialization in 11 ms
2019-01-22 14:12:31.801  INFO 14988 --- [RMI TCP Connection(2)-127.0.0.1] inMXBeanRegistrar$SpringApplicationAdmin : Application shutdown requested.
2019-01-22 14:12:31.805  INFO 14988 --- [RMI TCP Connection(2)-127.0.0.1] o.s.s.concurrent.ThreadPoolTaskExecutor  : Shutting down ExecutorService 'applicationTaskExecutor'
2019-01-22 14:12:31.805  INFO 14988 --- [RMI TCP Connection(2)-127.0.0.1] o.s.c.ehcache.EhCacheManagerFactoryBean  : Shutting down EhCache CacheManager
2019-01-22 14:12:31.822  INFO 14988 --- [RMI TCP Connection(2)-127.0.0.1] com.alibaba.druid.pool.DruidDataSource   : {dataSource-1} closed
2019-01-22 14:21:57.884  INFO 15100 --- [restartedMain] com.jmonitor.JmonitorApplication         : Starting JmonitorApplication on DESKTOP-DBO4L4B with PID 15100 (F:\java\sts_workspace\Jmonitor\target\classes started by Administrator in F:\java\sts_workspace\Jmonitor)
2019-01-22 14:21:57.889  INFO 15100 --- [restartedMain] com.jmonitor.JmonitorApplication         : The following profiles are active: dev
2019-01-22 14:21:57.932  INFO 15100 --- [restartedMain] .e.DevToolsPropertyDefaultsPostProcessor : Devtools property defaults active! Set 'spring.devtools.add-properties' to 'false' to disable
2019-01-22 14:21:57.932  INFO 15100 --- [restartedMain] .e.DevToolsPropertyDefaultsPostProcessor : For additional web related logging consider setting the 'logging.level.web' property to 'DEBUG'
2019-01-22 14:21:59.254  INFO 15100 --- [restartedMain] trationDelegate$BeanPostProcessorChecker : Bean 'com.alibaba.druid.spring.boot.autoconfigure.stat.DruidSpringAopConfiguration' of type [com.alibaba.druid.spring.boot.autoconfigure.stat.DruidSpringAopConfiguration] is not eligible for getting processed by all BeanPostProcessors (for example: not eligible for auto-proxying)
2019-01-22 14:21:59.297  INFO 15100 --- [restartedMain] trationDelegate$BeanPostProcessorChecker : Bean 'org.springframework.transaction.annotation.ProxyTransactionManagementConfiguration' of type [org.springframework.transaction.annotation.ProxyTransactionManagementConfiguration$$EnhancerBySpringCGLIB$$551af3ea] is not eligible for getting processed by all BeanPostProcessors (for example: not eligible for auto-proxying)
2019-01-22 14:21:59.337  INFO 15100 --- [restartedMain] trationDelegate$BeanPostProcessorChecker : Bean 'spring.datasource.druid-com.alibaba.druid.spring.boot.autoconfigure.properties.DruidStatProperties' of type [com.alibaba.druid.spring.boot.autoconfigure.properties.DruidStatProperties] is not eligible for getting processed by all BeanPostProcessors (for example: not eligible for auto-proxying)
2019-01-22 14:21:59.344  INFO 15100 --- [restartedMain] trationDelegate$BeanPostProcessorChecker : Bean 'advisor' of type [org.springframework.aop.support.RegexpMethodPointcutAdvisor] is not eligible for getting processed by all BeanPostProcessors (for example: not eligible for auto-proxying)
2019-01-22 14:21:59.708  INFO 15100 --- [restartedMain] o.s.b.w.embedded.tomcat.TomcatWebServer  : Tomcat initialized with port(s): 8080 (http)
2019-01-22 14:21:59.729  INFO 15100 --- [restartedMain] o.apache.catalina.core.StandardService   : Starting service [Tomcat]
2019-01-22 14:21:59.730  INFO 15100 --- [restartedMain] org.apache.catalina.core.StandardEngine  : Starting Servlet Engine: Apache Tomcat/9.0.13
2019-01-22 14:21:59.740  INFO 15100 --- [restartedMain] o.a.catalina.core.AprLifecycleListener   : The APR based Apache Tomcat Native library which allows optimal performance in production environments was not found on the java.library.path: [D:\Program Development\Java\jdk1.8.0_191\bin;C:\WINDOWS\Sun\Java\bin;C:\WINDOWS\system32;C:\WINDOWS;D:\Program Development\Java\jdk1.8.0_191\jre\bin;D:/Program Development/Java/jre1.8.0_191/bin/server;D:/Program Development/Java/jre1.8.0_191/bin;D:/Program Development/Java/jre1.8.0_191/lib/amd64;C:\Program Files\VanDyke Software\Clients\;C:\Program Files (x86)\Common Files\Oracle\Java\javapath;C:\Program Files (x86)\Intel\Intel(R) Management Engine Components\iCLS\;C:\Program Files\Intel\Intel(R) Management Engine Components\iCLS\;C:\WINDOWS\system32;C:\WINDOWS;C:\WINDOWS\System32\Wbem;C:\WINDOWS\System32\WindowsPowerShell\v1.0\;C:\Program Files\Intel\WiFi\bin\;C:\Program Files\Common Files\Intel\WirelessCommon\;C:\Program Files (x86)\Intel\Intel(R) Management Engine Components\DAL;C:\Program Files\Intel\Intel(R) Management Engine Components\DAL;C:\Program Files (x86)\Intel\Intel(R) Management Engine Components\IPT;C:\Program Files\Intel\Intel(R) Management Engine Components\IPT;D:\Program Development\maven\apache-maven-3.6.0\bin;D:\Program Files\Git\cmd;C:\Program Files\MySQL\MySQL Server 5.7\bin;C:\Users\Administrator\AppData\Local\Microsoft\WindowsApps;;D:\Program Development\sts\sts-4.0.2.RELEASE;;.]
2019-01-22 14:21:59.848  INFO 15100 --- [restartedMain] o.a.c.c.C.[Tomcat].[localhost].[/]       : Initializing Spring embedded WebApplicationContext
2019-01-22 14:21:59.848  INFO 15100 --- [restartedMain] o.s.web.context.ContextLoader            : Root WebApplicationContext: initialization completed in 1916 ms
2019-01-22 14:22:00.181  INFO 15100 --- [restartedMain] c.a.d.s.b.a.DruidDataSourceAutoConfigure : Init DruidDataSource
2019-01-22 14:22:00.481  INFO 15100 --- [restartedMain] com.alibaba.druid.pool.DruidDataSource   : {dataSource-1} inited
2019-01-22 14:22:00.728  WARN 15100 --- [restartedMain] c.b.m.core.toolkit.TableInfoHelper       : Warn: Could not find @TableId in Class: com.jmonitor.modules.sys.entity.Loadbalancers.
2019-01-22 14:22:00.769  WARN 15100 --- [restartedMain] c.b.m.core.toolkit.TableInfoHelper       : Warn: Could not find @TableId in Class: com.jmonitor.modules.sys.entity.Pods.
2019-01-22 14:22:00.810  WARN 15100 --- [restartedMain] c.b.m.core.toolkit.TableInfoHelper       : Warn: Could not find @TableId in Class: com.jmonitor.modules.sys.entity.Servers.
2019-01-22 14:22:01.443  INFO 15100 --- [restartedMain] o.s.c.ehcache.EhCacheManagerFactoryBean  : Initializing EhCache CacheManager
2019-01-22 14:22:01.617  INFO 15100 --- [restartedMain] pertySourcedRequestMappingHandlerMapping : Mapped URL path [/v2/api-docs] onto method [public org.springframework.http.ResponseEntity<springfox.documentation.spring.web.json.Json> springfox.documentation.swagger2.web.Swagger2Controller.getDocumentation(java.lang.String,javax.servlet.http.HttpServletRequest)]
2019-01-22 14:22:01.772  INFO 15100 --- [restartedMain] o.s.s.concurrent.ThreadPoolTaskExecutor  : Initializing ExecutorService 'applicationTaskExecutor'
2019-01-22 14:22:01.825  INFO 15100 --- [restartedMain] o.s.b.d.a.OptionalLiveReloadServer       : LiveReload server is running on port 35729
2019-01-22 14:22:02.084  INFO 15100 --- [restartedMain] d.s.w.p.DocumentationPluginsBootstrapper : Context refreshed
2019-01-22 14:22:02.104  INFO 15100 --- [restartedMain] d.s.w.p.DocumentationPluginsBootstrapper : Found 1 custom documentation plugin(s)
2019-01-22 14:22:02.143  INFO 15100 --- [restartedMain] s.d.s.w.s.ApiListingReferenceScanner     : Scanning for api listing references
2019-01-22 14:22:02.332  INFO 15100 --- [restartedMain] o.s.b.w.embedded.tomcat.TomcatWebServer  : Tomcat started on port(s): 8080 (http) with context path ''
2019-01-22 14:22:02.337  INFO 15100 --- [restartedMain] com.jmonitor.JmonitorApplication         : Started JmonitorApplication in 4.959 seconds (JVM running for 5.79)
2019-01-22 14:22:19.464  INFO 15100 --- [http-nio-8080-exec-1] o.a.c.c.C.[Tomcat].[localhost].[/]       : Initializing Spring DispatcherServlet 'dispatcherServlet'
2019-01-22 14:22:19.464  INFO 15100 --- [http-nio-8080-exec-1] o.s.web.servlet.DispatcherServlet        : Initializing Servlet 'dispatcherServlet'
2019-01-22 14:22:19.474  INFO 15100 --- [http-nio-8080-exec-1] o.s.web.servlet.DispatcherServlet        : Completed initialization in 10 ms
2019-01-22 14:24:16.667  INFO 15100 --- [RMI TCP Connection(2)-127.0.0.1] inMXBeanRegistrar$SpringApplicationAdmin : Application shutdown requested.
2019-01-22 14:24:16.680  INFO 15100 --- [RMI TCP Connection(2)-127.0.0.1] o.s.s.concurrent.ThreadPoolTaskExecutor  : Shutting down ExecutorService 'applicationTaskExecutor'
2019-01-22 14:24:16.681  INFO 15100 --- [RMI TCP Connection(2)-127.0.0.1] o.s.c.ehcache.EhCacheManagerFactoryBean  : Shutting down EhCache CacheManager
2019-01-22 14:24:16.698  INFO 15100 --- [RMI TCP Connection(2)-127.0.0.1] com.alibaba.druid.pool.DruidDataSource   : {dataSource-1} closed
2019-01-22 14:47:04.670  INFO 1556 --- [restartedMain] com.jmonitor.JmonitorApplication         : Starting JmonitorApplication on DESKTOP-DBO4L4B with PID 1556 (F:\java\sts_workspace\Jmonitor\target\classes started by Administrator in F:\java\sts_workspace\Jmonitor)
2019-01-22 14:47:04.673  INFO 1556 --- [restartedMain] com.jmonitor.JmonitorApplication         : The following profiles are active: dev
2019-01-22 14:47:04.758  INFO 1556 --- [restartedMain] .e.DevToolsPropertyDefaultsPostProcessor : Devtools property defaults active! Set 'spring.devtools.add-properties' to 'false' to disable
2019-01-22 14:47:04.758  INFO 1556 --- [restartedMain] .e.DevToolsPropertyDefaultsPostProcessor : For additional web related logging consider setting the 'logging.level.web' property to 'DEBUG'
2019-01-22 14:47:06.075  INFO 1556 --- [restartedMain] trationDelegate$BeanPostProcessorChecker : Bean 'com.alibaba.druid.spring.boot.autoconfigure.stat.DruidSpringAopConfiguration' of type [com.alibaba.druid.spring.boot.autoconfigure.stat.DruidSpringAopConfiguration] is not eligible for getting processed by all BeanPostProcessors (for example: not eligible for auto-proxying)
2019-01-22 14:47:06.123  INFO 1556 --- [restartedMain] trationDelegate$BeanPostProcessorChecker : Bean 'org.springframework.transaction.annotation.ProxyTransactionManagementConfiguration' of type [org.springframework.transaction.annotation.ProxyTransactionManagementConfiguration$$EnhancerBySpringCGLIB$$c4dfe148] is not eligible for getting processed by all BeanPostProcessors (for example: not eligible for auto-proxying)
2019-01-22 14:47:06.158  INFO 1556 --- [restartedMain] trationDelegate$BeanPostProcessorChecker : Bean 'spring.datasource.druid-com.alibaba.druid.spring.boot.autoconfigure.properties.DruidStatProperties' of type [com.alibaba.druid.spring.boot.autoconfigure.properties.DruidStatProperties] is not eligible for getting processed by all BeanPostProcessors (for example: not eligible for auto-proxying)
2019-01-22 14:47:06.164  INFO 1556 --- [restartedMain] trationDelegate$BeanPostProcessorChecker : Bean 'advisor' of type [org.springframework.aop.support.RegexpMethodPointcutAdvisor] is not eligible for getting processed by all BeanPostProcessors (for example: not eligible for auto-proxying)
2019-01-22 14:47:06.520  INFO 1556 --- [restartedMain] o.s.b.w.embedded.tomcat.TomcatWebServer  : Tomcat initialized with port(s): 8080 (http)
2019-01-22 14:47:06.541  INFO 1556 --- [restartedMain] o.apache.catalina.core.StandardService   : Starting service [Tomcat]
2019-01-22 14:47:06.541  INFO 1556 --- [restartedMain] org.apache.catalina.core.StandardEngine  : Starting Servlet Engine: Apache Tomcat/9.0.13
2019-01-22 14:47:06.551  INFO 1556 --- [restartedMain] o.a.catalina.core.AprLifecycleListener   : The APR based Apache Tomcat Native library which allows optimal performance in production environments was not found on the java.library.path: [D:\Program Development\Java\jdk1.8.0_191\bin;C:\WINDOWS\Sun\Java\bin;C:\WINDOWS\system32;C:\WINDOWS;D:\Program Development\Java\jdk1.8.0_191\jre\bin;D:/Program Development/Java/jre1.8.0_191/bin/server;D:/Program Development/Java/jre1.8.0_191/bin;D:/Program Development/Java/jre1.8.0_191/lib/amd64;C:\Program Files\VanDyke Software\Clients\;C:\Program Files (x86)\Common Files\Oracle\Java\javapath;C:\Program Files (x86)\Intel\Intel(R) Management Engine Components\iCLS\;C:\Program Files\Intel\Intel(R) Management Engine Components\iCLS\;C:\WINDOWS\system32;C:\WINDOWS;C:\WINDOWS\System32\Wbem;C:\WINDOWS\System32\WindowsPowerShell\v1.0\;C:\Program Files\Intel\WiFi\bin\;C:\Program Files\Common Files\Intel\WirelessCommon\;C:\Program Files (x86)\Intel\Intel(R) Management Engine Components\DAL;C:\Program Files\Intel\Intel(R) Management Engine Components\DAL;C:\Program Files (x86)\Intel\Intel(R) Management Engine Components\IPT;C:\Program Files\Intel\Intel(R) Management Engine Components\IPT;D:\Program Development\maven\apache-maven-3.6.0\bin;D:\Program Files\Git\cmd;C:\Program Files\MySQL\MySQL Server 5.7\bin;C:\Users\Administrator\AppData\Local\Microsoft\WindowsApps;;D:\Program Development\sts\sts-4.0.2.RELEASE;;.]
2019-01-22 14:47:06.653  INFO 1556 --- [restartedMain] o.a.c.c.C.[Tomcat].[localhost].[/]       : Initializing Spring embedded WebApplicationContext
2019-01-22 14:47:06.654  INFO 1556 --- [restartedMain] o.s.web.context.ContextLoader            : Root WebApplicationContext: initialization completed in 1896 ms
2019-01-22 14:47:07.003  INFO 1556 --- [restartedMain] c.a.d.s.b.a.DruidDataSourceAutoConfigure : Init DruidDataSource
2019-01-22 14:47:07.324  INFO 1556 --- [restartedMain] com.alibaba.druid.pool.DruidDataSource   : {dataSource-1} inited
2019-01-22 14:47:07.588  WARN 1556 --- [restartedMain] c.b.m.core.toolkit.TableInfoHelper       : Warn: Could not find @TableId in Class: com.jmonitor.modules.sys.entity.Loadbalancers.
2019-01-22 14:47:07.635  WARN 1556 --- [restartedMain] c.b.m.core.toolkit.TableInfoHelper       : Warn: Could not find @TableId in Class: com.jmonitor.modules.sys.entity.Pods.
2019-01-22 14:47:07.685  WARN 1556 --- [restartedMain] c.b.m.core.toolkit.TableInfoHelper       : Warn: Could not find @TableId in Class: com.jmonitor.modules.sys.entity.Servers.
2019-01-22 14:47:08.284  INFO 1556 --- [restartedMain] o.s.c.ehcache.EhCacheManagerFactoryBean  : Initializing EhCache CacheManager
2019-01-22 14:47:08.461  INFO 1556 --- [restartedMain] pertySourcedRequestMappingHandlerMapping : Mapped URL path [/v2/api-docs] onto method [public org.springframework.http.ResponseEntity<springfox.documentation.spring.web.json.Json> springfox.documentation.swagger2.web.Swagger2Controller.getDocumentation(java.lang.String,javax.servlet.http.HttpServletRequest)]
2019-01-22 14:47:08.611  INFO 1556 --- [restartedMain] o.s.s.concurrent.ThreadPoolTaskExecutor  : Initializing ExecutorService 'applicationTaskExecutor'
2019-01-22 14:47:08.660  INFO 1556 --- [restartedMain] o.s.b.d.a.OptionalLiveReloadServer       : LiveReload server is running on port 35729
2019-01-22 14:47:08.914  INFO 1556 --- [restartedMain] d.s.w.p.DocumentationPluginsBootstrapper : Context refreshed
2019-01-22 14:47:08.935  INFO 1556 --- [restartedMain] d.s.w.p.DocumentationPluginsBootstrapper : Found 1 custom documentation plugin(s)
2019-01-22 14:47:08.974  INFO 1556 --- [restartedMain] s.d.s.w.s.ApiListingReferenceScanner     : Scanning for api listing references
2019-01-22 14:47:09.126  INFO 1556 --- [restartedMain] o.s.b.w.embedded.tomcat.TomcatWebServer  : Tomcat started on port(s): 8080 (http) with context path ''
2019-01-22 14:47:09.131  INFO 1556 --- [restartedMain] com.jmonitor.JmonitorApplication         : Started JmonitorApplication in 4.951 seconds (JVM running for 5.792)
2019-01-22 14:47:31.049  INFO 1556 --- [http-nio-8080-exec-1] o.a.c.c.C.[Tomcat].[localhost].[/]       : Initializing Spring DispatcherServlet 'dispatcherServlet'
2019-01-22 14:47:31.050  INFO 1556 --- [http-nio-8080-exec-1] o.s.web.servlet.DispatcherServlet        : Initializing Servlet 'dispatcherServlet'
2019-01-22 14:47:31.063  INFO 1556 --- [http-nio-8080-exec-1] o.s.web.servlet.DispatcherServlet        : Completed initialization in 13 ms
2019-01-22 14:48:58.980 ERROR 1556 --- [http-nio-8080-exec-1] c.j.m.sys.service.impl.LayerServiceImpl  : 组内规则或图片查询异常
2019-01-22 14:49:41.094 ERROR 1556 --- [http-nio-8080-exec-1] c.j.m.sys.service.impl.LayerServiceImpl  : 组内规则或图片查询异常
2019-01-22 14:54:42.003  INFO 1556 --- [RMI TCP Connection(2)-127.0.0.1] inMXBeanRegistrar$SpringApplicationAdmin : Application shutdown requested.
2019-01-22 14:54:42.008  INFO 1556 --- [RMI TCP Connection(2)-127.0.0.1] o.s.s.concurrent.ThreadPoolTaskExecutor  : Shutting down ExecutorService 'applicationTaskExecutor'
2019-01-22 14:54:42.009  INFO 1556 --- [RMI TCP Connection(2)-127.0.0.1] o.s.c.ehcache.EhCacheManagerFactoryBean  : Shutting down EhCache CacheManager
2019-01-22 14:54:42.035  INFO 1556 --- [RMI TCP Connection(2)-127.0.0.1] com.alibaba.druid.pool.DruidDataSource   : {dataSource-1} closed
