2019-02-18 09:59:29.528  INFO 11028 --- [restartedMain] com.jmonitor.JmonitorApplication         : Starting JmonitorApplication on DESKTOP-DBO4L4B with PID 11028 (F:\java\sts_workspace\Jmonitor\target\classes started by Administrator in F:\java\sts_workspace\Jmonitor)
2019-02-18 09:59:29.533  INFO 11028 --- [restartedMain] com.jmonitor.JmonitorApplication         : The following profiles are active: dev
2019-02-18 09:59:29.618  INFO 11028 --- [restartedMain] .e.DevToolsPropertyDefaultsPostProcessor : Devtools property defaults active! Set 'spring.devtools.add-properties' to 'false' to disable
2019-02-18 09:59:29.619  INFO 11028 --- [restartedMain] .e.DevToolsPropertyDefaultsPostProcessor : For additional web related logging consider setting the 'logging.level.web' property to 'DEBUG'
2019-02-18 09:59:30.938  INFO 11028 --- [restartedMain] trationDelegate$BeanPostProcessorChecker : Bean 'com.alibaba.druid.spring.boot.autoconfigure.stat.DruidSpringAopConfiguration' of type [com.alibaba.druid.spring.boot.autoconfigure.stat.DruidSpringAopConfiguration] is not eligible for getting processed by all BeanPostProcessors (for example: not eligible for auto-proxying)
2019-02-18 09:59:30.975  INFO 11028 --- [restartedMain] trationDelegate$BeanPostProcessorChecker : Bean 'org.springframework.transaction.annotation.ProxyTransactionManagementConfiguration' of type [org.springframework.transaction.annotation.ProxyTransactionManagementConfiguration$$EnhancerBySpringCGLIB$$2444e9cb] is not eligible for getting processed by all BeanPostProcessors (for example: not eligible for auto-proxying)
2019-02-18 09:59:31.010  INFO 11028 --- [restartedMain] trationDelegate$BeanPostProcessorChecker : Bean 'spring.datasource.druid-com.alibaba.druid.spring.boot.autoconfigure.properties.DruidStatProperties' of type [com.alibaba.druid.spring.boot.autoconfigure.properties.DruidStatProperties] is not eligible for getting processed by all BeanPostProcessors (for example: not eligible for auto-proxying)
2019-02-18 09:59:31.020  INFO 11028 --- [restartedMain] trationDelegate$BeanPostProcessorChecker : Bean 'advisor' of type [org.springframework.aop.support.RegexpMethodPointcutAdvisor] is not eligible for getting processed by all BeanPostProcessors (for example: not eligible for auto-proxying)
2019-02-18 09:59:31.387  INFO 11028 --- [restartedMain] o.s.b.w.embedded.tomcat.TomcatWebServer  : Tomcat initialized with port(s): 8080 (http)
2019-02-18 09:59:31.412  INFO 11028 --- [restartedMain] o.apache.catalina.core.StandardService   : Starting service [Tomcat]
2019-02-18 09:59:31.413  INFO 11028 --- [restartedMain] org.apache.catalina.core.StandardEngine  : Starting Servlet Engine: Apache Tomcat/9.0.13
2019-02-18 09:59:31.420  INFO 11028 --- [restartedMain] o.a.catalina.core.AprLifecycleListener   : The APR based Apache Tomcat Native library which allows optimal performance in production environments was not found on the java.library.path: [D:\Program Development\Java\jdk1.8.0_191\bin;C:\WINDOWS\Sun\Java\bin;C:\WINDOWS\system32;C:\WINDOWS;D:/Program Development/Java/jre1.8.0_191/bin/server;D:/Program Development/Java/jre1.8.0_191/bin;D:/Program Development/Java/jre1.8.0_191/lib/amd64;C:\Program Files\VanDyke Software\Clients\;C:\Program Files (x86)\Common Files\Oracle\Java\javapath;C:\Program Files (x86)\Intel\Intel(R) Management Engine Components\iCLS\;C:\Program Files\Intel\Intel(R) Management Engine Components\iCLS\;C:\WINDOWS\system32;C:\WINDOWS;C:\WINDOWS\System32\Wbem;C:\WINDOWS\System32\WindowsPowerShell\v1.0\;C:\Program Files\Intel\WiFi\bin\;C:\Program Files\Common Files\Intel\WirelessCommon\;C:\Program Files (x86)\Intel\Intel(R) Management Engine Components\DAL;C:\Program Files\Intel\Intel(R) Management Engine Components\DAL;C:\Program Files (x86)\Intel\Intel(R) Management Engine Components\IPT;C:\Program Files\Intel\Intel(R) Management Engine Components\IPT;D:\Program Development\maven\apache-maven-3.6.0\bin;D:\Program Files\Git\cmd;C:\Program Files\MySQL\MySQL Server 5.7\bin;C:\Users\Administrator\AppData\Local\Microsoft\WindowsApps;;D:\Program Development\sts\sts-4.0.2.RELEASE;;.]
2019-02-18 09:59:31.536  INFO 11028 --- [restartedMain] o.a.c.c.C.[Tomcat].[localhost].[/]       : Initializing Spring embedded WebApplicationContext
2019-02-18 09:59:31.537  INFO 11028 --- [restartedMain] o.s.web.context.ContextLoader            : Root WebApplicationContext: initialization completed in 1918 ms
2019-02-18 09:59:31.758  INFO 11028 --- [restartedMain] c.a.d.s.b.a.DruidDataSourceAutoConfigure : Init DruidDataSource
2019-02-18 09:59:32.095  INFO 11028 --- [restartedMain] com.alibaba.druid.pool.DruidDataSource   : {dataSource-1} inited
2019-02-18 09:59:32.260  WARN 11028 --- [restartedMain] c.b.m.core.toolkit.TableInfoHelper       : Warn: Could not find @TableId in Class: com.jmonitor.modules.sys.entity.Databases.
2019-02-18 09:59:32.401  WARN 11028 --- [restartedMain] c.b.m.core.toolkit.TableInfoHelper       : Warn: Could not find @TableId in Class: com.jmonitor.modules.sys.entity.Loadbalancers.
2019-02-18 09:59:32.462  WARN 11028 --- [restartedMain] c.b.m.core.toolkit.TableInfoHelper       : Warn: Could not find @TableId in Class: com.jmonitor.modules.sys.entity.Pods.
2019-02-18 09:59:32.516  WARN 11028 --- [restartedMain] c.b.m.core.toolkit.TableInfoHelper       : Warn: Could not find @TableId in Class: com.jmonitor.modules.sys.entity.Servers.
2019-02-18 09:59:33.345  INFO 11028 --- [restartedMain] o.s.c.ehcache.EhCacheManagerFactoryBean  : Initializing EhCache CacheManager
2019-02-18 09:59:33.567  INFO 11028 --- [restartedMain] o.s.b.d.a.OptionalLiveReloadServer       : LiveReload server is running on port 35729
2019-02-18 09:59:33.620  INFO 11028 --- [restartedMain] pertySourcedRequestMappingHandlerMapping : Mapped URL path [/v2/api-docs] onto method [public org.springframework.http.ResponseEntity<springfox.documentation.spring.web.json.Json> springfox.documentation.swagger2.web.Swagger2Controller.getDocumentation(java.lang.String,javax.servlet.http.HttpServletRequest)]
2019-02-18 09:59:33.863  INFO 11028 --- [restartedMain] d.s.w.p.DocumentationPluginsBootstrapper : Context refreshed
2019-02-18 09:59:33.881  INFO 11028 --- [restartedMain] d.s.w.p.DocumentationPluginsBootstrapper : Found 1 custom documentation plugin(s)
2019-02-18 09:59:33.911  INFO 11028 --- [restartedMain] s.d.s.w.s.ApiListingReferenceScanner     : Scanning for api listing references
2019-02-18 09:59:34.085  INFO 11028 --- [restartedMain] o.s.b.w.embedded.tomcat.TomcatWebServer  : Tomcat started on port(s): 8080 (http) with context path ''
2019-02-18 09:59:34.088  INFO 11028 --- [restartedMain] com.jmonitor.JmonitorApplication         : Started JmonitorApplication in 5.011 seconds (JVM running for 5.757)
2019-02-18 09:59:57.343  INFO 11028 --- [http-nio-8080-exec-1] o.a.c.c.C.[Tomcat].[localhost].[/]       : Initializing Spring DispatcherServlet 'dispatcherServlet'
2019-02-18 09:59:57.344  INFO 11028 --- [http-nio-8080-exec-1] o.s.web.servlet.DispatcherServlet        : Initializing Servlet 'dispatcherServlet'
2019-02-18 09:59:57.355  INFO 11028 --- [http-nio-8080-exec-1] o.s.web.servlet.DispatcherServlet        : Completed initialization in 11 ms
2019-02-18 09:59:57.986  WARN 11028 --- [http-nio-8080-exec-11] o.s.web.servlet.PageNotFound             : No mapping for GET /
2019-02-18 09:59:58.043  WARN 11028 --- [http-nio-8080-exec-12] o.s.web.servlet.PageNotFound             : No mapping for GET /csrf
2019-02-18 10:02:44.305  INFO 11028 --- [Thread-7] o.s.c.ehcache.EhCacheManagerFactoryBean  : Shutting down EhCache CacheManager
2019-02-18 10:02:44.321  INFO 11028 --- [Thread-7] com.alibaba.druid.pool.DruidDataSource   : {dataSource-1} closed
2019-02-18 10:02:44.657  INFO 11028 --- [restartedMain] com.jmonitor.JmonitorApplication         : Starting JmonitorApplication on DESKTOP-DBO4L4B with PID 11028 (F:\java\sts_workspace\Jmonitor\target\classes started by Administrator in F:\java\sts_workspace\Jmonitor)
2019-02-18 10:02:44.657  INFO 11028 --- [restartedMain] com.jmonitor.JmonitorApplication         : The following profiles are active: dev
2019-02-18 10:02:45.069  INFO 11028 --- [restartedMain] trationDelegate$BeanPostProcessorChecker : Bean 'com.alibaba.druid.spring.boot.autoconfigure.stat.DruidSpringAopConfiguration' of type [com.alibaba.druid.spring.boot.autoconfigure.stat.DruidSpringAopConfiguration] is not eligible for getting processed by all BeanPostProcessors (for example: not eligible for auto-proxying)
2019-02-18 10:02:45.080  INFO 11028 --- [restartedMain] trationDelegate$BeanPostProcessorChecker : Bean 'org.springframework.transaction.annotation.ProxyTransactionManagementConfiguration' of type [org.springframework.transaction.annotation.ProxyTransactionManagementConfiguration$$EnhancerBySpringCGLIB$$2444e9cb] is not eligible for getting processed by all BeanPostProcessors (for example: not eligible for auto-proxying)
2019-02-18 10:02:45.085  INFO 11028 --- [restartedMain] trationDelegate$BeanPostProcessorChecker : Bean 'spring.datasource.druid-com.alibaba.druid.spring.boot.autoconfigure.properties.DruidStatProperties' of type [com.alibaba.druid.spring.boot.autoconfigure.properties.DruidStatProperties] is not eligible for getting processed by all BeanPostProcessors (for example: not eligible for auto-proxying)
2019-02-18 10:02:45.086  INFO 11028 --- [restartedMain] trationDelegate$BeanPostProcessorChecker : Bean 'advisor' of type [org.springframework.aop.support.RegexpMethodPointcutAdvisor] is not eligible for getting processed by all BeanPostProcessors (for example: not eligible for auto-proxying)
2019-02-18 10:02:45.170  INFO 11028 --- [restartedMain] o.s.b.w.embedded.tomcat.TomcatWebServer  : Tomcat initialized with port(s): 8080 (http)
2019-02-18 10:02:45.171  INFO 11028 --- [restartedMain] o.apache.catalina.core.StandardService   : Starting service [Tomcat]
2019-02-18 10:02:45.171  INFO 11028 --- [restartedMain] org.apache.catalina.core.StandardEngine  : Starting Servlet Engine: Apache Tomcat/9.0.13
2019-02-18 10:02:45.192  INFO 11028 --- [restartedMain] o.a.c.c.C.[Tomcat].[localhost].[/]       : Initializing Spring embedded WebApplicationContext
2019-02-18 10:02:45.192  INFO 11028 --- [restartedMain] o.s.web.context.ContextLoader            : Root WebApplicationContext: initialization completed in 533 ms
2019-02-18 10:02:45.239  INFO 11028 --- [restartedMain] c.a.d.s.b.a.DruidDataSourceAutoConfigure : Init DruidDataSource
2019-02-18 10:02:45.336  INFO 11028 --- [restartedMain] com.alibaba.druid.pool.DruidDataSource   : {dataSource-2} inited
2019-02-18 10:02:45.368  WARN 11028 --- [restartedMain] c.b.m.core.toolkit.TableInfoHelper       : Warn: Could not find @TableId in Class: com.jmonitor.modules.sys.entity.Databases.
2019-02-18 10:02:45.429  WARN 11028 --- [restartedMain] c.b.m.core.toolkit.TableInfoHelper       : Warn: Could not find @TableId in Class: com.jmonitor.modules.sys.entity.Loadbalancers.
2019-02-18 10:02:45.471  WARN 11028 --- [restartedMain] c.b.m.core.toolkit.TableInfoHelper       : Warn: Could not find @TableId in Class: com.jmonitor.modules.sys.entity.Pods.
2019-02-18 10:02:45.527  WARN 11028 --- [restartedMain] c.b.m.core.toolkit.TableInfoHelper       : Warn: Could not find @TableId in Class: com.jmonitor.modules.sys.entity.Servers.
2019-02-18 10:02:45.844  INFO 11028 --- [restartedMain] o.s.c.ehcache.EhCacheManagerFactoryBean  : Initializing EhCache CacheManager
2019-02-18 10:02:45.986  INFO 11028 --- [restartedMain] o.s.b.d.a.OptionalLiveReloadServer       : LiveReload server is running on port 35729
2019-02-18 10:02:46.007  INFO 11028 --- [restartedMain] pertySourcedRequestMappingHandlerMapping : Mapped URL path [/v2/api-docs] onto method [public org.springframework.http.ResponseEntity<springfox.documentation.spring.web.json.Json> springfox.documentation.swagger2.web.Swagger2Controller.getDocumentation(java.lang.String,javax.servlet.http.HttpServletRequest)]
2019-02-18 10:02:46.177  INFO 11028 --- [restartedMain] d.s.w.p.DocumentationPluginsBootstrapper : Context refreshed
2019-02-18 10:02:46.179  INFO 11028 --- [restartedMain] d.s.w.p.DocumentationPluginsBootstrapper : Found 1 custom documentation plugin(s)
2019-02-18 10:02:46.185  INFO 11028 --- [restartedMain] s.d.s.w.s.ApiListingReferenceScanner     : Scanning for api listing references
2019-02-18 10:02:46.221  INFO 11028 --- [restartedMain] o.s.b.w.embedded.tomcat.TomcatWebServer  : Tomcat started on port(s): 8080 (http) with context path ''
2019-02-18 10:02:46.222  INFO 11028 --- [restartedMain] com.jmonitor.JmonitorApplication         : Started JmonitorApplication in 1.607 seconds (JVM running for 197.891)
2019-02-18 10:02:46.225  INFO 11028 --- [restartedMain] .ConditionEvaluationDeltaLoggingListener : Condition evaluation unchanged
2019-02-18 10:03:00.878  INFO 11028 --- [http-nio-8080-exec-1] o.a.c.c.C.[Tomcat].[localhost].[/]       : Initializing Spring DispatcherServlet 'dispatcherServlet'
2019-02-18 10:03:00.881  INFO 11028 --- [http-nio-8080-exec-1] o.s.web.servlet.DispatcherServlet        : Initializing Servlet 'dispatcherServlet'
2019-02-18 10:03:00.889  INFO 11028 --- [http-nio-8080-exec-1] o.s.web.servlet.DispatcherServlet        : Completed initialization in 7 ms
2019-02-18 10:03:06.889  INFO 11028 --- [RMI TCP Connection(2)-127.0.0.1] inMXBeanRegistrar$SpringApplicationAdmin : Application shutdown requested.
2019-02-18 10:03:06.895  INFO 11028 --- [RMI TCP Connection(2)-127.0.0.1] o.s.c.ehcache.EhCacheManagerFactoryBean  : Shutting down EhCache CacheManager
2019-02-18 10:03:06.923  INFO 11028 --- [RMI TCP Connection(2)-127.0.0.1] com.alibaba.druid.pool.DruidDataSource   : {dataSource-2} closed
2019-02-18 10:03:37.827  INFO 1600 --- [restartedMain] com.jmonitor.JmonitorApplication         : Starting JmonitorApplication on DESKTOP-DBO4L4B with PID 1600 (F:\java\sts_workspace\Jmonitor\target\classes started by Administrator in F:\java\sts_workspace\Jmonitor)
2019-02-18 10:03:37.860  INFO 1600 --- [restartedMain] com.jmonitor.JmonitorApplication         : The following profiles are active: dev
2019-02-18 10:03:37.906  INFO 1600 --- [restartedMain] .e.DevToolsPropertyDefaultsPostProcessor : Devtools property defaults active! Set 'spring.devtools.add-properties' to 'false' to disable
2019-02-18 10:03:37.907  INFO 1600 --- [restartedMain] .e.DevToolsPropertyDefaultsPostProcessor : For additional web related logging consider setting the 'logging.level.web' property to 'DEBUG'
2019-02-18 10:03:39.246  INFO 1600 --- [restartedMain] trationDelegate$BeanPostProcessorChecker : Bean 'com.alibaba.druid.spring.boot.autoconfigure.stat.DruidSpringAopConfiguration' of type [com.alibaba.druid.spring.boot.autoconfigure.stat.DruidSpringAopConfiguration] is not eligible for getting processed by all BeanPostProcessors (for example: not eligible for auto-proxying)
2019-02-18 10:03:39.292  INFO 1600 --- [restartedMain] trationDelegate$BeanPostProcessorChecker : Bean 'org.springframework.transaction.annotation.ProxyTransactionManagementConfiguration' of type [org.springframework.transaction.annotation.ProxyTransactionManagementConfiguration$$EnhancerBySpringCGLIB$$293abef8] is not eligible for getting processed by all BeanPostProcessors (for example: not eligible for auto-proxying)
2019-02-18 10:03:39.327  INFO 1600 --- [restartedMain] trationDelegate$BeanPostProcessorChecker : Bean 'spring.datasource.druid-com.alibaba.druid.spring.boot.autoconfigure.properties.DruidStatProperties' of type [com.alibaba.druid.spring.boot.autoconfigure.properties.DruidStatProperties] is not eligible for getting processed by all BeanPostProcessors (for example: not eligible for auto-proxying)
2019-02-18 10:03:39.334  INFO 1600 --- [restartedMain] trationDelegate$BeanPostProcessorChecker : Bean 'advisor' of type [org.springframework.aop.support.RegexpMethodPointcutAdvisor] is not eligible for getting processed by all BeanPostProcessors (for example: not eligible for auto-proxying)
2019-02-18 10:03:39.697  INFO 1600 --- [restartedMain] o.s.b.w.embedded.tomcat.TomcatWebServer  : Tomcat initialized with port(s): 8080 (http)
2019-02-18 10:03:39.718  INFO 1600 --- [restartedMain] o.apache.catalina.core.StandardService   : Starting service [Tomcat]
2019-02-18 10:03:39.718  INFO 1600 --- [restartedMain] org.apache.catalina.core.StandardEngine  : Starting Servlet Engine: Apache Tomcat/9.0.13
2019-02-18 10:03:39.727  INFO 1600 --- [restartedMain] o.a.catalina.core.AprLifecycleListener   : The APR based Apache Tomcat Native library which allows optimal performance in production environments was not found on the java.library.path: [D:\Program Development\Java\jdk1.8.0_191\bin;C:\WINDOWS\Sun\Java\bin;C:\WINDOWS\system32;C:\WINDOWS;D:\Program Development\Java\jdk1.8.0_191\jre\bin;D:/Program Development/Java/jre1.8.0_191/bin/server;D:/Program Development/Java/jre1.8.0_191/bin;D:/Program Development/Java/jre1.8.0_191/lib/amd64;C:\Program Files\VanDyke Software\Clients\;C:\Program Files (x86)\Common Files\Oracle\Java\javapath;C:\Program Files (x86)\Intel\Intel(R) Management Engine Components\iCLS\;C:\Program Files\Intel\Intel(R) Management Engine Components\iCLS\;C:\WINDOWS\system32;C:\WINDOWS;C:\WINDOWS\System32\Wbem;C:\WINDOWS\System32\WindowsPowerShell\v1.0\;C:\Program Files\Intel\WiFi\bin\;C:\Program Files\Common Files\Intel\WirelessCommon\;C:\Program Files (x86)\Intel\Intel(R) Management Engine Components\DAL;C:\Program Files\Intel\Intel(R) Management Engine Components\DAL;C:\Program Files (x86)\Intel\Intel(R) Management Engine Components\IPT;C:\Program Files\Intel\Intel(R) Management Engine Components\IPT;D:\Program Development\maven\apache-maven-3.6.0\bin;D:\Program Files\Git\cmd;C:\Program Files\MySQL\MySQL Server 5.7\bin;C:\Users\Administrator\AppData\Local\Microsoft\WindowsApps;;D:\Program Development\sts\sts-4.0.2.RELEASE;;.]
2019-02-18 10:03:39.838  INFO 1600 --- [restartedMain] o.a.c.c.C.[Tomcat].[localhost].[/]       : Initializing Spring embedded WebApplicationContext
2019-02-18 10:03:39.838  INFO 1600 --- [restartedMain] o.s.web.context.ContextLoader            : Root WebApplicationContext: initialization completed in 1930 ms
2019-02-18 10:03:40.250  INFO 1600 --- [restartedMain] c.a.d.s.b.a.DruidDataSourceAutoConfigure : Init DruidDataSource
2019-02-18 10:03:40.577  INFO 1600 --- [restartedMain] com.alibaba.druid.pool.DruidDataSource   : {dataSource-1} inited
2019-02-18 10:03:40.732  WARN 1600 --- [restartedMain] c.b.m.core.toolkit.TableInfoHelper       : Warn: Could not find @TableId in Class: com.jmonitor.modules.sys.entity.Databases.
2019-02-18 10:03:40.868  WARN 1600 --- [restartedMain] c.b.m.core.toolkit.TableInfoHelper       : Warn: Could not find @TableId in Class: com.jmonitor.modules.sys.entity.Loadbalancers.
2019-02-18 10:03:40.911  WARN 1600 --- [restartedMain] c.b.m.core.toolkit.TableInfoHelper       : Warn: Could not find @TableId in Class: com.jmonitor.modules.sys.entity.Pods.
2019-02-18 10:03:40.963  WARN 1600 --- [restartedMain] c.b.m.core.toolkit.TableInfoHelper       : Warn: Could not find @TableId in Class: com.jmonitor.modules.sys.entity.Servers.
2019-02-18 10:03:41.848  INFO 1600 --- [restartedMain] o.s.c.ehcache.EhCacheManagerFactoryBean  : Initializing EhCache CacheManager
2019-02-18 10:03:42.098  INFO 1600 --- [restartedMain] o.s.b.d.a.OptionalLiveReloadServer       : LiveReload server is running on port 35729
2019-02-18 10:03:42.168  INFO 1600 --- [restartedMain] pertySourcedRequestMappingHandlerMapping : Mapped URL path [/v2/api-docs] onto method [public org.springframework.http.ResponseEntity<springfox.documentation.spring.web.json.Json> springfox.documentation.swagger2.web.Swagger2Controller.getDocumentation(java.lang.String,javax.servlet.http.HttpServletRequest)]
2019-02-18 10:03:42.443  INFO 1600 --- [restartedMain] d.s.w.p.DocumentationPluginsBootstrapper : Context refreshed
2019-02-18 10:03:42.463  INFO 1600 --- [restartedMain] d.s.w.p.DocumentationPluginsBootstrapper : Found 1 custom documentation plugin(s)
2019-02-18 10:03:42.502  INFO 1600 --- [restartedMain] s.d.s.w.s.ApiListingReferenceScanner     : Scanning for api listing references
2019-02-18 10:03:42.699  INFO 1600 --- [restartedMain] o.s.b.w.embedded.tomcat.TomcatWebServer  : Tomcat started on port(s): 8080 (http) with context path ''
2019-02-18 10:03:42.703  INFO 1600 --- [restartedMain] com.jmonitor.JmonitorApplication         : Started JmonitorApplication in 5.382 seconds (JVM running for 6.453)
2019-02-18 10:04:12.317  INFO 1600 --- [http-nio-8080-exec-1] o.a.c.c.C.[Tomcat].[localhost].[/]       : Initializing Spring DispatcherServlet 'dispatcherServlet'
2019-02-18 10:04:12.318  INFO 1600 --- [http-nio-8080-exec-1] o.s.web.servlet.DispatcherServlet        : Initializing Servlet 'dispatcherServlet'
2019-02-18 10:04:12.328  INFO 1600 --- [http-nio-8080-exec-1] o.s.web.servlet.DispatcherServlet        : Completed initialization in 10 ms
2019-02-18 10:06:33.948  INFO 1600 --- [RMI TCP Connection(2)-127.0.0.1] inMXBeanRegistrar$SpringApplicationAdmin : Application shutdown requested.
2019-02-18 10:06:33.953  INFO 1600 --- [RMI TCP Connection(2)-127.0.0.1] o.s.c.ehcache.EhCacheManagerFactoryBean  : Shutting down EhCache CacheManager
2019-02-18 10:06:33.973  INFO 1600 --- [RMI TCP Connection(2)-127.0.0.1] com.alibaba.druid.pool.DruidDataSource   : {dataSource-1} closed
2019-02-18 10:10:34.917  INFO 9096 --- [restartedMain] com.jmonitor.JmonitorApplication         : Starting JmonitorApplication on DESKTOP-DBO4L4B with PID 9096 (F:\java\sts_workspace\Jmonitor\target\classes started by Administrator in F:\java\sts_workspace\Jmonitor)
2019-02-18 10:10:34.923  INFO 9096 --- [restartedMain] com.jmonitor.JmonitorApplication         : The following profiles are active: dev
2019-02-18 10:10:34.978  INFO 9096 --- [restartedMain] .e.DevToolsPropertyDefaultsPostProcessor : Devtools property defaults active! Set 'spring.devtools.add-properties' to 'false' to disable
2019-02-18 10:10:34.978  INFO 9096 --- [restartedMain] .e.DevToolsPropertyDefaultsPostProcessor : For additional web related logging consider setting the 'logging.level.web' property to 'DEBUG'
2019-02-18 10:10:36.273  INFO 9096 --- [restartedMain] trationDelegate$BeanPostProcessorChecker : Bean 'com.alibaba.druid.spring.boot.autoconfigure.stat.DruidSpringAopConfiguration' of type [com.alibaba.druid.spring.boot.autoconfigure.stat.DruidSpringAopConfiguration] is not eligible for getting processed by all BeanPostProcessors (for example: not eligible for auto-proxying)
2019-02-18 10:10:36.313  INFO 9096 --- [restartedMain] trationDelegate$BeanPostProcessorChecker : Bean 'org.springframework.transaction.annotation.ProxyTransactionManagementConfiguration' of type [org.springframework.transaction.annotation.ProxyTransactionManagementConfiguration$$EnhancerBySpringCGLIB$$79061326] is not eligible for getting processed by all BeanPostProcessors (for example: not eligible for auto-proxying)
2019-02-18 10:10:36.350  INFO 9096 --- [restartedMain] trationDelegate$BeanPostProcessorChecker : Bean 'spring.datasource.druid-com.alibaba.druid.spring.boot.autoconfigure.properties.DruidStatProperties' of type [com.alibaba.druid.spring.boot.autoconfigure.properties.DruidStatProperties] is not eligible for getting processed by all BeanPostProcessors (for example: not eligible for auto-proxying)
2019-02-18 10:10:36.357  INFO 9096 --- [restartedMain] trationDelegate$BeanPostProcessorChecker : Bean 'advisor' of type [org.springframework.aop.support.RegexpMethodPointcutAdvisor] is not eligible for getting processed by all BeanPostProcessors (for example: not eligible for auto-proxying)
2019-02-18 10:10:36.694  INFO 9096 --- [restartedMain] o.s.b.w.embedded.tomcat.TomcatWebServer  : Tomcat initialized with port(s): 8080 (http)
2019-02-18 10:10:36.713  INFO 9096 --- [restartedMain] o.apache.catalina.core.StandardService   : Starting service [Tomcat]
2019-02-18 10:10:36.713  INFO 9096 --- [restartedMain] org.apache.catalina.core.StandardEngine  : Starting Servlet Engine: Apache Tomcat/9.0.13
2019-02-18 10:10:36.720  INFO 9096 --- [restartedMain] o.a.catalina.core.AprLifecycleListener   : The APR based Apache Tomcat Native library which allows optimal performance in production environments was not found on the java.library.path: [D:\Program Development\Java\jdk1.8.0_191\bin;C:\WINDOWS\Sun\Java\bin;C:\WINDOWS\system32;C:\WINDOWS;D:\Program Development\Java\jdk1.8.0_191\jre\bin;D:/Program Development/Java/jre1.8.0_191/bin/server;D:/Program Development/Java/jre1.8.0_191/bin;D:/Program Development/Java/jre1.8.0_191/lib/amd64;C:\Program Files\VanDyke Software\Clients\;C:\Program Files (x86)\Common Files\Oracle\Java\javapath;C:\Program Files (x86)\Intel\Intel(R) Management Engine Components\iCLS\;C:\Program Files\Intel\Intel(R) Management Engine Components\iCLS\;C:\WINDOWS\system32;C:\WINDOWS;C:\WINDOWS\System32\Wbem;C:\WINDOWS\System32\WindowsPowerShell\v1.0\;C:\Program Files\Intel\WiFi\bin\;C:\Program Files\Common Files\Intel\WirelessCommon\;C:\Program Files (x86)\Intel\Intel(R) Management Engine Components\DAL;C:\Program Files\Intel\Intel(R) Management Engine Components\DAL;C:\Program Files (x86)\Intel\Intel(R) Management Engine Components\IPT;C:\Program Files\Intel\Intel(R) Management Engine Components\IPT;D:\Program Development\maven\apache-maven-3.6.0\bin;D:\Program Files\Git\cmd;C:\Program Files\MySQL\MySQL Server 5.7\bin;C:\Users\Administrator\AppData\Local\Microsoft\WindowsApps;;D:\Program Development\sts\sts-4.0.2.RELEASE;;.]
2019-02-18 10:10:36.824  INFO 9096 --- [restartedMain] o.a.c.c.C.[Tomcat].[localhost].[/]       : Initializing Spring embedded WebApplicationContext
2019-02-18 10:10:36.825  INFO 9096 --- [restartedMain] o.s.web.context.ContextLoader            : Root WebApplicationContext: initialization completed in 1847 ms
2019-02-18 10:10:37.134  INFO 9096 --- [restartedMain] c.a.d.s.b.a.DruidDataSourceAutoConfigure : Init DruidDataSource
2019-02-18 10:10:37.429  INFO 9096 --- [restartedMain] com.alibaba.druid.pool.DruidDataSource   : {dataSource-1} inited
2019-02-18 10:10:37.547  WARN 9096 --- [restartedMain] c.b.m.core.toolkit.TableInfoHelper       : Warn: Could not find @TableId in Class: com.jmonitor.modules.sys.entity.Dbs.
2019-02-18 10:10:37.696  WARN 9096 --- [restartedMain] c.b.m.core.toolkit.TableInfoHelper       : Warn: Could not find @TableId in Class: com.jmonitor.modules.sys.entity.Loadbalancers.
2019-02-18 10:10:37.735  WARN 9096 --- [restartedMain] c.b.m.core.toolkit.TableInfoHelper       : Warn: Could not find @TableId in Class: com.jmonitor.modules.sys.entity.Pods.
2019-02-18 10:10:37.788  WARN 9096 --- [restartedMain] c.b.m.core.toolkit.TableInfoHelper       : Warn: Could not find @TableId in Class: com.jmonitor.modules.sys.entity.Servers.
2019-02-18 10:10:38.706  INFO 9096 --- [restartedMain] o.s.c.ehcache.EhCacheManagerFactoryBean  : Initializing EhCache CacheManager
2019-02-18 10:10:38.975  INFO 9096 --- [restartedMain] o.s.b.d.a.OptionalLiveReloadServer       : LiveReload server is running on port 35729
2019-02-18 10:10:39.045  INFO 9096 --- [restartedMain] pertySourcedRequestMappingHandlerMapping : Mapped URL path [/v2/api-docs] onto method [public org.springframework.http.ResponseEntity<springfox.documentation.spring.web.json.Json> springfox.documentation.swagger2.web.Swagger2Controller.getDocumentation(java.lang.String,javax.servlet.http.HttpServletRequest)]
2019-02-18 10:10:39.326  INFO 9096 --- [restartedMain] d.s.w.p.DocumentationPluginsBootstrapper : Context refreshed
2019-02-18 10:10:39.351  INFO 9096 --- [restartedMain] d.s.w.p.DocumentationPluginsBootstrapper : Found 1 custom documentation plugin(s)
2019-02-18 10:10:39.387  INFO 9096 --- [restartedMain] s.d.s.w.s.ApiListingReferenceScanner     : Scanning for api listing references
2019-02-18 10:10:39.624  INFO 9096 --- [restartedMain] o.s.b.w.embedded.tomcat.TomcatWebServer  : Tomcat started on port(s): 8080 (http) with context path ''
2019-02-18 10:10:39.635  INFO 9096 --- [restartedMain] com.jmonitor.JmonitorApplication         : Started JmonitorApplication in 5.313 seconds (JVM running for 6.283)
2019-02-18 10:10:57.568  INFO 1992 --- [restartedMain] com.jmonitor.JmonitorApplication         : Starting JmonitorApplication on DESKTOP-DBO4L4B with PID 1992 (F:\java\sts_workspace\Jmonitor\target\classes started by Administrator in F:\java\sts_workspace\Jmonitor)
2019-02-18 10:10:57.571  INFO 1992 --- [restartedMain] com.jmonitor.JmonitorApplication         : The following profiles are active: dev
2019-02-18 10:10:57.642  INFO 1992 --- [restartedMain] .e.DevToolsPropertyDefaultsPostProcessor : Devtools property defaults active! Set 'spring.devtools.add-properties' to 'false' to disable
2019-02-18 10:10:57.642  INFO 1992 --- [restartedMain] .e.DevToolsPropertyDefaultsPostProcessor : For additional web related logging consider setting the 'logging.level.web' property to 'DEBUG'
2019-02-18 10:10:59.050  INFO 1992 --- [restartedMain] trationDelegate$BeanPostProcessorChecker : Bean 'com.alibaba.druid.spring.boot.autoconfigure.stat.DruidSpringAopConfiguration' of type [com.alibaba.druid.spring.boot.autoconfigure.stat.DruidSpringAopConfiguration] is not eligible for getting processed by all BeanPostProcessors (for example: not eligible for auto-proxying)
2019-02-18 10:10:59.091  INFO 1992 --- [restartedMain] trationDelegate$BeanPostProcessorChecker : Bean 'org.springframework.transaction.annotation.ProxyTransactionManagementConfiguration' of type [org.springframework.transaction.annotation.ProxyTransactionManagementConfiguration$$EnhancerBySpringCGLIB$$85691e20] is not eligible for getting processed by all BeanPostProcessors (for example: not eligible for auto-proxying)
2019-02-18 10:10:59.128  INFO 1992 --- [restartedMain] trationDelegate$BeanPostProcessorChecker : Bean 'spring.datasource.druid-com.alibaba.druid.spring.boot.autoconfigure.properties.DruidStatProperties' of type [com.alibaba.druid.spring.boot.autoconfigure.properties.DruidStatProperties] is not eligible for getting processed by all BeanPostProcessors (for example: not eligible for auto-proxying)
2019-02-18 10:10:59.138  INFO 1992 --- [restartedMain] trationDelegate$BeanPostProcessorChecker : Bean 'advisor' of type [org.springframework.aop.support.RegexpMethodPointcutAdvisor] is not eligible for getting processed by all BeanPostProcessors (for example: not eligible for auto-proxying)
2019-02-18 10:10:59.503  INFO 1992 --- [restartedMain] o.s.b.w.embedded.tomcat.TomcatWebServer  : Tomcat initialized with port(s): 8080 (http)
2019-02-18 10:10:59.525  INFO 1992 --- [restartedMain] o.apache.catalina.core.StandardService   : Starting service [Tomcat]
2019-02-18 10:10:59.525  INFO 1992 --- [restartedMain] org.apache.catalina.core.StandardEngine  : Starting Servlet Engine: Apache Tomcat/9.0.13
2019-02-18 10:10:59.532  INFO 1992 --- [restartedMain] o.a.catalina.core.AprLifecycleListener   : The APR based Apache Tomcat Native library which allows optimal performance in production environments was not found on the java.library.path: [D:\Program Development\Java\jdk1.8.0_191\bin;C:\WINDOWS\Sun\Java\bin;C:\WINDOWS\system32;C:\WINDOWS;D:\Program Development\Java\jdk1.8.0_191\jre\bin;D:/Program Development/Java/jre1.8.0_191/bin/server;D:/Program Development/Java/jre1.8.0_191/bin;D:/Program Development/Java/jre1.8.0_191/lib/amd64;C:\Program Files\VanDyke Software\Clients\;C:\Program Files (x86)\Common Files\Oracle\Java\javapath;C:\Program Files (x86)\Intel\Intel(R) Management Engine Components\iCLS\;C:\Program Files\Intel\Intel(R) Management Engine Components\iCLS\;C:\WINDOWS\system32;C:\WINDOWS;C:\WINDOWS\System32\Wbem;C:\WINDOWS\System32\WindowsPowerShell\v1.0\;C:\Program Files\Intel\WiFi\bin\;C:\Program Files\Common Files\Intel\WirelessCommon\;C:\Program Files (x86)\Intel\Intel(R) Management Engine Components\DAL;C:\Program Files\Intel\Intel(R) Management Engine Components\DAL;C:\Program Files (x86)\Intel\Intel(R) Management Engine Components\IPT;C:\Program Files\Intel\Intel(R) Management Engine Components\IPT;D:\Program Development\maven\apache-maven-3.6.0\bin;D:\Program Files\Git\cmd;C:\Program Files\MySQL\MySQL Server 5.7\bin;C:\Users\Administrator\AppData\Local\Microsoft\WindowsApps;;D:\Program Development\sts\sts-4.0.2.RELEASE;;.]
2019-02-18 10:10:59.650  INFO 1992 --- [restartedMain] o.a.c.c.C.[Tomcat].[localhost].[/]       : Initializing Spring embedded WebApplicationContext
2019-02-18 10:10:59.650  INFO 1992 --- [restartedMain] o.s.web.context.ContextLoader            : Root WebApplicationContext: initialization completed in 2008 ms
2019-02-18 10:10:59.992  INFO 1992 --- [restartedMain] c.a.d.s.b.a.DruidDataSourceAutoConfigure : Init DruidDataSource
2019-02-18 10:11:00.323  INFO 1992 --- [restartedMain] com.alibaba.druid.pool.DruidDataSource   : {dataSource-1} inited
2019-02-18 10:11:00.463  WARN 1992 --- [restartedMain] c.b.m.core.toolkit.TableInfoHelper       : Warn: Could not find @TableId in Class: com.jmonitor.modules.sys.entity.Dbs.
2019-02-18 10:11:00.688  WARN 1992 --- [restartedMain] c.b.m.core.toolkit.TableInfoHelper       : Warn: Could not find @TableId in Class: com.jmonitor.modules.sys.entity.Loadbalancers.
2019-02-18 10:11:00.744  WARN 1992 --- [restartedMain] c.b.m.core.toolkit.TableInfoHelper       : Warn: Could not find @TableId in Class: com.jmonitor.modules.sys.entity.Pods.
2019-02-18 10:11:00.808  WARN 1992 --- [restartedMain] c.b.m.core.toolkit.TableInfoHelper       : Warn: Could not find @TableId in Class: com.jmonitor.modules.sys.entity.Servers.
2019-02-18 10:11:01.716  INFO 1992 --- [restartedMain] o.s.c.ehcache.EhCacheManagerFactoryBean  : Initializing EhCache CacheManager
2019-02-18 10:11:01.798  WARN 1992 --- [restartedMain] net.sf.ehcache.DiskStorePathManager      : diskStorePath 'C:\Users\Administrator\AppData\Local\Temp\ehcache' is already used by an existing CacheManager either in the same VM or in a different process.
The diskStore path for this CacheManager will be set to C:\Users\Administrator\AppData\Local\Temp\ehcache\ehcache_auto_created8705357753983091444diskstore.
To avoid this warning consider using the CacheManager factory methods to create a singleton CacheManager or specifying a separate ehcache configuration (ehcache.xml) for each CacheManager instance.
2019-02-18 10:11:01.950  WARN 1992 --- [restartedMain] o.s.b.d.a.OptionalLiveReloadServer       : Unable to start LiveReload server
2019-02-18 10:11:02.011  INFO 1992 --- [restartedMain] pertySourcedRequestMappingHandlerMapping : Mapped URL path [/v2/api-docs] onto method [public org.springframework.http.ResponseEntity<springfox.documentation.spring.web.json.Json> springfox.documentation.swagger2.web.Swagger2Controller.getDocumentation(java.lang.String,javax.servlet.http.HttpServletRequest)]
2019-02-18 10:11:02.259  INFO 1992 --- [restartedMain] d.s.w.p.DocumentationPluginsBootstrapper : Context refreshed
2019-02-18 10:11:02.273  INFO 1992 --- [restartedMain] d.s.w.p.DocumentationPluginsBootstrapper : Found 1 custom documentation plugin(s)
2019-02-18 10:11:02.307  INFO 1992 --- [restartedMain] s.d.s.w.s.ApiListingReferenceScanner     : Scanning for api listing references
2019-02-18 10:11:02.469 ERROR 1992 --- [restartedMain] org.apache.catalina.util.LifecycleBase   : Failed to start component [Connector[HTTP/1.1-8080]]

org.apache.catalina.LifecycleException: Protocol handler start failed
	at org.apache.catalina.connector.Connector.startInternal(Connector.java:1001)
	at org.apache.catalina.util.LifecycleBase.start(LifecycleBase.java:183)
	at org.apache.catalina.core.StandardService.addConnector(StandardService.java:225)
	at org.springframework.boot.web.embedded.tomcat.TomcatWebServer.addPreviouslyRemovedConnectors(TomcatWebServer.java:259)
	at org.springframework.boot.web.embedded.tomcat.TomcatWebServer.start(TomcatWebServer.java:197)
	at org.springframework.boot.web.servlet.context.ServletWebServerApplicationContext.startWebServer(ServletWebServerApplicationContext.java:311)
	at org.springframework.boot.web.servlet.context.ServletWebServerApplicationContext.finishRefresh(ServletWebServerApplicationContext.java:164)
	at org.springframework.context.support.AbstractApplicationContext.refresh(AbstractApplicationContext.java:549)
	at org.springframework.boot.web.servlet.context.ServletWebServerApplicationContext.refresh(ServletWebServerApplicationContext.java:142)
	at org.springframework.boot.SpringApplication.refresh(SpringApplication.java:775)
	at org.springframework.boot.SpringApplication.refreshContext(SpringApplication.java:397)
	at org.springframework.boot.SpringApplication.run(SpringApplication.java:316)
	at org.springframework.boot.SpringApplication.run(SpringApplication.java:1260)
	at org.springframework.boot.SpringApplication.run(SpringApplication.java:1248)
	at com.jmonitor.JmonitorApplication.main(JmonitorApplication.java:10)
	at sun.reflect.NativeMethodAccessorImpl.invoke0(Native Method)
	at sun.reflect.NativeMethodAccessorImpl.invoke(NativeMethodAccessorImpl.java:62)
	at sun.reflect.DelegatingMethodAccessorImpl.invoke(DelegatingMethodAccessorImpl.java:43)
	at java.lang.reflect.Method.invoke(Method.java:498)
	at org.springframework.boot.devtools.restart.RestartLauncher.run(RestartLauncher.java:49)
Caused by: java.net.BindException: Address already in use: bind
	at sun.nio.ch.Net.bind0(Native Method)
	at sun.nio.ch.Net.bind(Net.java:433)
	at sun.nio.ch.Net.bind(Net.java:425)
	at sun.nio.ch.ServerSocketChannelImpl.bind(ServerSocketChannelImpl.java:223)
	at sun.nio.ch.ServerSocketAdaptor.bind(ServerSocketAdaptor.java:74)
	at org.apache.tomcat.util.net.NioEndpoint.initServerSocket(NioEndpoint.java:236)
	at org.apache.tomcat.util.net.NioEndpoint.bind(NioEndpoint.java:210)
	at org.apache.tomcat.util.net.AbstractEndpoint.bindWithCleanup(AbstractEndpoint.java:1067)
	at org.apache.tomcat.util.net.AbstractEndpoint.start(AbstractEndpoint.java:1149)
	at org.apache.coyote.AbstractProtocol.start(AbstractProtocol.java:561)
	at org.apache.catalina.connector.Connector.startInternal(Connector.java:998)
	... 19 common frames omitted

2019-02-18 10:11:02.483  INFO 1992 --- [restartedMain] o.apache.catalina.core.StandardService   : Stopping service [Tomcat]
2019-02-18 10:11:02.494  INFO 1992 --- [restartedMain] ConditionEvaluationReportLoggingListener : 

Error starting ApplicationContext. To display the conditions report re-run your application with 'debug' enabled.
2019-02-18 10:11:02.502 ERROR 1992 --- [restartedMain] o.s.b.d.LoggingFailureAnalysisReporter   : 

***************************
APPLICATION FAILED TO START
***************************

Description:

The Tomcat connector configured to listen on port 8080 failed to start. The port may already be in use or the connector may be misconfigured.

Action:

Verify the connector's configuration, identify and stop any process that's listening on port 8080, or configure this application to listen on another port.

2019-02-18 10:11:02.509  INFO 1992 --- [restartedMain] o.s.c.ehcache.EhCacheManagerFactoryBean  : Shutting down EhCache CacheManager
2019-02-18 10:11:02.525  INFO 1992 --- [restartedMain] com.alibaba.druid.pool.DruidDataSource   : {dataSource-1} closed
2019-02-18 10:11:17.080  INFO 9096 --- [http-nio-8080-exec-1] o.a.c.c.C.[Tomcat].[localhost].[/]       : Initializing Spring DispatcherServlet 'dispatcherServlet'
2019-02-18 10:11:17.080  INFO 9096 --- [http-nio-8080-exec-1] o.s.web.servlet.DispatcherServlet        : Initializing Servlet 'dispatcherServlet'
2019-02-18 10:11:17.092  INFO 9096 --- [http-nio-8080-exec-1] o.s.web.servlet.DispatcherServlet        : Completed initialization in 11 ms
2019-02-18 14:15:56.723  INFO 9096 --- [http-nio-8080-exec-4] c.j.m.sys.service.impl.LayerServiceImpl  : 调用开始
2019-02-18 14:15:57.309 ERROR 9096 --- [http-nio-8080-exec-4] c.j.m.sys.service.impl.LayerServiceImpl  : 组内规则或图片查询异常

com.jmonitor.config.exception.JmonitorException: 服务器对应图片不存在
	at com.jmonitor.modules.sys.service.impl.LayerServiceImpl.lambda$18(LayerServiceImpl.java:161)
	at java.util.Optional.orElseThrow(Optional.java:290)
	at com.jmonitor.modules.sys.service.impl.LayerServiceImpl.lambda$6(LayerServiceImpl.java:161)
	at java.util.ArrayList$ArrayListSpliterator.forEachRemaining(ArrayList.java:1382)
	at java.util.stream.ReferencePipeline$Head.forEach(ReferencePipeline.java:580)
	at com.jmonitor.modules.sys.service.impl.LayerServiceImpl.lambda$2(LayerServiceImpl.java:108)
	at java.util.ArrayList$ArrayListSpliterator.forEachRemaining(ArrayList.java:1382)
	at java.util.stream.ReferencePipeline$Head.forEach(ReferencePipeline.java:580)
	at com.jmonitor.modules.sys.service.impl.LayerServiceImpl.selectGroup(LayerServiceImpl.java:102)
	at com.jmonitor.modules.sys.service.impl.LayerServiceImpl$$FastClassBySpringCGLIB$$5b0faae0.invoke(<generated>)
	at org.springframework.cglib.proxy.MethodProxy.invoke(MethodProxy.java:218)
	at org.springframework.aop.framework.CglibAopProxy$DynamicAdvisedInterceptor.intercept(CglibAopProxy.java:684)
	at com.jmonitor.modules.sys.service.impl.LayerServiceImpl$$EnhancerBySpringCGLIB$$f1b04882.selectGroup(<generated>)
	at com.jmonitor.modules.sys.service.impl.LayerServiceImpl$$FastClassBySpringCGLIB$$5b0faae0.invoke(<generated>)
	at org.springframework.cglib.proxy.MethodProxy.invoke(MethodProxy.java:218)
	at org.springframework.aop.framework.CglibAopProxy$DynamicAdvisedInterceptor.intercept(CglibAopProxy.java:684)
	at com.jmonitor.modules.sys.service.impl.LayerServiceImpl$$EnhancerBySpringCGLIB$$7d2af060.selectGroup(<generated>)
	at com.jmonitor.modules.sys.controller.LayerController.selectGroup(LayerController.java:47)
	at sun.reflect.NativeMethodAccessorImpl.invoke0(Native Method)
	at sun.reflect.NativeMethodAccessorImpl.invoke(NativeMethodAccessorImpl.java:62)
	at sun.reflect.DelegatingMethodAccessorImpl.invoke(DelegatingMethodAccessorImpl.java:43)
	at java.lang.reflect.Method.invoke(Method.java:498)
	at org.springframework.web.method.support.InvocableHandlerMethod.doInvoke(InvocableHandlerMethod.java:189)
	at org.springframework.web.method.support.InvocableHandlerMethod.invokeForRequest(InvocableHandlerMethod.java:138)
	at org.springframework.web.servlet.mvc.method.annotation.ServletInvocableHandlerMethod.invokeAndHandle(ServletInvocableHandlerMethod.java:102)
	at org.springframework.web.servlet.mvc.method.annotation.RequestMappingHandlerAdapter.invokeHandlerMethod(RequestMappingHandlerAdapter.java:895)
	at org.springframework.web.servlet.mvc.method.annotation.RequestMappingHandlerAdapter.handleInternal(RequestMappingHandlerAdapter.java:800)
	at org.springframework.web.servlet.mvc.method.AbstractHandlerMethodAdapter.handle(AbstractHandlerMethodAdapter.java:87)
	at org.springframework.web.servlet.DispatcherServlet.doDispatch(DispatcherServlet.java:1038)
	at org.springframework.web.servlet.DispatcherServlet.doService(DispatcherServlet.java:942)
	at org.springframework.web.servlet.FrameworkServlet.processRequest(FrameworkServlet.java:1005)
	at org.springframework.web.servlet.FrameworkServlet.doGet(FrameworkServlet.java:897)
	at javax.servlet.http.HttpServlet.service(HttpServlet.java:634)
	at org.springframework.web.servlet.FrameworkServlet.service(FrameworkServlet.java:882)
	at javax.servlet.http.HttpServlet.service(HttpServlet.java:741)
	at org.apache.catalina.core.ApplicationFilterChain.internalDoFilter(ApplicationFilterChain.java:231)
	at org.apache.catalina.core.ApplicationFilterChain.doFilter(ApplicationFilterChain.java:166)
	at org.apache.tomcat.websocket.server.WsFilter.doFilter(WsFilter.java:53)
	at org.apache.catalina.core.ApplicationFilterChain.internalDoFilter(ApplicationFilterChain.java:193)
	at org.apache.catalina.core.ApplicationFilterChain.doFilter(ApplicationFilterChain.java:166)
	at com.alibaba.druid.support.http.WebStatFilter.doFilter(WebStatFilter.java:123)
	at org.apache.catalina.core.ApplicationFilterChain.internalDoFilter(ApplicationFilterChain.java:193)
	at org.apache.catalina.core.ApplicationFilterChain.doFilter(ApplicationFilterChain.java:166)
	at org.springframework.web.filter.CharacterEncodingFilter.doFilterInternal(CharacterEncodingFilter.java:200)
	at org.springframework.web.filter.OncePerRequestFilter.doFilter(OncePerRequestFilter.java:107)
	at org.apache.catalina.core.ApplicationFilterChain.internalDoFilter(ApplicationFilterChain.java:193)
	at org.apache.catalina.core.ApplicationFilterChain.doFilter(ApplicationFilterChain.java:166)
	at org.apache.catalina.core.StandardWrapperValve.invoke(StandardWrapperValve.java:199)
	at org.apache.catalina.core.StandardContextValve.invoke(StandardContextValve.java:96)
	at org.apache.catalina.authenticator.AuthenticatorBase.invoke(AuthenticatorBase.java:490)
	at org.apache.catalina.core.StandardHostValve.invoke(StandardHostValve.java:139)
	at org.apache.catalina.valves.ErrorReportValve.invoke(ErrorReportValve.java:92)
	at org.apache.catalina.core.StandardEngineValve.invoke(StandardEngineValve.java:74)
	at org.apache.catalina.connector.CoyoteAdapter.service(CoyoteAdapter.java:343)
	at org.apache.coyote.http11.Http11Processor.service(Http11Processor.java:408)
	at org.apache.coyote.AbstractProcessorLight.process(AbstractProcessorLight.java:66)
	at org.apache.coyote.AbstractProtocol$ConnectionHandler.process(AbstractProtocol.java:791)
	at org.apache.tomcat.util.net.NioEndpoint$SocketProcessor.doRun(NioEndpoint.java:1417)
	at org.apache.tomcat.util.net.SocketProcessorBase.run(SocketProcessorBase.java:49)
	at java.util.concurrent.ThreadPoolExecutor.runWorker(ThreadPoolExecutor.java:1149)
	at java.util.concurrent.ThreadPoolExecutor$Worker.run(ThreadPoolExecutor.java:624)
	at org.apache.tomcat.util.threads.TaskThread$WrappingRunnable.run(TaskThread.java:61)
	at java.lang.Thread.run(Thread.java:748)

2019-02-18 14:16:09.274  INFO 9096 --- [http-nio-8080-exec-9] c.j.m.sys.service.impl.LayerServiceImpl  : 调用开始
2019-02-18 14:16:09.326 ERROR 9096 --- [http-nio-8080-exec-9] c.j.m.sys.service.impl.LayerServiceImpl  : 组内规则或图片查询异常

com.jmonitor.config.exception.JmonitorException: 服务器对应图片不存在
	at com.jmonitor.modules.sys.service.impl.LayerServiceImpl.lambda$18(LayerServiceImpl.java:161)
	at java.util.Optional.orElseThrow(Optional.java:290)
	at com.jmonitor.modules.sys.service.impl.LayerServiceImpl.lambda$6(LayerServiceImpl.java:161)
	at java.util.ArrayList$ArrayListSpliterator.forEachRemaining(ArrayList.java:1382)
	at java.util.stream.ReferencePipeline$Head.forEach(ReferencePipeline.java:580)
	at com.jmonitor.modules.sys.service.impl.LayerServiceImpl.lambda$2(LayerServiceImpl.java:108)
	at java.util.ArrayList$ArrayListSpliterator.forEachRemaining(ArrayList.java:1382)
	at java.util.stream.ReferencePipeline$Head.forEach(ReferencePipeline.java:580)
	at com.jmonitor.modules.sys.service.impl.LayerServiceImpl.selectGroup(LayerServiceImpl.java:102)
	at com.jmonitor.modules.sys.service.impl.LayerServiceImpl$$FastClassBySpringCGLIB$$5b0faae0.invoke(<generated>)
	at org.springframework.cglib.proxy.MethodProxy.invoke(MethodProxy.java:218)
	at org.springframework.aop.framework.CglibAopProxy$DynamicAdvisedInterceptor.intercept(CglibAopProxy.java:684)
	at com.jmonitor.modules.sys.service.impl.LayerServiceImpl$$EnhancerBySpringCGLIB$$f1b04882.selectGroup(<generated>)
	at com.jmonitor.modules.sys.service.impl.LayerServiceImpl$$FastClassBySpringCGLIB$$5b0faae0.invoke(<generated>)
	at org.springframework.cglib.proxy.MethodProxy.invoke(MethodProxy.java:218)
	at org.springframework.aop.framework.CglibAopProxy$DynamicAdvisedInterceptor.intercept(CglibAopProxy.java:684)
	at com.jmonitor.modules.sys.service.impl.LayerServiceImpl$$EnhancerBySpringCGLIB$$7d2af060.selectGroup(<generated>)
	at com.jmonitor.modules.sys.controller.LayerController.selectGroup(LayerController.java:47)
	at sun.reflect.NativeMethodAccessorImpl.invoke0(Native Method)
	at sun.reflect.NativeMethodAccessorImpl.invoke(NativeMethodAccessorImpl.java:62)
	at sun.reflect.DelegatingMethodAccessorImpl.invoke(DelegatingMethodAccessorImpl.java:43)
	at java.lang.reflect.Method.invoke(Method.java:498)
	at org.springframework.web.method.support.InvocableHandlerMethod.doInvoke(InvocableHandlerMethod.java:189)
	at org.springframework.web.method.support.InvocableHandlerMethod.invokeForRequest(InvocableHandlerMethod.java:138)
	at org.springframework.web.servlet.mvc.method.annotation.ServletInvocableHandlerMethod.invokeAndHandle(ServletInvocableHandlerMethod.java:102)
	at org.springframework.web.servlet.mvc.method.annotation.RequestMappingHandlerAdapter.invokeHandlerMethod(RequestMappingHandlerAdapter.java:895)
	at org.springframework.web.servlet.mvc.method.annotation.RequestMappingHandlerAdapter.handleInternal(RequestMappingHandlerAdapter.java:800)
	at org.springframework.web.servlet.mvc.method.AbstractHandlerMethodAdapter.handle(AbstractHandlerMethodAdapter.java:87)
	at org.springframework.web.servlet.DispatcherServlet.doDispatch(DispatcherServlet.java:1038)
	at org.springframework.web.servlet.DispatcherServlet.doService(DispatcherServlet.java:942)
	at org.springframework.web.servlet.FrameworkServlet.processRequest(FrameworkServlet.java:1005)
	at org.springframework.web.servlet.FrameworkServlet.doGet(FrameworkServlet.java:897)
	at javax.servlet.http.HttpServlet.service(HttpServlet.java:634)
	at org.springframework.web.servlet.FrameworkServlet.service(FrameworkServlet.java:882)
	at javax.servlet.http.HttpServlet.service(HttpServlet.java:741)
	at org.apache.catalina.core.ApplicationFilterChain.internalDoFilter(ApplicationFilterChain.java:231)
	at org.apache.catalina.core.ApplicationFilterChain.doFilter(ApplicationFilterChain.java:166)
	at org.apache.tomcat.websocket.server.WsFilter.doFilter(WsFilter.java:53)
	at org.apache.catalina.core.ApplicationFilterChain.internalDoFilter(ApplicationFilterChain.java:193)
	at org.apache.catalina.core.ApplicationFilterChain.doFilter(ApplicationFilterChain.java:166)
	at com.alibaba.druid.support.http.WebStatFilter.doFilter(WebStatFilter.java:123)
	at org.apache.catalina.core.ApplicationFilterChain.internalDoFilter(ApplicationFilterChain.java:193)
	at org.apache.catalina.core.ApplicationFilterChain.doFilter(ApplicationFilterChain.java:166)
	at org.springframework.web.filter.CharacterEncodingFilter.doFilterInternal(CharacterEncodingFilter.java:200)
	at org.springframework.web.filter.OncePerRequestFilter.doFilter(OncePerRequestFilter.java:107)
	at org.apache.catalina.core.ApplicationFilterChain.internalDoFilter(ApplicationFilterChain.java:193)
	at org.apache.catalina.core.ApplicationFilterChain.doFilter(ApplicationFilterChain.java:166)
	at org.apache.catalina.core.StandardWrapperValve.invoke(StandardWrapperValve.java:199)
	at org.apache.catalina.core.StandardContextValve.invoke(StandardContextValve.java:96)
	at org.apache.catalina.authenticator.AuthenticatorBase.invoke(AuthenticatorBase.java:490)
	at org.apache.catalina.core.StandardHostValve.invoke(StandardHostValve.java:139)
	at org.apache.catalina.valves.ErrorReportValve.invoke(ErrorReportValve.java:92)
	at org.apache.catalina.core.StandardEngineValve.invoke(StandardEngineValve.java:74)
	at org.apache.catalina.connector.CoyoteAdapter.service(CoyoteAdapter.java:343)
	at org.apache.coyote.http11.Http11Processor.service(Http11Processor.java:408)
	at org.apache.coyote.AbstractProcessorLight.process(AbstractProcessorLight.java:66)
	at org.apache.coyote.AbstractProtocol$ConnectionHandler.process(AbstractProtocol.java:791)
	at org.apache.tomcat.util.net.NioEndpoint$SocketProcessor.doRun(NioEndpoint.java:1417)
	at org.apache.tomcat.util.net.SocketProcessorBase.run(SocketProcessorBase.java:49)
	at java.util.concurrent.ThreadPoolExecutor.runWorker(ThreadPoolExecutor.java:1149)
	at java.util.concurrent.ThreadPoolExecutor$Worker.run(ThreadPoolExecutor.java:624)
	at org.apache.tomcat.util.threads.TaskThread$WrappingRunnable.run(TaskThread.java:61)
	at java.lang.Thread.run(Thread.java:748)

2019-02-18 14:16:35.087  INFO 9096 --- [http-nio-8080-exec-6] c.j.m.sys.service.impl.LayerServiceImpl  : 调用开始
2019-02-18 14:16:35.139 ERROR 9096 --- [http-nio-8080-exec-6] c.j.m.sys.service.impl.LayerServiceImpl  : 组内规则或图片查询异常

com.jmonitor.config.exception.JmonitorException: 服务器对应图片不存在
	at com.jmonitor.modules.sys.service.impl.LayerServiceImpl.lambda$18(LayerServiceImpl.java:161)
	at java.util.Optional.orElseThrow(Optional.java:290)
	at com.jmonitor.modules.sys.service.impl.LayerServiceImpl.lambda$6(LayerServiceImpl.java:161)
	at java.util.ArrayList$ArrayListSpliterator.forEachRemaining(ArrayList.java:1382)
	at java.util.stream.ReferencePipeline$Head.forEach(ReferencePipeline.java:580)
	at com.jmonitor.modules.sys.service.impl.LayerServiceImpl.lambda$2(LayerServiceImpl.java:108)
	at java.util.ArrayList$ArrayListSpliterator.forEachRemaining(ArrayList.java:1382)
	at java.util.stream.ReferencePipeline$Head.forEach(ReferencePipeline.java:580)
	at com.jmonitor.modules.sys.service.impl.LayerServiceImpl.selectGroup(LayerServiceImpl.java:102)
	at com.jmonitor.modules.sys.service.impl.LayerServiceImpl$$FastClassBySpringCGLIB$$5b0faae0.invoke(<generated>)
	at org.springframework.cglib.proxy.MethodProxy.invoke(MethodProxy.java:218)
	at org.springframework.aop.framework.CglibAopProxy$DynamicAdvisedInterceptor.intercept(CglibAopProxy.java:684)
	at com.jmonitor.modules.sys.service.impl.LayerServiceImpl$$EnhancerBySpringCGLIB$$f1b04882.selectGroup(<generated>)
	at com.jmonitor.modules.sys.service.impl.LayerServiceImpl$$FastClassBySpringCGLIB$$5b0faae0.invoke(<generated>)
	at org.springframework.cglib.proxy.MethodProxy.invoke(MethodProxy.java:218)
	at org.springframework.aop.framework.CglibAopProxy$DynamicAdvisedInterceptor.intercept(CglibAopProxy.java:684)
	at com.jmonitor.modules.sys.service.impl.LayerServiceImpl$$EnhancerBySpringCGLIB$$7d2af060.selectGroup(<generated>)
	at com.jmonitor.modules.sys.controller.LayerController.selectGroup(LayerController.java:47)
	at sun.reflect.NativeMethodAccessorImpl.invoke0(Native Method)
	at sun.reflect.NativeMethodAccessorImpl.invoke(NativeMethodAccessorImpl.java:62)
	at sun.reflect.DelegatingMethodAccessorImpl.invoke(DelegatingMethodAccessorImpl.java:43)
	at java.lang.reflect.Method.invoke(Method.java:498)
	at org.springframework.web.method.support.InvocableHandlerMethod.doInvoke(InvocableHandlerMethod.java:189)
	at org.springframework.web.method.support.InvocableHandlerMethod.invokeForRequest(InvocableHandlerMethod.java:138)
	at org.springframework.web.servlet.mvc.method.annotation.ServletInvocableHandlerMethod.invokeAndHandle(ServletInvocableHandlerMethod.java:102)
	at org.springframework.web.servlet.mvc.method.annotation.RequestMappingHandlerAdapter.invokeHandlerMethod(RequestMappingHandlerAdapter.java:895)
	at org.springframework.web.servlet.mvc.method.annotation.RequestMappingHandlerAdapter.handleInternal(RequestMappingHandlerAdapter.java:800)
	at org.springframework.web.servlet.mvc.method.AbstractHandlerMethodAdapter.handle(AbstractHandlerMethodAdapter.java:87)
	at org.springframework.web.servlet.DispatcherServlet.doDispatch(DispatcherServlet.java:1038)
	at org.springframework.web.servlet.DispatcherServlet.doService(DispatcherServlet.java:942)
	at org.springframework.web.servlet.FrameworkServlet.processRequest(FrameworkServlet.java:1005)
	at org.springframework.web.servlet.FrameworkServlet.doGet(FrameworkServlet.java:897)
	at javax.servlet.http.HttpServlet.service(HttpServlet.java:634)
	at org.springframework.web.servlet.FrameworkServlet.service(FrameworkServlet.java:882)
	at javax.servlet.http.HttpServlet.service(HttpServlet.java:741)
	at org.apache.catalina.core.ApplicationFilterChain.internalDoFilter(ApplicationFilterChain.java:231)
	at org.apache.catalina.core.ApplicationFilterChain.doFilter(ApplicationFilterChain.java:166)
	at org.apache.tomcat.websocket.server.WsFilter.doFilter(WsFilter.java:53)
	at org.apache.catalina.core.ApplicationFilterChain.internalDoFilter(ApplicationFilterChain.java:193)
	at org.apache.catalina.core.ApplicationFilterChain.doFilter(ApplicationFilterChain.java:166)
	at com.alibaba.druid.support.http.WebStatFilter.doFilter(WebStatFilter.java:123)
	at org.apache.catalina.core.ApplicationFilterChain.internalDoFilter(ApplicationFilterChain.java:193)
	at org.apache.catalina.core.ApplicationFilterChain.doFilter(ApplicationFilterChain.java:166)
	at org.springframework.web.filter.CharacterEncodingFilter.doFilterInternal(CharacterEncodingFilter.java:200)
	at org.springframework.web.filter.OncePerRequestFilter.doFilter(OncePerRequestFilter.java:107)
	at org.apache.catalina.core.ApplicationFilterChain.internalDoFilter(ApplicationFilterChain.java:193)
	at org.apache.catalina.core.ApplicationFilterChain.doFilter(ApplicationFilterChain.java:166)
	at org.apache.catalina.core.StandardWrapperValve.invoke(StandardWrapperValve.java:199)
	at org.apache.catalina.core.StandardContextValve.invoke(StandardContextValve.java:96)
	at org.apache.catalina.authenticator.AuthenticatorBase.invoke(AuthenticatorBase.java:490)
	at org.apache.catalina.core.StandardHostValve.invoke(StandardHostValve.java:139)
	at org.apache.catalina.valves.ErrorReportValve.invoke(ErrorReportValve.java:92)
	at org.apache.catalina.core.StandardEngineValve.invoke(StandardEngineValve.java:74)
	at org.apache.catalina.connector.CoyoteAdapter.service(CoyoteAdapter.java:343)
	at org.apache.coyote.http11.Http11Processor.service(Http11Processor.java:408)
	at org.apache.coyote.AbstractProcessorLight.process(AbstractProcessorLight.java:66)
	at org.apache.coyote.AbstractProtocol$ConnectionHandler.process(AbstractProtocol.java:791)
	at org.apache.tomcat.util.net.NioEndpoint$SocketProcessor.doRun(NioEndpoint.java:1417)
	at org.apache.tomcat.util.net.SocketProcessorBase.run(SocketProcessorBase.java:49)
	at java.util.concurrent.ThreadPoolExecutor.runWorker(ThreadPoolExecutor.java:1149)
	at java.util.concurrent.ThreadPoolExecutor$Worker.run(ThreadPoolExecutor.java:624)
	at org.apache.tomcat.util.threads.TaskThread$WrappingRunnable.run(TaskThread.java:61)
	at java.lang.Thread.run(Thread.java:748)

2019-02-18 14:17:30.347  INFO 9096 --- [http-nio-8080-exec-14] c.j.m.sys.service.impl.LayerServiceImpl  : 调用开始
2019-02-18 14:17:30.391 ERROR 9096 --- [http-nio-8080-exec-14] c.j.m.sys.service.impl.LayerServiceImpl  : 组内规则或图片查询异常

com.jmonitor.config.exception.JmonitorException: 服务器对应图片不存在
	at com.jmonitor.modules.sys.service.impl.LayerServiceImpl.lambda$18(LayerServiceImpl.java:161)
	at java.util.Optional.orElseThrow(Optional.java:290)
	at com.jmonitor.modules.sys.service.impl.LayerServiceImpl.lambda$6(LayerServiceImpl.java:161)
	at java.util.ArrayList$ArrayListSpliterator.forEachRemaining(ArrayList.java:1382)
	at java.util.stream.ReferencePipeline$Head.forEach(ReferencePipeline.java:580)
	at com.jmonitor.modules.sys.service.impl.LayerServiceImpl.lambda$2(LayerServiceImpl.java:108)
	at java.util.ArrayList$ArrayListSpliterator.forEachRemaining(ArrayList.java:1382)
	at java.util.stream.ReferencePipeline$Head.forEach(ReferencePipeline.java:580)
	at com.jmonitor.modules.sys.service.impl.LayerServiceImpl.selectGroup(LayerServiceImpl.java:102)
	at com.jmonitor.modules.sys.service.impl.LayerServiceImpl$$FastClassBySpringCGLIB$$5b0faae0.invoke(<generated>)
	at org.springframework.cglib.proxy.MethodProxy.invoke(MethodProxy.java:218)
	at org.springframework.aop.framework.CglibAopProxy$DynamicAdvisedInterceptor.intercept(CglibAopProxy.java:684)
	at com.jmonitor.modules.sys.service.impl.LayerServiceImpl$$EnhancerBySpringCGLIB$$f1b04882.selectGroup(<generated>)
	at com.jmonitor.modules.sys.service.impl.LayerServiceImpl$$FastClassBySpringCGLIB$$5b0faae0.invoke(<generated>)
	at org.springframework.cglib.proxy.MethodProxy.invoke(MethodProxy.java:218)
	at org.springframework.aop.framework.CglibAopProxy$DynamicAdvisedInterceptor.intercept(CglibAopProxy.java:684)
	at com.jmonitor.modules.sys.service.impl.LayerServiceImpl$$EnhancerBySpringCGLIB$$7d2af060.selectGroup(<generated>)
	at com.jmonitor.modules.sys.controller.LayerController.selectGroup(LayerController.java:47)
	at sun.reflect.NativeMethodAccessorImpl.invoke0(Native Method)
	at sun.reflect.NativeMethodAccessorImpl.invoke(NativeMethodAccessorImpl.java:62)
	at sun.reflect.DelegatingMethodAccessorImpl.invoke(DelegatingMethodAccessorImpl.java:43)
	at java.lang.reflect.Method.invoke(Method.java:498)
	at org.springframework.web.method.support.InvocableHandlerMethod.doInvoke(InvocableHandlerMethod.java:189)
	at org.springframework.web.method.support.InvocableHandlerMethod.invokeForRequest(InvocableHandlerMethod.java:138)
	at org.springframework.web.servlet.mvc.method.annotation.ServletInvocableHandlerMethod.invokeAndHandle(ServletInvocableHandlerMethod.java:102)
	at org.springframework.web.servlet.mvc.method.annotation.RequestMappingHandlerAdapter.invokeHandlerMethod(RequestMappingHandlerAdapter.java:895)
	at org.springframework.web.servlet.mvc.method.annotation.RequestMappingHandlerAdapter.handleInternal(RequestMappingHandlerAdapter.java:800)
	at org.springframework.web.servlet.mvc.method.AbstractHandlerMethodAdapter.handle(AbstractHandlerMethodAdapter.java:87)
	at org.springframework.web.servlet.DispatcherServlet.doDispatch(DispatcherServlet.java:1038)
	at org.springframework.web.servlet.DispatcherServlet.doService(DispatcherServlet.java:942)
	at org.springframework.web.servlet.FrameworkServlet.processRequest(FrameworkServlet.java:1005)
	at org.springframework.web.servlet.FrameworkServlet.doGet(FrameworkServlet.java:897)
	at javax.servlet.http.HttpServlet.service(HttpServlet.java:634)
	at org.springframework.web.servlet.FrameworkServlet.service(FrameworkServlet.java:882)
	at javax.servlet.http.HttpServlet.service(HttpServlet.java:741)
	at org.apache.catalina.core.ApplicationFilterChain.internalDoFilter(ApplicationFilterChain.java:231)
	at org.apache.catalina.core.ApplicationFilterChain.doFilter(ApplicationFilterChain.java:166)
	at org.apache.tomcat.websocket.server.WsFilter.doFilter(WsFilter.java:53)
	at org.apache.catalina.core.ApplicationFilterChain.internalDoFilter(ApplicationFilterChain.java:193)
	at org.apache.catalina.core.ApplicationFilterChain.doFilter(ApplicationFilterChain.java:166)
	at com.alibaba.druid.support.http.WebStatFilter.doFilter(WebStatFilter.java:123)
	at org.apache.catalina.core.ApplicationFilterChain.internalDoFilter(ApplicationFilterChain.java:193)
	at org.apache.catalina.core.ApplicationFilterChain.doFilter(ApplicationFilterChain.java:166)
	at org.springframework.web.filter.CharacterEncodingFilter.doFilterInternal(CharacterEncodingFilter.java:200)
	at org.springframework.web.filter.OncePerRequestFilter.doFilter(OncePerRequestFilter.java:107)
	at org.apache.catalina.core.ApplicationFilterChain.internalDoFilter(ApplicationFilterChain.java:193)
	at org.apache.catalina.core.ApplicationFilterChain.doFilter(ApplicationFilterChain.java:166)
	at org.apache.catalina.core.StandardWrapperValve.invoke(StandardWrapperValve.java:199)
	at org.apache.catalina.core.StandardContextValve.invoke(StandardContextValve.java:96)
	at org.apache.catalina.authenticator.AuthenticatorBase.invoke(AuthenticatorBase.java:490)
	at org.apache.catalina.core.StandardHostValve.invoke(StandardHostValve.java:139)
	at org.apache.catalina.valves.ErrorReportValve.invoke(ErrorReportValve.java:92)
	at org.apache.catalina.core.StandardEngineValve.invoke(StandardEngineValve.java:74)
	at org.apache.catalina.connector.CoyoteAdapter.service(CoyoteAdapter.java:343)
	at org.apache.coyote.http11.Http11Processor.service(Http11Processor.java:408)
	at org.apache.coyote.AbstractProcessorLight.process(AbstractProcessorLight.java:66)
	at org.apache.coyote.AbstractProtocol$ConnectionHandler.process(AbstractProtocol.java:791)
	at org.apache.tomcat.util.net.NioEndpoint$SocketProcessor.doRun(NioEndpoint.java:1417)
	at org.apache.tomcat.util.net.SocketProcessorBase.run(SocketProcessorBase.java:49)
	at java.util.concurrent.ThreadPoolExecutor.runWorker(ThreadPoolExecutor.java:1149)
	at java.util.concurrent.ThreadPoolExecutor$Worker.run(ThreadPoolExecutor.java:624)
	at org.apache.tomcat.util.threads.TaskThread$WrappingRunnable.run(TaskThread.java:61)
	at java.lang.Thread.run(Thread.java:748)

2019-02-18 14:55:18.891  INFO 9096 --- [Thread-7] o.s.c.ehcache.EhCacheManagerFactoryBean  : Shutting down EhCache CacheManager
2019-02-18 14:55:18.918  INFO 9096 --- [Thread-7] com.alibaba.druid.pool.DruidDataSource   : {dataSource-1} closed
2019-02-18 14:55:19.396  INFO 9096 --- [restartedMain] com.jmonitor.JmonitorApplication         : Starting JmonitorApplication on DESKTOP-DBO4L4B with PID 9096 (F:\java\sts_workspace\Jmonitor\target\classes started by Administrator in F:\java\sts_workspace\Jmonitor)
2019-02-18 14:55:19.396  INFO 9096 --- [restartedMain] com.jmonitor.JmonitorApplication         : The following profiles are active: dev
2019-02-18 14:55:20.316  INFO 9096 --- [restartedMain] trationDelegate$BeanPostProcessorChecker : Bean 'com.alibaba.druid.spring.boot.autoconfigure.stat.DruidSpringAopConfiguration' of type [com.alibaba.druid.spring.boot.autoconfigure.stat.DruidSpringAopConfiguration] is not eligible for getting processed by all BeanPostProcessors (for example: not eligible for auto-proxying)
2019-02-18 14:55:20.333  INFO 9096 --- [restartedMain] trationDelegate$BeanPostProcessorChecker : Bean 'org.springframework.transaction.annotation.ProxyTransactionManagementConfiguration' of type [org.springframework.transaction.annotation.ProxyTransactionManagementConfiguration$$EnhancerBySpringCGLIB$$79061326] is not eligible for getting processed by all BeanPostProcessors (for example: not eligible for auto-proxying)
2019-02-18 14:55:20.341  INFO 9096 --- [restartedMain] trationDelegate$BeanPostProcessorChecker : Bean 'spring.datasource.druid-com.alibaba.druid.spring.boot.autoconfigure.properties.DruidStatProperties' of type [com.alibaba.druid.spring.boot.autoconfigure.properties.DruidStatProperties] is not eligible for getting processed by all BeanPostProcessors (for example: not eligible for auto-proxying)
2019-02-18 14:55:20.341  INFO 9096 --- [restartedMain] trationDelegate$BeanPostProcessorChecker : Bean 'advisor' of type [org.springframework.aop.support.RegexpMethodPointcutAdvisor] is not eligible for getting processed by all BeanPostProcessors (for example: not eligible for auto-proxying)
2019-02-18 14:55:20.491  INFO 9096 --- [restartedMain] o.s.b.w.embedded.tomcat.TomcatWebServer  : Tomcat initialized with port(s): 8080 (http)
2019-02-18 14:55:20.493  INFO 9096 --- [restartedMain] o.apache.catalina.core.StandardService   : Starting service [Tomcat]
2019-02-18 14:55:20.493  INFO 9096 --- [restartedMain] org.apache.catalina.core.StandardEngine  : Starting Servlet Engine: Apache Tomcat/9.0.13
2019-02-18 14:55:20.541  INFO 9096 --- [restartedMain] o.a.c.c.C.[Tomcat].[localhost].[/]       : Initializing Spring embedded WebApplicationContext
2019-02-18 14:55:20.542  INFO 9096 --- [restartedMain] o.s.web.context.ContextLoader            : Root WebApplicationContext: initialization completed in 1141 ms
2019-02-18 14:55:20.706  INFO 9096 --- [restartedMain] c.a.d.s.b.a.DruidDataSourceAutoConfigure : Init DruidDataSource
2019-02-18 14:55:20.881  INFO 9096 --- [restartedMain] com.alibaba.druid.pool.DruidDataSource   : {dataSource-2} inited
2019-02-18 14:55:20.936  WARN 9096 --- [restartedMain] c.b.m.core.toolkit.TableInfoHelper       : Warn: Could not find @TableId in Class: com.jmonitor.modules.sys.entity.Dbs.
2019-02-18 14:55:21.090  WARN 9096 --- [restartedMain] c.b.m.core.toolkit.TableInfoHelper       : Warn: Could not find @TableId in Class: com.jmonitor.modules.sys.entity.Loadbalancers.
2019-02-18 14:55:21.165  WARN 9096 --- [restartedMain] c.b.m.core.toolkit.TableInfoHelper       : Warn: Could not find @TableId in Class: com.jmonitor.modules.sys.entity.Pods.
2019-02-18 14:55:21.257  WARN 9096 --- [restartedMain] c.b.m.core.toolkit.TableInfoHelper       : Warn: Could not find @TableId in Class: com.jmonitor.modules.sys.entity.Servers.
2019-02-18 14:55:21.815  INFO 9096 --- [restartedMain] o.s.c.ehcache.EhCacheManagerFactoryBean  : Initializing EhCache CacheManager
2019-02-18 14:55:21.960  INFO 9096 --- [restartedMain] o.s.b.d.a.OptionalLiveReloadServer       : LiveReload server is running on port 35729
2019-02-18 14:55:22.007  INFO 9096 --- [restartedMain] pertySourcedRequestMappingHandlerMapping : Mapped URL path [/v2/api-docs] onto method [public org.springframework.http.ResponseEntity<springfox.documentation.spring.web.json.Json> springfox.documentation.swagger2.web.Swagger2Controller.getDocumentation(java.lang.String,javax.servlet.http.HttpServletRequest)]
2019-02-18 14:55:22.222  INFO 9096 --- [restartedMain] d.s.w.p.DocumentationPluginsBootstrapper : Context refreshed
2019-02-18 14:55:22.224  INFO 9096 --- [restartedMain] d.s.w.p.DocumentationPluginsBootstrapper : Found 1 custom documentation plugin(s)
2019-02-18 14:55:22.233  INFO 9096 --- [restartedMain] s.d.s.w.s.ApiListingReferenceScanner     : Scanning for api listing references
2019-02-18 14:55:22.280  INFO 9096 --- [restartedMain] o.s.b.w.embedded.tomcat.TomcatWebServer  : Tomcat started on port(s): 8080 (http) with context path ''
2019-02-18 14:55:22.282  INFO 9096 --- [restartedMain] com.jmonitor.JmonitorApplication         : Started JmonitorApplication in 2.969 seconds (JVM running for 17094.662)
2019-02-18 14:55:22.285  INFO 9096 --- [restartedMain] .ConditionEvaluationDeltaLoggingListener : Condition evaluation unchanged
2019-02-18 14:55:27.222  INFO 9096 --- [RMI TCP Connection(287)-127.0.0.1] inMXBeanRegistrar$SpringApplicationAdmin : Application shutdown requested.
2019-02-18 14:55:27.222  INFO 9096 --- [RMI TCP Connection(288)-127.0.0.1] inMXBeanRegistrar$SpringApplicationAdmin : Application shutdown requested.
2019-02-18 14:55:27.231  INFO 9096 --- [RMI TCP Connection(288)-127.0.0.1] o.s.c.ehcache.EhCacheManagerFactoryBean  : Shutting down EhCache CacheManager
2019-02-18 14:55:27.255  INFO 9096 --- [RMI TCP Connection(288)-127.0.0.1] com.alibaba.druid.pool.DruidDataSource   : {dataSource-2} closed
2019-02-18 16:57:23.181  INFO 3996 --- [restartedMain] com.jmonitor.JmonitorApplication         : Starting JmonitorApplication on DESKTOP-DBO4L4B with PID 3996 (F:\java\sts_workspace\Jmonitor\target\classes started by Administrator in F:\java\sts_workspace\Jmonitor)
2019-02-18 16:57:23.187  INFO 3996 --- [restartedMain] com.jmonitor.JmonitorApplication         : The following profiles are active: dev
2019-02-18 16:57:23.256  INFO 3996 --- [restartedMain] .e.DevToolsPropertyDefaultsPostProcessor : Devtools property defaults active! Set 'spring.devtools.add-properties' to 'false' to disable
2019-02-18 16:57:23.257  INFO 3996 --- [restartedMain] .e.DevToolsPropertyDefaultsPostProcessor : For additional web related logging consider setting the 'logging.level.web' property to 'DEBUG'
2019-02-18 16:57:25.047  INFO 3996 --- [restartedMain] trationDelegate$BeanPostProcessorChecker : Bean 'com.alibaba.druid.spring.boot.autoconfigure.stat.DruidSpringAopConfiguration' of type [com.alibaba.druid.spring.boot.autoconfigure.stat.DruidSpringAopConfiguration] is not eligible for getting processed by all BeanPostProcessors (for example: not eligible for auto-proxying)
2019-02-18 16:57:25.100  INFO 3996 --- [restartedMain] trationDelegate$BeanPostProcessorChecker : Bean 'org.springframework.transaction.annotation.ProxyTransactionManagementConfiguration' of type [org.springframework.transaction.annotation.ProxyTransactionManagementConfiguration$$EnhancerBySpringCGLIB$$a0e49b61] is not eligible for getting processed by all BeanPostProcessors (for example: not eligible for auto-proxying)
2019-02-18 16:57:25.155  INFO 3996 --- [restartedMain] trationDelegate$BeanPostProcessorChecker : Bean 'spring.datasource.druid-com.alibaba.druid.spring.boot.autoconfigure.properties.DruidStatProperties' of type [com.alibaba.druid.spring.boot.autoconfigure.properties.DruidStatProperties] is not eligible for getting processed by all BeanPostProcessors (for example: not eligible for auto-proxying)
2019-02-18 16:57:25.167  INFO 3996 --- [restartedMain] trationDelegate$BeanPostProcessorChecker : Bean 'advisor' of type [org.springframework.aop.support.RegexpMethodPointcutAdvisor] is not eligible for getting processed by all BeanPostProcessors (for example: not eligible for auto-proxying)
2019-02-18 16:57:25.684  INFO 3996 --- [restartedMain] o.s.b.w.embedded.tomcat.TomcatWebServer  : Tomcat initialized with port(s): 8080 (http)
2019-02-18 16:57:25.716  INFO 3996 --- [restartedMain] o.apache.catalina.core.StandardService   : Starting service [Tomcat]
2019-02-18 16:57:25.717  INFO 3996 --- [restartedMain] org.apache.catalina.core.StandardEngine  : Starting Servlet Engine: Apache Tomcat/9.0.13
2019-02-18 16:57:25.729  INFO 3996 --- [restartedMain] o.a.catalina.core.AprLifecycleListener   : The APR based Apache Tomcat Native library which allows optimal performance in production environments was not found on the java.library.path: [D:\Program Development\Java\jdk1.8.0_191\bin;C:\WINDOWS\Sun\Java\bin;C:\WINDOWS\system32;C:\WINDOWS;D:\Program Development\Java\jdk1.8.0_191\jre\bin;D:/Program Development/Java/jre1.8.0_191/bin/server;D:/Program Development/Java/jre1.8.0_191/bin;D:/Program Development/Java/jre1.8.0_191/lib/amd64;C:\Program Files\VanDyke Software\Clients\;C:\Program Files (x86)\Common Files\Oracle\Java\javapath;C:\Program Files (x86)\Intel\Intel(R) Management Engine Components\iCLS\;C:\Program Files\Intel\Intel(R) Management Engine Components\iCLS\;C:\WINDOWS\system32;C:\WINDOWS;C:\WINDOWS\System32\Wbem;C:\WINDOWS\System32\WindowsPowerShell\v1.0\;C:\Program Files\Intel\WiFi\bin\;C:\Program Files\Common Files\Intel\WirelessCommon\;C:\Program Files (x86)\Intel\Intel(R) Management Engine Components\DAL;C:\Program Files\Intel\Intel(R) Management Engine Components\DAL;C:\Program Files (x86)\Intel\Intel(R) Management Engine Components\IPT;C:\Program Files\Intel\Intel(R) Management Engine Components\IPT;D:\Program Development\maven\apache-maven-3.6.0\bin;D:\Program Files\Git\cmd;C:\Program Files\MySQL\MySQL Server 5.7\bin;C:\Users\Administrator\AppData\Local\Microsoft\WindowsApps;;D:\Program Development\sts\sts-4.0.2.RELEASE;;.]
2019-02-18 16:57:25.879  INFO 3996 --- [restartedMain] o.a.c.c.C.[Tomcat].[localhost].[/]       : Initializing Spring embedded WebApplicationContext
2019-02-18 16:57:25.879  INFO 3996 --- [restartedMain] o.s.web.context.ContextLoader            : Root WebApplicationContext: initialization completed in 2622 ms
2019-02-18 16:57:26.319  INFO 3996 --- [restartedMain] c.a.d.s.b.a.DruidDataSourceAutoConfigure : Init DruidDataSource
2019-02-18 16:57:26.737  INFO 3996 --- [restartedMain] com.alibaba.druid.pool.DruidDataSource   : {dataSource-1} inited
2019-02-18 16:57:26.924  WARN 3996 --- [restartedMain] c.b.m.core.toolkit.TableInfoHelper       : Warn: Could not find @TableId in Class: com.jmonitor.modules.sys.entity.Dbs.
2019-02-18 16:57:27.108  WARN 3996 --- [restartedMain] c.b.m.core.toolkit.TableInfoHelper       : Warn: Could not find @TableId in Class: com.jmonitor.modules.sys.entity.Loadbalancers.
2019-02-18 16:57:27.158  WARN 3996 --- [restartedMain] c.b.m.core.toolkit.TableInfoHelper       : Warn: Could not find @TableId in Class: com.jmonitor.modules.sys.entity.Pods.
2019-02-18 16:57:27.225  WARN 3996 --- [restartedMain] c.b.m.core.toolkit.TableInfoHelper       : Warn: Could not find @TableId in Class: com.jmonitor.modules.sys.entity.Servers.
2019-02-18 16:57:28.462  INFO 3996 --- [restartedMain] o.s.c.ehcache.EhCacheManagerFactoryBean  : Initializing EhCache CacheManager
2019-02-18 16:57:28.817  INFO 3996 --- [restartedMain] o.s.b.d.a.OptionalLiveReloadServer       : LiveReload server is running on port 35729
2019-02-18 16:57:28.908  INFO 3996 --- [restartedMain] pertySourcedRequestMappingHandlerMapping : Mapped URL path [/v2/api-docs] onto method [public org.springframework.http.ResponseEntity<springfox.documentation.spring.web.json.Json> springfox.documentation.swagger2.web.Swagger2Controller.getDocumentation(java.lang.String,javax.servlet.http.HttpServletRequest)]
2019-02-18 16:57:29.258  INFO 3996 --- [restartedMain] d.s.w.p.DocumentationPluginsBootstrapper : Context refreshed
2019-02-18 16:57:29.289  INFO 3996 --- [restartedMain] d.s.w.p.DocumentationPluginsBootstrapper : Found 1 custom documentation plugin(s)
2019-02-18 16:57:29.343  INFO 3996 --- [restartedMain] s.d.s.w.s.ApiListingReferenceScanner     : Scanning for api listing references
2019-02-18 16:57:29.610  INFO 3996 --- [restartedMain] o.s.b.w.embedded.tomcat.TomcatWebServer  : Tomcat started on port(s): 8080 (http) with context path ''
2019-02-18 16:57:29.617  INFO 3996 --- [restartedMain] com.jmonitor.JmonitorApplication         : Started JmonitorApplication in 7.253 seconds (JVM running for 8.655)
2019-02-18 16:57:45.528  INFO 3996 --- [http-nio-8080-exec-1] o.a.c.c.C.[Tomcat].[localhost].[/]       : Initializing Spring DispatcherServlet 'dispatcherServlet'
2019-02-18 16:57:45.528  INFO 3996 --- [http-nio-8080-exec-1] o.s.web.servlet.DispatcherServlet        : Initializing Servlet 'dispatcherServlet'
2019-02-18 16:57:45.541  INFO 3996 --- [http-nio-8080-exec-1] o.s.web.servlet.DispatcherServlet        : Completed initialization in 13 ms
2019-02-18 16:57:46.209  WARN 3996 --- [http-nio-8080-exec-4] o.s.web.servlet.PageNotFound             : No mapping for GET /
2019-02-18 16:57:46.261  WARN 3996 --- [http-nio-8080-exec-8] o.s.web.servlet.PageNotFound             : No mapping for GET /csrf
2019-02-18 18:32:16.600  INFO 3996 --- [RMI TCP Connection(2)-127.0.0.1] inMXBeanRegistrar$SpringApplicationAdmin : Application shutdown requested.
2019-02-18 18:32:16.636  INFO 3996 --- [RMI TCP Connection(2)-127.0.0.1] o.s.c.ehcache.EhCacheManagerFactoryBean  : Shutting down EhCache CacheManager
2019-02-18 18:32:16.696  INFO 3996 --- [RMI TCP Connection(2)-127.0.0.1] com.alibaba.druid.pool.DruidDataSource   : {dataSource-1} closed
