2019-03-01 09:13:14.043  WARN 24544 --- [http-nio-8181-exec-9] o.s.web.servlet.PageNotFound             : No mapping for GET /favicon.ico
2019-03-01 10:52:46.961  INFO 24544 --- [Thread-69] o.s.c.ehcache.EhCacheManagerFactoryBean  : Shutting down EhCache CacheManager
2019-03-01 10:52:46.999  INFO 24544 --- [Thread-69] com.alibaba.druid.pool.DruidDataSource   : {dataSource-9} closed
2019-03-01 10:52:48.188  INFO 24544 --- [restartedMain] com.jmonitor.JmonitorApplication         : Starting JmonitorApplication on DESKTOP-DBO4L4B with PID 24544 (F:\java\sts_workspace\Jmonitor\target\classes started by Administrator in F:\java\sts_workspace\Jmonitor)
2019-03-01 10:52:48.189  INFO 24544 --- [restartedMain] com.jmonitor.JmonitorApplication         : The following profiles are active: test
2019-03-01 10:52:48.626  INFO 24544 --- [restartedMain] trationDelegate$BeanPostProcessorChecker : Bean 'com.alibaba.druid.spring.boot.autoconfigure.stat.DruidSpringAopConfiguration' of type [com.alibaba.druid.spring.boot.autoconfigure.stat.DruidSpringAopConfiguration] is not eligible for getting processed by all BeanPostProcessors (for example: not eligible for auto-proxying)
2019-03-01 10:52:48.636  INFO 24544 --- [restartedMain] trationDelegate$BeanPostProcessorChecker : Bean 'org.springframework.transaction.annotation.ProxyTransactionManagementConfiguration' of type [org.springframework.transaction.annotation.ProxyTransactionManagementConfiguration$$EnhancerBySpringCGLIB$$4bbe1f93] is not eligible for getting processed by all BeanPostProcessors (for example: not eligible for auto-proxying)
2019-03-01 10:52:48.641  INFO 24544 --- [restartedMain] trationDelegate$BeanPostProcessorChecker : Bean 'spring.datasource.druid-com.alibaba.druid.spring.boot.autoconfigure.properties.DruidStatProperties' of type [com.alibaba.druid.spring.boot.autoconfigure.properties.DruidStatProperties] is not eligible for getting processed by all BeanPostProcessors (for example: not eligible for auto-proxying)
2019-03-01 10:52:48.641  INFO 24544 --- [restartedMain] trationDelegate$BeanPostProcessorChecker : Bean 'advisor' of type [org.springframework.aop.support.RegexpMethodPointcutAdvisor] is not eligible for getting processed by all BeanPostProcessors (for example: not eligible for auto-proxying)
2019-03-01 10:52:48.737  INFO 24544 --- [restartedMain] o.s.b.w.embedded.tomcat.TomcatWebServer  : Tomcat initialized with port(s): 8181 (http)
2019-03-01 10:52:48.738  INFO 24544 --- [restartedMain] o.apache.catalina.core.StandardService   : Starting service [Tomcat]
2019-03-01 10:52:48.738  INFO 24544 --- [restartedMain] org.apache.catalina.core.StandardEngine  : Starting Servlet Engine: Apache Tomcat/9.0.13
2019-03-01 10:52:48.758  INFO 24544 --- [restartedMain] o.a.c.c.C.[Tomcat].[localhost].[/]       : Initializing Spring embedded WebApplicationContext
2019-03-01 10:52:48.758  INFO 24544 --- [restartedMain] o.s.web.context.ContextLoader            : Root WebApplicationContext: initialization completed in 567 ms
2019-03-01 10:52:48.813  INFO 24544 --- [restartedMain] c.a.d.s.b.a.DruidDataSourceAutoConfigure : Init DruidDataSource
2019-03-01 10:52:50.029  INFO 24544 --- [restartedMain] com.alibaba.druid.pool.DruidDataSource   : {dataSource-10} inited
2019-03-01 10:52:50.062  WARN 24544 --- [restartedMain] c.b.m.core.toolkit.TableInfoHelper       : Warn: Could not find @TableId in Class: com.jmonitor.modules.sys.entity.Dbs.
2019-03-01 10:52:50.125  WARN 24544 --- [restartedMain] c.b.m.core.toolkit.TableInfoHelper       : Warn: Could not find @TableId in Class: com.jmonitor.modules.sys.entity.Loadbalancers.
2019-03-01 10:52:50.167  WARN 24544 --- [restartedMain] c.b.m.core.toolkit.TableInfoHelper       : Warn: Could not find @TableId in Class: com.jmonitor.modules.sys.entity.Pods.
2019-03-01 10:52:50.200  WARN 24544 --- [restartedMain] c.b.m.core.toolkit.TableInfoHelper       : Warn: Could not find @TableId in Class: com.jmonitor.modules.sys.entity.Servers.
2019-03-01 10:52:50.444  INFO 24544 --- [restartedMain] o.s.c.ehcache.EhCacheManagerFactoryBean  : Initializing EhCache CacheManager
2019-03-01 10:52:50.483  INFO 24544 --- [restartedMain] o.s.b.d.a.OptionalLiveReloadServer       : LiveReload server is running on port 35729
2019-03-01 10:52:50.504  INFO 24544 --- [restartedMain] pertySourcedRequestMappingHandlerMapping : Mapped URL path [/v2/api-docs] onto method [public org.springframework.http.ResponseEntity<springfox.documentation.spring.web.json.Json> springfox.documentation.swagger2.web.Swagger2Controller.getDocumentation(java.lang.String,javax.servlet.http.HttpServletRequest)]
2019-03-01 10:52:50.575  WARN 24544 --- [restartedMain] org.thymeleaf.templatemode.TemplateMode  : [THYMELEAF][restartedMain] Template Mode 'LEGACYHTML5' is deprecated. Using Template Mode 'HTML' instead.
2019-03-01 10:52:51.049  INFO 24544 --- [restartedMain] d.s.w.p.DocumentationPluginsBootstrapper : Context refreshed
2019-03-01 10:52:51.050  INFO 24544 --- [restartedMain] d.s.w.p.DocumentationPluginsBootstrapper : Found 1 custom documentation plugin(s)
2019-03-01 10:52:51.054  INFO 24544 --- [restartedMain] s.d.s.w.s.ApiListingReferenceScanner     : Scanning for api listing references
2019-03-01 10:52:51.082  INFO 24544 --- [restartedMain] o.s.b.w.embedded.tomcat.TomcatWebServer  : Tomcat started on port(s): 8181 (http) with context path ''
2019-03-01 10:52:51.083  INFO 24544 --- [restartedMain] com.jmonitor.JmonitorApplication         : Started JmonitorApplication in 2.932 seconds (JVM running for 72381.486)
2019-03-01 10:52:51.085  INFO 24544 --- [restartedMain] .ConditionEvaluationDeltaLoggingListener : Condition evaluation unchanged
2019-03-01 10:52:58.023  INFO 24544 --- [RMI TCP Connection(1105)-127.0.0.1] inMXBeanRegistrar$SpringApplicationAdmin : Application shutdown requested.
2019-03-01 10:52:58.023  INFO 24544 --- [RMI TCP Connection(1106)-127.0.0.1] inMXBeanRegistrar$SpringApplicationAdmin : Application shutdown requested.
2019-03-01 10:52:58.028  INFO 24544 --- [RMI TCP Connection(1105)-127.0.0.1] o.s.c.ehcache.EhCacheManagerFactoryBean  : Shutting down EhCache CacheManager
2019-03-01 10:52:58.044  INFO 24544 --- [RMI TCP Connection(1105)-127.0.0.1] com.alibaba.druid.pool.DruidDataSource   : {dataSource-10} closed
2019-03-01 10:53:17.279  INFO 25680 --- [main] com.jmonitor.JmonitorApplicationTests    : Starting JmonitorApplicationTests on DESKTOP-DBO4L4B with PID 25680 (started by Administrator in F:\java\sts_workspace\Jmonitor)
2019-03-01 10:53:17.281  INFO 25680 --- [main] com.jmonitor.JmonitorApplicationTests    : The following profiles are active: test
2019-03-01 10:53:18.997  INFO 25680 --- [main] trationDelegate$BeanPostProcessorChecker : Bean 'com.alibaba.druid.spring.boot.autoconfigure.stat.DruidSpringAopConfiguration' of type [com.alibaba.druid.spring.boot.autoconfigure.stat.DruidSpringAopConfiguration] is not eligible for getting processed by all BeanPostProcessors (for example: not eligible for auto-proxying)
2019-03-01 10:53:19.060  INFO 25680 --- [main] trationDelegate$BeanPostProcessorChecker : Bean 'org.springframework.transaction.annotation.ProxyTransactionManagementConfiguration' of type [org.springframework.transaction.annotation.ProxyTransactionManagementConfiguration$$EnhancerBySpringCGLIB$$b8f1e1ce] is not eligible for getting processed by all BeanPostProcessors (for example: not eligible for auto-proxying)
2019-03-01 10:53:19.105  INFO 25680 --- [main] trationDelegate$BeanPostProcessorChecker : Bean 'spring.datasource.druid-com.alibaba.druid.spring.boot.autoconfigure.properties.DruidStatProperties' of type [com.alibaba.druid.spring.boot.autoconfigure.properties.DruidStatProperties] is not eligible for getting processed by all BeanPostProcessors (for example: not eligible for auto-proxying)
2019-03-01 10:53:19.139  INFO 25680 --- [main] trationDelegate$BeanPostProcessorChecker : Bean 'advisor' of type [org.springframework.aop.support.RegexpMethodPointcutAdvisor] is not eligible for getting processed by all BeanPostProcessors (for example: not eligible for auto-proxying)
2019-03-01 10:53:19.562  INFO 25680 --- [main] c.a.d.s.b.a.DruidDataSourceAutoConfigure : Init DruidDataSource
2019-03-01 10:53:20.721  INFO 25680 --- [main] com.alibaba.druid.pool.DruidDataSource   : {dataSource-1} inited
2019-03-01 10:53:20.928  WARN 25680 --- [main] c.b.m.core.toolkit.TableInfoHelper       : Warn: Could not find @TableId in Class: com.jmonitor.modules.sys.entity.Dbs.
2019-03-01 10:53:21.184  WARN 25680 --- [main] c.b.m.core.toolkit.TableInfoHelper       : Warn: Could not find @TableId in Class: com.jmonitor.modules.sys.entity.Loadbalancers.
2019-03-01 10:53:21.321  WARN 25680 --- [main] c.b.m.core.toolkit.TableInfoHelper       : Warn: Could not find @TableId in Class: com.jmonitor.modules.sys.entity.Pods.
2019-03-01 10:53:21.470  WARN 25680 --- [main] c.b.m.core.toolkit.TableInfoHelper       : Warn: Could not find @TableId in Class: com.jmonitor.modules.sys.entity.Servers.
2019-03-01 10:53:23.074  INFO 25680 --- [main] o.s.c.ehcache.EhCacheManagerFactoryBean  : Initializing EhCache CacheManager
2019-03-01 10:53:23.563  INFO 25680 --- [main] pertySourcedRequestMappingHandlerMapping : Mapped URL path [/v2/api-docs] onto method [public org.springframework.http.ResponseEntity<springfox.documentation.spring.web.json.Json> springfox.documentation.swagger2.web.Swagger2Controller.getDocumentation(java.lang.String,javax.servlet.http.HttpServletRequest)]
2019-03-01 10:53:24.235  WARN 25680 --- [main] org.thymeleaf.templatemode.TemplateMode  : [THYMELEAF][main] Template Mode 'LEGACYHTML5' is deprecated. Using Template Mode 'HTML' instead.
2019-03-01 10:53:24.425  INFO 25680 --- [main] d.s.w.p.DocumentationPluginsBootstrapper : Context refreshed
2019-03-01 10:53:24.457  INFO 25680 --- [main] d.s.w.p.DocumentationPluginsBootstrapper : Found 1 custom documentation plugin(s)
2019-03-01 10:53:24.500  INFO 25680 --- [main] s.d.s.w.s.ApiListingReferenceScanner     : Scanning for api listing references
2019-03-01 10:53:24.767  INFO 25680 --- [main] com.jmonitor.JmonitorApplicationTests    : Started JmonitorApplicationTests in 8.069 seconds (JVM running for 9.01)
2019-03-01 10:53:25.154  INFO 25680 --- [Thread-5] o.s.c.ehcache.EhCacheManagerFactoryBean  : Shutting down EhCache CacheManager
2019-03-01 10:53:25.187  INFO 25680 --- [Thread-5] com.alibaba.druid.pool.DruidDataSource   : {dataSource-1} closed
2019-03-01 11:00:52.849  INFO 28308 --- [restartedMain] com.jmonitor.JmonitorApplication         : Starting JmonitorApplication on DESKTOP-DBO4L4B with PID 28308 (F:\java\sts_workspace\Jmonitor\target\classes started by Administrator in F:\java\sts_workspace\Jmonitor)
2019-03-01 11:00:52.852  INFO 28308 --- [restartedMain] com.jmonitor.JmonitorApplication         : The following profiles are active: test
2019-03-01 11:00:52.911  INFO 28308 --- [restartedMain] .e.DevToolsPropertyDefaultsPostProcessor : Devtools property defaults active! Set 'spring.devtools.add-properties' to 'false' to disable
2019-03-01 11:00:52.911  INFO 28308 --- [restartedMain] .e.DevToolsPropertyDefaultsPostProcessor : For additional web related logging consider setting the 'logging.level.web' property to 'DEBUG'
2019-03-01 11:00:53.851  INFO 28308 --- [restartedMain] trationDelegate$BeanPostProcessorChecker : Bean 'com.alibaba.druid.spring.boot.autoconfigure.stat.DruidSpringAopConfiguration' of type [com.alibaba.druid.spring.boot.autoconfigure.stat.DruidSpringAopConfiguration] is not eligible for getting processed by all BeanPostProcessors (for example: not eligible for auto-proxying)
2019-03-01 11:00:53.883  INFO 28308 --- [restartedMain] trationDelegate$BeanPostProcessorChecker : Bean 'org.springframework.transaction.annotation.ProxyTransactionManagementConfiguration' of type [org.springframework.transaction.annotation.ProxyTransactionManagementConfiguration$$EnhancerBySpringCGLIB$$5444c44d] is not eligible for getting processed by all BeanPostProcessors (for example: not eligible for auto-proxying)
2019-03-01 11:00:53.911  INFO 28308 --- [restartedMain] trationDelegate$BeanPostProcessorChecker : Bean 'spring.datasource.druid-com.alibaba.druid.spring.boot.autoconfigure.properties.DruidStatProperties' of type [com.alibaba.druid.spring.boot.autoconfigure.properties.DruidStatProperties] is not eligible for getting processed by all BeanPostProcessors (for example: not eligible for auto-proxying)
2019-03-01 11:00:53.915  INFO 28308 --- [restartedMain] trationDelegate$BeanPostProcessorChecker : Bean 'advisor' of type [org.springframework.aop.support.RegexpMethodPointcutAdvisor] is not eligible for getting processed by all BeanPostProcessors (for example: not eligible for auto-proxying)
2019-03-01 11:00:54.212  INFO 28308 --- [restartedMain] o.s.b.w.embedded.tomcat.TomcatWebServer  : Tomcat initialized with port(s): 8181 (http)
2019-03-01 11:00:54.228  INFO 28308 --- [restartedMain] o.apache.catalina.core.StandardService   : Starting service [Tomcat]
2019-03-01 11:00:54.228  INFO 28308 --- [restartedMain] org.apache.catalina.core.StandardEngine  : Starting Servlet Engine: Apache Tomcat/9.0.13
2019-03-01 11:00:54.234  INFO 28308 --- [restartedMain] o.a.catalina.core.AprLifecycleListener   : The APR based Apache Tomcat Native library which allows optimal performance in production environments was not found on the java.library.path: [D:\Program Development\Java\jdk1.8.0_191\bin;C:\WINDOWS\Sun\Java\bin;C:\WINDOWS\system32;C:\WINDOWS;D:/Program Development/Java/jre1.8.0_191/bin/server;D:/Program Development/Java/jre1.8.0_191/bin;D:/Program Development/Java/jre1.8.0_191/lib/amd64;C:\Program Files\VanDyke Software\Clients\;C:\Program Files (x86)\Common Files\Oracle\Java\javapath;C:\Program Files (x86)\Intel\Intel(R) Management Engine Components\iCLS\;C:\Program Files\Intel\Intel(R) Management Engine Components\iCLS\;C:\WINDOWS\system32;C:\WINDOWS;C:\WINDOWS\System32\Wbem;C:\WINDOWS\System32\WindowsPowerShell\v1.0\;C:\Program Files\Intel\WiFi\bin\;C:\Program Files\Common Files\Intel\WirelessCommon\;C:\Program Files (x86)\Intel\Intel(R) Management Engine Components\DAL;C:\Program Files\Intel\Intel(R) Management Engine Components\DAL;C:\Program Files (x86)\Intel\Intel(R) Management Engine Components\IPT;C:\Program Files\Intel\Intel(R) Management Engine Components\IPT;D:\Program Development\maven\apache-maven-3.6.0\bin;D:\Program Files\Git\cmd;C:\Program Files\MySQL\MySQL Server 5.7\bin;C:\Users\Administrator\AppData\Local\Microsoft\WindowsApps;;D:\Program Development\sts\sts-4.0.2.RELEASE;;.]
2019-03-01 11:00:54.334  INFO 28308 --- [restartedMain] o.a.c.c.C.[Tomcat].[localhost].[/]       : Initializing Spring embedded WebApplicationContext
2019-03-01 11:00:54.334  INFO 28308 --- [restartedMain] o.s.web.context.ContextLoader            : Root WebApplicationContext: initialization completed in 1423 ms
2019-03-01 11:00:54.487  INFO 28308 --- [restartedMain] c.a.d.s.b.a.DruidDataSourceAutoConfigure : Init DruidDataSource
2019-03-01 11:00:56.379  INFO 28308 --- [restartedMain] com.alibaba.druid.pool.DruidDataSource   : {dataSource-1} inited
2019-03-01 11:00:56.483  WARN 28308 --- [restartedMain] c.b.m.core.toolkit.TableInfoHelper       : Warn: Could not find @TableId in Class: com.jmonitor.modules.sys.entity.Dbs.
2019-03-01 11:00:56.631  WARN 28308 --- [restartedMain] c.b.m.core.toolkit.TableInfoHelper       : Warn: Could not find @TableId in Class: com.jmonitor.modules.sys.entity.Loadbalancers.
2019-03-01 11:00:56.690  WARN 28308 --- [restartedMain] c.b.m.core.toolkit.TableInfoHelper       : Warn: Could not find @TableId in Class: com.jmonitor.modules.sys.entity.Pods.
2019-03-01 11:00:56.754  WARN 28308 --- [restartedMain] c.b.m.core.toolkit.TableInfoHelper       : Warn: Could not find @TableId in Class: com.jmonitor.modules.sys.entity.Servers.
2019-03-01 11:00:57.364  WARN 28308 --- [restartedMain] ConfigServletWebServerApplicationContext : Exception encountered during context initialization - cancelling refresh attempt: org.springframework.beans.factory.UnsatisfiedDependencyException: Error creating bean with name 'documentationPluginsBootstrapper' defined in URL [jar:file:/D:/Program%20Development/maven/repository/io/springfox/springfox-spring-web/2.9.2/springfox-spring-web-2.9.2.jar!/springfox/documentation/spring/web/plugins/DocumentationPluginsBootstrapper.class]: Unsatisfied dependency expressed through constructor parameter 1; nested exception is org.springframework.beans.factory.UnsatisfiedDependencyException: Error creating bean with name 'webMvcRequestHandlerProvider' defined in URL [jar:file:/D:/Program%20Development/maven/repository/io/springfox/springfox-spring-web/2.9.2/springfox-spring-web-2.9.2.jar!/springfox/documentation/spring/web/plugins/WebMvcRequestHandlerProvider.class]: Unsatisfied dependency expressed through constructor parameter 1; nested exception is org.springframework.beans.factory.BeanCreationException: Error creating bean with name 'requestMappingHandlerMapping' defined in class path resource [com/jmonitor/config/MyCorsConfiguration.class]: Invocation of init method failed; nested exception is java.lang.IllegalStateException: Ambiguous mapping. Cannot map 'loginController' method 
public org.springframework.web.servlet.ModelAndView com.jmonitor.modules.web.controller.LoginController.index(org.springframework.web.servlet.ModelAndView)
to {GET }: There is already 'dataController' bean method
public com.jmonitor.common.response.ApiResponses com.jmonitor.modules.web.controller.DataController.selectGroup() mapped.
2019-03-01 11:00:57.368  INFO 28308 --- [restartedMain] com.alibaba.druid.pool.DruidDataSource   : {dataSource-1} closed
2019-03-01 11:00:57.371  INFO 28308 --- [restartedMain] o.apache.catalina.core.StandardService   : Stopping service [Tomcat]
2019-03-01 11:00:57.381  INFO 28308 --- [restartedMain] ConditionEvaluationReportLoggingListener : 

Error starting ApplicationContext. To display the conditions report re-run your application with 'debug' enabled.
2019-03-01 11:00:57.387 ERROR 28308 --- [restartedMain] o.s.boot.SpringApplication               : Application run failed

org.springframework.beans.factory.UnsatisfiedDependencyException: Error creating bean with name 'documentationPluginsBootstrapper' defined in URL [jar:file:/D:/Program%20Development/maven/repository/io/springfox/springfox-spring-web/2.9.2/springfox-spring-web-2.9.2.jar!/springfox/documentation/spring/web/plugins/DocumentationPluginsBootstrapper.class]: Unsatisfied dependency expressed through constructor parameter 1; nested exception is org.springframework.beans.factory.UnsatisfiedDependencyException: Error creating bean with name 'webMvcRequestHandlerProvider' defined in URL [jar:file:/D:/Program%20Development/maven/repository/io/springfox/springfox-spring-web/2.9.2/springfox-spring-web-2.9.2.jar!/springfox/documentation/spring/web/plugins/WebMvcRequestHandlerProvider.class]: Unsatisfied dependency expressed through constructor parameter 1; nested exception is org.springframework.beans.factory.BeanCreationException: Error creating bean with name 'requestMappingHandlerMapping' defined in class path resource [com/jmonitor/config/MyCorsConfiguration.class]: Invocation of init method failed; nested exception is java.lang.IllegalStateException: Ambiguous mapping. Cannot map 'loginController' method 
public org.springframework.web.servlet.ModelAndView com.jmonitor.modules.web.controller.LoginController.index(org.springframework.web.servlet.ModelAndView)
to {GET }: There is already 'dataController' bean method
public com.jmonitor.common.response.ApiResponses com.jmonitor.modules.web.controller.DataController.selectGroup() mapped.
	at org.springframework.beans.factory.support.ConstructorResolver.createArgumentArray(ConstructorResolver.java:769)
	at org.springframework.beans.factory.support.ConstructorResolver.autowireConstructor(ConstructorResolver.java:218)
	at org.springframework.beans.factory.support.AbstractAutowireCapableBeanFactory.autowireConstructor(AbstractAutowireCapableBeanFactory.java:1308)
	at org.springframework.beans.factory.support.AbstractAutowireCapableBeanFactory.createBeanInstance(AbstractAutowireCapableBeanFactory.java:1154)
	at org.springframework.beans.factory.support.AbstractAutowireCapableBeanFactory.doCreateBean(AbstractAutowireCapableBeanFactory.java:538)
	at org.springframework.beans.factory.support.AbstractAutowireCapableBeanFactory.createBean(AbstractAutowireCapableBeanFactory.java:498)
	at org.springframework.beans.factory.support.AbstractBeanFactory.lambda$doGetBean$0(AbstractBeanFactory.java:320)
	at org.springframework.beans.factory.support.DefaultSingletonBeanRegistry.getSingleton(DefaultSingletonBeanRegistry.java:222)
	at org.springframework.beans.factory.support.AbstractBeanFactory.doGetBean(AbstractBeanFactory.java:318)
	at org.springframework.beans.factory.support.AbstractBeanFactory.getBean(AbstractBeanFactory.java:199)
	at org.springframework.beans.factory.support.DefaultListableBeanFactory.preInstantiateSingletons(DefaultListableBeanFactory.java:846)
	at org.springframework.context.support.AbstractApplicationContext.finishBeanFactoryInitialization(AbstractApplicationContext.java:863)
	at org.springframework.context.support.AbstractApplicationContext.refresh(AbstractApplicationContext.java:546)
	at org.springframework.boot.web.servlet.context.ServletWebServerApplicationContext.refresh(ServletWebServerApplicationContext.java:142)
	at org.springframework.boot.SpringApplication.refresh(SpringApplication.java:775)
	at org.springframework.boot.SpringApplication.refreshContext(SpringApplication.java:397)
	at org.springframework.boot.SpringApplication.run(SpringApplication.java:316)
	at org.springframework.boot.SpringApplication.run(SpringApplication.java:1260)
	at org.springframework.boot.SpringApplication.run(SpringApplication.java:1248)
	at com.jmonitor.JmonitorApplication.main(JmonitorApplication.java:10)
	at sun.reflect.NativeMethodAccessorImpl.invoke0(Native Method)
	at sun.reflect.NativeMethodAccessorImpl.invoke(NativeMethodAccessorImpl.java:62)
	at sun.reflect.DelegatingMethodAccessorImpl.invoke(DelegatingMethodAccessorImpl.java:43)
	at java.lang.reflect.Method.invoke(Method.java:498)
	at org.springframework.boot.devtools.restart.RestartLauncher.run(RestartLauncher.java:49)
Caused by: org.springframework.beans.factory.UnsatisfiedDependencyException: Error creating bean with name 'webMvcRequestHandlerProvider' defined in URL [jar:file:/D:/Program%20Development/maven/repository/io/springfox/springfox-spring-web/2.9.2/springfox-spring-web-2.9.2.jar!/springfox/documentation/spring/web/plugins/WebMvcRequestHandlerProvider.class]: Unsatisfied dependency expressed through constructor parameter 1; nested exception is org.springframework.beans.factory.BeanCreationException: Error creating bean with name 'requestMappingHandlerMapping' defined in class path resource [com/jmonitor/config/MyCorsConfiguration.class]: Invocation of init method failed; nested exception is java.lang.IllegalStateException: Ambiguous mapping. Cannot map 'loginController' method 
public org.springframework.web.servlet.ModelAndView com.jmonitor.modules.web.controller.LoginController.index(org.springframework.web.servlet.ModelAndView)
to {GET }: There is already 'dataController' bean method
public com.jmonitor.common.response.ApiResponses com.jmonitor.modules.web.controller.DataController.selectGroup() mapped.
	at org.springframework.beans.factory.support.ConstructorResolver.createArgumentArray(ConstructorResolver.java:769)
	at org.springframework.beans.factory.support.ConstructorResolver.autowireConstructor(ConstructorResolver.java:218)
	at org.springframework.beans.factory.support.AbstractAutowireCapableBeanFactory.autowireConstructor(AbstractAutowireCapableBeanFactory.java:1308)
	at org.springframework.beans.factory.support.AbstractAutowireCapableBeanFactory.createBeanInstance(AbstractAutowireCapableBeanFactory.java:1154)
	at org.springframework.beans.factory.support.AbstractAutowireCapableBeanFactory.doCreateBean(AbstractAutowireCapableBeanFactory.java:538)
	at org.springframework.beans.factory.support.AbstractAutowireCapableBeanFactory.createBean(AbstractAutowireCapableBeanFactory.java:498)
	at org.springframework.beans.factory.support.AbstractBeanFactory.lambda$doGetBean$0(AbstractBeanFactory.java:320)
	at org.springframework.beans.factory.support.DefaultSingletonBeanRegistry.getSingleton(DefaultSingletonBeanRegistry.java:222)
	at org.springframework.beans.factory.support.AbstractBeanFactory.doGetBean(AbstractBeanFactory.java:318)
	at org.springframework.beans.factory.support.AbstractBeanFactory.getBean(AbstractBeanFactory.java:199)
	at org.springframework.beans.factory.config.DependencyDescriptor.resolveCandidate(DependencyDescriptor.java:273)
	at org.springframework.beans.factory.support.DefaultListableBeanFactory.addCandidateEntry(DefaultListableBeanFactory.java:1453)
	at org.springframework.beans.factory.support.DefaultListableBeanFactory.findAutowireCandidates(DefaultListableBeanFactory.java:1417)
	at org.springframework.beans.factory.support.DefaultListableBeanFactory.resolveMultipleBeans(DefaultListableBeanFactory.java:1308)
	at org.springframework.beans.factory.support.DefaultListableBeanFactory.doResolveDependency(DefaultListableBeanFactory.java:1195)
	at org.springframework.beans.factory.support.DefaultListableBeanFactory.resolveDependency(DefaultListableBeanFactory.java:1164)
	at org.springframework.beans.factory.support.ConstructorResolver.resolveAutowiredArgument(ConstructorResolver.java:857)
	at org.springframework.beans.factory.support.ConstructorResolver.createArgumentArray(ConstructorResolver.java:760)
	... 24 common frames omitted
Caused by: org.springframework.beans.factory.BeanCreationException: Error creating bean with name 'requestMappingHandlerMapping' defined in class path resource [com/jmonitor/config/MyCorsConfiguration.class]: Invocation of init method failed; nested exception is java.lang.IllegalStateException: Ambiguous mapping. Cannot map 'loginController' method 
public org.springframework.web.servlet.ModelAndView com.jmonitor.modules.web.controller.LoginController.index(org.springframework.web.servlet.ModelAndView)
to {GET }: There is already 'dataController' bean method
public com.jmonitor.common.response.ApiResponses com.jmonitor.modules.web.controller.DataController.selectGroup() mapped.
	at org.springframework.beans.factory.support.AbstractAutowireCapableBeanFactory.initializeBean(AbstractAutowireCapableBeanFactory.java:1745)
	at org.springframework.beans.factory.support.AbstractAutowireCapableBeanFactory.doCreateBean(AbstractAutowireCapableBeanFactory.java:576)
	at org.springframework.beans.factory.support.AbstractAutowireCapableBeanFactory.createBean(AbstractAutowireCapableBeanFactory.java:498)
	at org.springframework.beans.factory.support.AbstractBeanFactory.lambda$doGetBean$0(AbstractBeanFactory.java:320)
	at org.springframework.beans.factory.support.DefaultSingletonBeanRegistry.getSingleton(DefaultSingletonBeanRegistry.java:222)
	at org.springframework.beans.factory.support.AbstractBeanFactory.doGetBean(AbstractBeanFactory.java:318)
	at org.springframework.beans.factory.support.AbstractBeanFactory.getBean(AbstractBeanFactory.java:199)
	at org.springframework.beans.factory.config.DependencyDescriptor.resolveCandidate(DependencyDescriptor.java:273)
	at org.springframework.beans.factory.support.DefaultListableBeanFactory.addCandidateEntry(DefaultListableBeanFactory.java:1453)
	at org.springframework.beans.factory.support.DefaultListableBeanFactory.findAutowireCandidates(DefaultListableBeanFactory.java:1417)
	at org.springframework.beans.factory.support.DefaultListableBeanFactory.resolveMultipleBeans(DefaultListableBeanFactory.java:1308)
	at org.springframework.beans.factory.support.DefaultListableBeanFactory.doResolveDependency(DefaultListableBeanFactory.java:1195)
	at org.springframework.beans.factory.support.DefaultListableBeanFactory.resolveDependency(DefaultListableBeanFactory.java:1164)
	at org.springframework.beans.factory.support.ConstructorResolver.resolveAutowiredArgument(ConstructorResolver.java:857)
	at org.springframework.beans.factory.support.ConstructorResolver.createArgumentArray(ConstructorResolver.java:760)
	... 41 common frames omitted
Caused by: java.lang.IllegalStateException: Ambiguous mapping. Cannot map 'loginController' method 
public org.springframework.web.servlet.ModelAndView com.jmonitor.modules.web.controller.LoginController.index(org.springframework.web.servlet.ModelAndView)
to {GET }: There is already 'dataController' bean method
public com.jmonitor.common.response.ApiResponses com.jmonitor.modules.web.controller.DataController.selectGroup() mapped.
	at org.springframework.web.servlet.handler.AbstractHandlerMethodMapping$MappingRegistry.assertUniqueMethodMapping(AbstractHandlerMethodMapping.java:621)
	at org.springframework.web.servlet.handler.AbstractHandlerMethodMapping$MappingRegistry.register(AbstractHandlerMethodMapping.java:589)
	at org.springframework.web.servlet.handler.AbstractHandlerMethodMapping.registerHandlerMethod(AbstractHandlerMethodMapping.java:315)
	at org.springframework.web.servlet.handler.AbstractHandlerMethodMapping.lambda$detectHandlerMethods$1(AbstractHandlerMethodMapping.java:282)
	at java.util.LinkedHashMap.forEach(LinkedHashMap.java:684)
	at org.springframework.web.servlet.handler.AbstractHandlerMethodMapping.detectHandlerMethods(AbstractHandlerMethodMapping.java:280)
	at org.springframework.web.servlet.handler.AbstractHandlerMethodMapping.processCandidateBean(AbstractHandlerMethodMapping.java:252)
	at org.springframework.web.servlet.handler.AbstractHandlerMethodMapping.initHandlerMethods(AbstractHandlerMethodMapping.java:211)
	at org.springframework.web.servlet.handler.AbstractHandlerMethodMapping.afterPropertiesSet(AbstractHandlerMethodMapping.java:199)
	at org.springframework.web.servlet.mvc.method.annotation.RequestMappingHandlerMapping.afterPropertiesSet(RequestMappingHandlerMapping.java:164)
	at org.springframework.beans.factory.support.AbstractAutowireCapableBeanFactory.invokeInitMethods(AbstractAutowireCapableBeanFactory.java:1804)
	at org.springframework.beans.factory.support.AbstractAutowireCapableBeanFactory.initializeBean(AbstractAutowireCapableBeanFactory.java:1741)
	... 55 common frames omitted

2019-03-01 11:01:54.767  INFO 19112 --- [restartedMain] com.jmonitor.JmonitorApplication         : Starting JmonitorApplication on DESKTOP-DBO4L4B with PID 19112 (F:\java\sts_workspace\Jmonitor\target\classes started by Administrator in F:\java\sts_workspace\Jmonitor)
2019-03-01 11:01:54.772  INFO 19112 --- [restartedMain] com.jmonitor.JmonitorApplication         : The following profiles are active: test
2019-03-01 11:01:54.810  INFO 19112 --- [restartedMain] .e.DevToolsPropertyDefaultsPostProcessor : Devtools property defaults active! Set 'spring.devtools.add-properties' to 'false' to disable
2019-03-01 11:01:54.810  INFO 19112 --- [restartedMain] .e.DevToolsPropertyDefaultsPostProcessor : For additional web related logging consider setting the 'logging.level.web' property to 'DEBUG'
2019-03-01 11:01:55.955  INFO 19112 --- [restartedMain] trationDelegate$BeanPostProcessorChecker : Bean 'com.alibaba.druid.spring.boot.autoconfigure.stat.DruidSpringAopConfiguration' of type [com.alibaba.druid.spring.boot.autoconfigure.stat.DruidSpringAopConfiguration] is not eligible for getting processed by all BeanPostProcessors (for example: not eligible for auto-proxying)
2019-03-01 11:01:55.993  INFO 19112 --- [restartedMain] trationDelegate$BeanPostProcessorChecker : Bean 'org.springframework.transaction.annotation.ProxyTransactionManagementConfiguration' of type [org.springframework.transaction.annotation.ProxyTransactionManagementConfiguration$$EnhancerBySpringCGLIB$$3f4cf725] is not eligible for getting processed by all BeanPostProcessors (for example: not eligible for auto-proxying)
2019-03-01 11:01:56.025  INFO 19112 --- [restartedMain] trationDelegate$BeanPostProcessorChecker : Bean 'spring.datasource.druid-com.alibaba.druid.spring.boot.autoconfigure.properties.DruidStatProperties' of type [com.alibaba.druid.spring.boot.autoconfigure.properties.DruidStatProperties] is not eligible for getting processed by all BeanPostProcessors (for example: not eligible for auto-proxying)
2019-03-01 11:01:56.031  INFO 19112 --- [restartedMain] trationDelegate$BeanPostProcessorChecker : Bean 'advisor' of type [org.springframework.aop.support.RegexpMethodPointcutAdvisor] is not eligible for getting processed by all BeanPostProcessors (for example: not eligible for auto-proxying)
2019-03-01 11:01:56.347  INFO 19112 --- [restartedMain] o.s.b.w.embedded.tomcat.TomcatWebServer  : Tomcat initialized with port(s): 8181 (http)
2019-03-01 11:01:56.365  INFO 19112 --- [restartedMain] o.apache.catalina.core.StandardService   : Starting service [Tomcat]
2019-03-01 11:01:56.365  INFO 19112 --- [restartedMain] org.apache.catalina.core.StandardEngine  : Starting Servlet Engine: Apache Tomcat/9.0.13
2019-03-01 11:01:56.373  INFO 19112 --- [restartedMain] o.a.catalina.core.AprLifecycleListener   : The APR based Apache Tomcat Native library which allows optimal performance in production environments was not found on the java.library.path: [D:\Program Development\Java\jdk1.8.0_191\bin;C:\WINDOWS\Sun\Java\bin;C:\WINDOWS\system32;C:\WINDOWS;D:\Program Development\Java\jdk1.8.0_191\jre\bin;D:/Program Development/Java/jre1.8.0_191/bin/server;D:/Program Development/Java/jre1.8.0_191/bin;D:/Program Development/Java/jre1.8.0_191/lib/amd64;C:\Program Files\VanDyke Software\Clients\;C:\Program Files (x86)\Common Files\Oracle\Java\javapath;C:\Program Files (x86)\Intel\Intel(R) Management Engine Components\iCLS\;C:\Program Files\Intel\Intel(R) Management Engine Components\iCLS\;C:\WINDOWS\system32;C:\WINDOWS;C:\WINDOWS\System32\Wbem;C:\WINDOWS\System32\WindowsPowerShell\v1.0\;C:\Program Files\Intel\WiFi\bin\;C:\Program Files\Common Files\Intel\WirelessCommon\;C:\Program Files (x86)\Intel\Intel(R) Management Engine Components\DAL;C:\Program Files\Intel\Intel(R) Management Engine Components\DAL;C:\Program Files (x86)\Intel\Intel(R) Management Engine Components\IPT;C:\Program Files\Intel\Intel(R) Management Engine Components\IPT;D:\Program Development\maven\apache-maven-3.6.0\bin;D:\Program Files\Git\cmd;C:\Program Files\MySQL\MySQL Server 5.7\bin;C:\Users\Administrator\AppData\Local\Microsoft\WindowsApps;;D:\Program Development\sts\sts-4.0.2.RELEASE;;.]
2019-03-01 11:01:56.484  INFO 19112 --- [restartedMain] o.a.c.c.C.[Tomcat].[localhost].[/]       : Initializing Spring embedded WebApplicationContext
2019-03-01 11:01:56.485  INFO 19112 --- [restartedMain] o.s.web.context.ContextLoader            : Root WebApplicationContext: initialization completed in 1674 ms
2019-03-01 11:01:56.783  INFO 19112 --- [restartedMain] c.a.d.s.b.a.DruidDataSourceAutoConfigure : Init DruidDataSource
2019-03-01 11:01:57.728  INFO 19112 --- [restartedMain] com.alibaba.druid.pool.DruidDataSource   : {dataSource-1} inited
2019-03-01 11:01:57.844  WARN 19112 --- [restartedMain] c.b.m.core.toolkit.TableInfoHelper       : Warn: Could not find @TableId in Class: com.jmonitor.modules.sys.entity.Dbs.
2019-03-01 11:01:57.986  WARN 19112 --- [restartedMain] c.b.m.core.toolkit.TableInfoHelper       : Warn: Could not find @TableId in Class: com.jmonitor.modules.sys.entity.Loadbalancers.
2019-03-01 11:01:58.050  WARN 19112 --- [restartedMain] c.b.m.core.toolkit.TableInfoHelper       : Warn: Could not find @TableId in Class: com.jmonitor.modules.sys.entity.Pods.
2019-03-01 11:01:58.118  WARN 19112 --- [restartedMain] c.b.m.core.toolkit.TableInfoHelper       : Warn: Could not find @TableId in Class: com.jmonitor.modules.sys.entity.Servers.
2019-03-01 11:01:58.889  INFO 19112 --- [restartedMain] o.s.c.ehcache.EhCacheManagerFactoryBean  : Initializing EhCache CacheManager
2019-03-01 11:01:59.122  INFO 19112 --- [restartedMain] o.s.b.d.a.OptionalLiveReloadServer       : LiveReload server is running on port 35729
2019-03-01 11:01:59.181  INFO 19112 --- [restartedMain] pertySourcedRequestMappingHandlerMapping : Mapped URL path [/v2/api-docs] onto method [public org.springframework.http.ResponseEntity<springfox.documentation.spring.web.json.Json> springfox.documentation.swagger2.web.Swagger2Controller.getDocumentation(java.lang.String,javax.servlet.http.HttpServletRequest)]
2019-03-01 11:01:59.322  WARN 19112 --- [restartedMain] org.thymeleaf.templatemode.TemplateMode  : [THYMELEAF][restartedMain] Template Mode 'LEGACYHTML5' is deprecated. Using Template Mode 'HTML' instead.
2019-03-01 11:01:59.804  INFO 19112 --- [restartedMain] d.s.w.p.DocumentationPluginsBootstrapper : Context refreshed
2019-03-01 11:01:59.819  INFO 19112 --- [restartedMain] d.s.w.p.DocumentationPluginsBootstrapper : Found 1 custom documentation plugin(s)
2019-03-01 11:01:59.854  INFO 19112 --- [restartedMain] s.d.s.w.s.ApiListingReferenceScanner     : Scanning for api listing references
2019-03-01 11:02:00.040  INFO 19112 --- [restartedMain] o.s.b.w.embedded.tomcat.TomcatWebServer  : Tomcat started on port(s): 8181 (http) with context path ''
2019-03-01 11:02:00.043  INFO 19112 --- [restartedMain] com.jmonitor.JmonitorApplication         : Started JmonitorApplication in 5.761 seconds (JVM running for 6.553)
2019-03-01 11:02:19.603  INFO 19112 --- [http-nio-8181-exec-1] o.a.c.c.C.[Tomcat].[localhost].[/]       : Initializing Spring DispatcherServlet 'dispatcherServlet'
2019-03-01 11:02:19.604  INFO 19112 --- [http-nio-8181-exec-1] o.s.web.servlet.DispatcherServlet        : Initializing Servlet 'dispatcherServlet'
2019-03-01 11:02:19.615  INFO 19112 --- [http-nio-8181-exec-1] o.s.web.servlet.DispatcherServlet        : Completed initialization in 9 ms
2019-03-01 11:02:20.617  WARN 19112 --- [http-nio-8181-exec-16] o.s.web.servlet.PageNotFound             : No mapping for GET /csrf
2019-03-01 11:02:26.623  INFO 19112 --- [http-nio-8181-exec-19] c.j.m.sys.service.impl.LayerServiceImpl  : 调用开始
2019-03-01 11:08:58.907  INFO 19112 --- [Thread-7] o.s.c.ehcache.EhCacheManagerFactoryBean  : Shutting down EhCache CacheManager
2019-03-01 11:08:58.923  INFO 19112 --- [Thread-7] com.alibaba.druid.pool.DruidDataSource   : {dataSource-1} closed
2019-03-01 11:08:59.417  INFO 19112 --- [restartedMain] com.jmonitor.JmonitorApplication         : Starting JmonitorApplication on DESKTOP-DBO4L4B with PID 19112 (F:\java\sts_workspace\Jmonitor\target\classes started by Administrator in F:\java\sts_workspace\Jmonitor)
2019-03-01 11:08:59.417  INFO 19112 --- [restartedMain] com.jmonitor.JmonitorApplication         : The following profiles are active: test
2019-03-01 11:09:00.258  INFO 19112 --- [restartedMain] trationDelegate$BeanPostProcessorChecker : Bean 'com.alibaba.druid.spring.boot.autoconfigure.stat.DruidSpringAopConfiguration' of type [com.alibaba.druid.spring.boot.autoconfigure.stat.DruidSpringAopConfiguration] is not eligible for getting processed by all BeanPostProcessors (for example: not eligible for auto-proxying)
2019-03-01 11:09:00.277  INFO 19112 --- [restartedMain] trationDelegate$BeanPostProcessorChecker : Bean 'org.springframework.transaction.annotation.ProxyTransactionManagementConfiguration' of type [org.springframework.transaction.annotation.ProxyTransactionManagementConfiguration$$EnhancerBySpringCGLIB$$3f4cf725] is not eligible for getting processed by all BeanPostProcessors (for example: not eligible for auto-proxying)
2019-03-01 11:09:00.292  INFO 19112 --- [restartedMain] trationDelegate$BeanPostProcessorChecker : Bean 'spring.datasource.druid-com.alibaba.druid.spring.boot.autoconfigure.properties.DruidStatProperties' of type [com.alibaba.druid.spring.boot.autoconfigure.properties.DruidStatProperties] is not eligible for getting processed by all BeanPostProcessors (for example: not eligible for auto-proxying)
2019-03-01 11:09:00.293  INFO 19112 --- [restartedMain] trationDelegate$BeanPostProcessorChecker : Bean 'advisor' of type [org.springframework.aop.support.RegexpMethodPointcutAdvisor] is not eligible for getting processed by all BeanPostProcessors (for example: not eligible for auto-proxying)
2019-03-01 11:09:00.330  INFO 26612 --- [main] com.jmonitor.JmonitorApplicationTests    : Starting JmonitorApplicationTests on DESKTOP-DBO4L4B with PID 26612 (started by Administrator in F:\java\sts_workspace\Jmonitor)
2019-03-01 11:09:00.333  INFO 26612 --- [main] com.jmonitor.JmonitorApplicationTests    : The following profiles are active: test
2019-03-01 11:09:00.549  INFO 19112 --- [restartedMain] o.s.b.w.embedded.tomcat.TomcatWebServer  : Tomcat initialized with port(s): 8181 (http)
2019-03-01 11:09:00.552  INFO 19112 --- [restartedMain] o.apache.catalina.core.StandardService   : Starting service [Tomcat]
2019-03-01 11:09:00.553  INFO 19112 --- [restartedMain] org.apache.catalina.core.StandardEngine  : Starting Servlet Engine: Apache Tomcat/9.0.13
2019-03-01 11:09:00.590  INFO 19112 --- [restartedMain] o.a.c.c.C.[Tomcat].[localhost].[/]       : Initializing Spring embedded WebApplicationContext
2019-03-01 11:09:00.590  INFO 19112 --- [restartedMain] o.s.web.context.ContextLoader            : Root WebApplicationContext: initialization completed in 1168 ms
2019-03-01 11:09:00.750  INFO 19112 --- [restartedMain] c.a.d.s.b.a.DruidDataSourceAutoConfigure : Init DruidDataSource
2019-03-01 11:09:01.828  INFO 19112 --- [restartedMain] com.alibaba.druid.pool.DruidDataSource   : {dataSource-2} inited
2019-03-01 11:09:01.886  WARN 19112 --- [restartedMain] c.b.m.core.toolkit.TableInfoHelper       : Warn: Could not find @TableId in Class: com.jmonitor.modules.sys.entity.Dbs.
2019-03-01 11:09:02.090  WARN 19112 --- [restartedMain] c.b.m.core.toolkit.TableInfoHelper       : Warn: Could not find @TableId in Class: com.jmonitor.modules.sys.entity.Loadbalancers.
2019-03-01 11:09:02.222  WARN 19112 --- [restartedMain] c.b.m.core.toolkit.TableInfoHelper       : Warn: Could not find @TableId in Class: com.jmonitor.modules.sys.entity.Pods.
2019-03-01 11:09:02.249  INFO 26612 --- [main] trationDelegate$BeanPostProcessorChecker : Bean 'com.alibaba.druid.spring.boot.autoconfigure.stat.DruidSpringAopConfiguration' of type [com.alibaba.druid.spring.boot.autoconfigure.stat.DruidSpringAopConfiguration] is not eligible for getting processed by all BeanPostProcessors (for example: not eligible for auto-proxying)
2019-03-01 11:09:02.312  INFO 26612 --- [main] trationDelegate$BeanPostProcessorChecker : Bean 'org.springframework.transaction.annotation.ProxyTransactionManagementConfiguration' of type [org.springframework.transaction.annotation.ProxyTransactionManagementConfiguration$$EnhancerBySpringCGLIB$$758cc3df] is not eligible for getting processed by all BeanPostProcessors (for example: not eligible for auto-proxying)
2019-03-01 11:09:02.367  WARN 19112 --- [restartedMain] c.b.m.core.toolkit.TableInfoHelper       : Warn: Could not find @TableId in Class: com.jmonitor.modules.sys.entity.Servers.
2019-03-01 11:09:02.389  INFO 26612 --- [main] trationDelegate$BeanPostProcessorChecker : Bean 'spring.datasource.druid-com.alibaba.druid.spring.boot.autoconfigure.properties.DruidStatProperties' of type [com.alibaba.druid.spring.boot.autoconfigure.properties.DruidStatProperties] is not eligible for getting processed by all BeanPostProcessors (for example: not eligible for auto-proxying)
2019-03-01 11:09:02.411  INFO 26612 --- [main] trationDelegate$BeanPostProcessorChecker : Bean 'advisor' of type [org.springframework.aop.support.RegexpMethodPointcutAdvisor] is not eligible for getting processed by all BeanPostProcessors (for example: not eligible for auto-proxying)
2019-03-01 11:09:02.797  INFO 26612 --- [main] c.a.d.s.b.a.DruidDataSourceAutoConfigure : Init DruidDataSource
2019-03-01 11:09:02.828  INFO 19112 --- [restartedMain] o.s.c.ehcache.EhCacheManagerFactoryBean  : Initializing EhCache CacheManager
2019-03-01 11:09:02.909  INFO 19112 --- [restartedMain] o.s.b.d.a.OptionalLiveReloadServer       : LiveReload server is running on port 35729
2019-03-01 11:09:02.951  INFO 19112 --- [restartedMain] pertySourcedRequestMappingHandlerMapping : Mapped URL path [/v2/api-docs] onto method [public org.springframework.http.ResponseEntity<springfox.documentation.spring.web.json.Json> springfox.documentation.swagger2.web.Swagger2Controller.getDocumentation(java.lang.String,javax.servlet.http.HttpServletRequest)]
2019-03-01 11:09:03.068  WARN 19112 --- [restartedMain] org.thymeleaf.templatemode.TemplateMode  : [THYMELEAF][restartedMain] Template Mode 'LEGACYHTML5' is deprecated. Using Template Mode 'HTML' instead.
2019-03-01 11:09:03.564  INFO 19112 --- [restartedMain] d.s.w.p.DocumentationPluginsBootstrapper : Context refreshed
2019-03-01 11:09:03.565  INFO 19112 --- [restartedMain] d.s.w.p.DocumentationPluginsBootstrapper : Found 1 custom documentation plugin(s)
2019-03-01 11:09:03.572  INFO 19112 --- [restartedMain] s.d.s.w.s.ApiListingReferenceScanner     : Scanning for api listing references
2019-03-01 11:09:03.614  INFO 19112 --- [restartedMain] o.s.b.w.embedded.tomcat.TomcatWebServer  : Tomcat started on port(s): 8181 (http) with context path ''
2019-03-01 11:09:03.615  INFO 19112 --- [restartedMain] com.jmonitor.JmonitorApplication         : Started JmonitorApplication in 4.254 seconds (JVM running for 430.125)
2019-03-01 11:09:03.619  INFO 19112 --- [restartedMain] .ConditionEvaluationDeltaLoggingListener : Condition evaluation unchanged
2019-03-01 11:09:04.843  INFO 26612 --- [main] com.alibaba.druid.pool.DruidDataSource   : {dataSource-1} inited
2019-03-01 11:09:05.024  WARN 26612 --- [main] c.b.m.core.toolkit.TableInfoHelper       : Warn: Could not find @TableId in Class: com.jmonitor.modules.sys.entity.Dbs.
2019-03-01 11:09:05.253  WARN 26612 --- [main] c.b.m.core.toolkit.TableInfoHelper       : Warn: Could not find @TableId in Class: com.jmonitor.modules.sys.entity.Loadbalancers.
2019-03-01 11:09:05.359  WARN 26612 --- [main] c.b.m.core.toolkit.TableInfoHelper       : Warn: Could not find @TableId in Class: com.jmonitor.modules.sys.entity.Pods.
2019-03-01 11:09:05.474  WARN 26612 --- [main] c.b.m.core.toolkit.TableInfoHelper       : Warn: Could not find @TableId in Class: com.jmonitor.modules.sys.entity.Servers.
2019-03-01 11:09:07.111  INFO 26612 --- [main] o.s.c.ehcache.EhCacheManagerFactoryBean  : Initializing EhCache CacheManager
2019-03-01 11:09:07.298  WARN 26612 --- [main] net.sf.ehcache.DiskStorePathManager      : diskStorePath 'C:\Users\Administrator\AppData\Local\Temp\ehcache' is already used by an existing CacheManager either in the same VM or in a different process.
The diskStore path for this CacheManager will be set to C:\Users\Administrator\AppData\Local\Temp\ehcache\ehcache_auto_created1630948906709868832diskstore.
To avoid this warning consider using the CacheManager factory methods to create a singleton CacheManager or specifying a separate ehcache configuration (ehcache.xml) for each CacheManager instance.
2019-03-01 11:09:07.702  INFO 26612 --- [main] pertySourcedRequestMappingHandlerMapping : Mapped URL path [/v2/api-docs] onto method [public org.springframework.http.ResponseEntity<springfox.documentation.spring.web.json.Json> springfox.documentation.swagger2.web.Swagger2Controller.getDocumentation(java.lang.String,javax.servlet.http.HttpServletRequest)]
2019-03-01 11:09:08.287  WARN 26612 --- [main] org.thymeleaf.templatemode.TemplateMode  : [THYMELEAF][main] Template Mode 'LEGACYHTML5' is deprecated. Using Template Mode 'HTML' instead.
2019-03-01 11:09:08.521  INFO 26612 --- [main] d.s.w.p.DocumentationPluginsBootstrapper : Context refreshed
2019-03-01 11:09:08.566  INFO 26612 --- [main] d.s.w.p.DocumentationPluginsBootstrapper : Found 1 custom documentation plugin(s)
2019-03-01 11:09:08.625  INFO 26612 --- [main] s.d.s.w.s.ApiListingReferenceScanner     : Scanning for api listing references
2019-03-01 11:09:08.956  INFO 26612 --- [main] com.jmonitor.JmonitorApplicationTests    : Started JmonitorApplicationTests in 9.28 seconds (JVM running for 10.255)
2019-03-01 11:09:09.280  INFO 26612 --- [Thread-5] o.s.c.ehcache.EhCacheManagerFactoryBean  : Shutting down EhCache CacheManager
2019-03-01 11:09:09.322  INFO 26612 --- [Thread-5] com.alibaba.druid.pool.DruidDataSource   : {dataSource-1} closed
2019-03-01 11:09:17.863  INFO 19112 --- [Thread-12] o.s.c.ehcache.EhCacheManagerFactoryBean  : Shutting down EhCache CacheManager
2019-03-01 11:09:17.876  INFO 19112 --- [Thread-12] com.alibaba.druid.pool.DruidDataSource   : {dataSource-2} closed
2019-03-01 11:09:18.215  INFO 19112 --- [restartedMain] com.jmonitor.JmonitorApplication         : Starting JmonitorApplication on DESKTOP-DBO4L4B with PID 19112 (F:\java\sts_workspace\Jmonitor\target\classes started by Administrator in F:\java\sts_workspace\Jmonitor)
2019-03-01 11:09:18.216  INFO 19112 --- [restartedMain] com.jmonitor.JmonitorApplication         : The following profiles are active: test
2019-03-01 11:09:18.772  INFO 19112 --- [restartedMain] trationDelegate$BeanPostProcessorChecker : Bean 'com.alibaba.druid.spring.boot.autoconfigure.stat.DruidSpringAopConfiguration' of type [com.alibaba.druid.spring.boot.autoconfigure.stat.DruidSpringAopConfiguration] is not eligible for getting processed by all BeanPostProcessors (for example: not eligible for auto-proxying)
2019-03-01 11:09:18.786  INFO 19112 --- [restartedMain] trationDelegate$BeanPostProcessorChecker : Bean 'org.springframework.transaction.annotation.ProxyTransactionManagementConfiguration' of type [org.springframework.transaction.annotation.ProxyTransactionManagementConfiguration$$EnhancerBySpringCGLIB$$3f4cf725] is not eligible for getting processed by all BeanPostProcessors (for example: not eligible for auto-proxying)
2019-03-01 11:09:18.791  INFO 19112 --- [restartedMain] trationDelegate$BeanPostProcessorChecker : Bean 'spring.datasource.druid-com.alibaba.druid.spring.boot.autoconfigure.properties.DruidStatProperties' of type [com.alibaba.druid.spring.boot.autoconfigure.properties.DruidStatProperties] is not eligible for getting processed by all BeanPostProcessors (for example: not eligible for auto-proxying)
2019-03-01 11:09:18.791  INFO 19112 --- [restartedMain] trationDelegate$BeanPostProcessorChecker : Bean 'advisor' of type [org.springframework.aop.support.RegexpMethodPointcutAdvisor] is not eligible for getting processed by all BeanPostProcessors (for example: not eligible for auto-proxying)
2019-03-01 11:09:18.883  INFO 19112 --- [restartedMain] o.s.b.w.embedded.tomcat.TomcatWebServer  : Tomcat initialized with port(s): 8181 (http)
2019-03-01 11:09:18.884  INFO 19112 --- [restartedMain] o.apache.catalina.core.StandardService   : Starting service [Tomcat]
2019-03-01 11:09:18.884  INFO 19112 --- [restartedMain] org.apache.catalina.core.StandardEngine  : Starting Servlet Engine: Apache Tomcat/9.0.13
2019-03-01 11:09:18.905  INFO 19112 --- [restartedMain] o.a.c.c.C.[Tomcat].[localhost].[/]       : Initializing Spring embedded WebApplicationContext
2019-03-01 11:09:18.906  INFO 19112 --- [restartedMain] o.s.web.context.ContextLoader            : Root WebApplicationContext: initialization completed in 687 ms
2019-03-01 11:09:18.978  INFO 19112 --- [restartedMain] c.a.d.s.b.a.DruidDataSourceAutoConfigure : Init DruidDataSource
2019-03-01 11:09:19.693  INFO 19112 --- [restartedMain] com.alibaba.druid.pool.DruidDataSource   : {dataSource-3} inited
2019-03-01 11:09:19.726  WARN 19112 --- [restartedMain] c.b.m.core.toolkit.TableInfoHelper       : Warn: Could not find @TableId in Class: com.jmonitor.modules.sys.entity.Dbs.
2019-03-01 11:09:19.797  WARN 19112 --- [restartedMain] c.b.m.core.toolkit.TableInfoHelper       : Warn: Could not find @TableId in Class: com.jmonitor.modules.sys.entity.Loadbalancers.
2019-03-01 11:09:19.841  WARN 19112 --- [restartedMain] c.b.m.core.toolkit.TableInfoHelper       : Warn: Could not find @TableId in Class: com.jmonitor.modules.sys.entity.Pods.
2019-03-01 11:09:19.887  WARN 19112 --- [restartedMain] c.b.m.core.toolkit.TableInfoHelper       : Warn: Could not find @TableId in Class: com.jmonitor.modules.sys.entity.Servers.
2019-03-01 11:09:20.206  INFO 19112 --- [restartedMain] o.s.c.ehcache.EhCacheManagerFactoryBean  : Initializing EhCache CacheManager
2019-03-01 11:09:20.248  INFO 19112 --- [restartedMain] o.s.b.d.a.OptionalLiveReloadServer       : LiveReload server is running on port 35729
2019-03-01 11:09:20.272  INFO 19112 --- [restartedMain] pertySourcedRequestMappingHandlerMapping : Mapped URL path [/v2/api-docs] onto method [public org.springframework.http.ResponseEntity<springfox.documentation.spring.web.json.Json> springfox.documentation.swagger2.web.Swagger2Controller.getDocumentation(java.lang.String,javax.servlet.http.HttpServletRequest)]
2019-03-01 11:09:20.343  WARN 19112 --- [restartedMain] org.thymeleaf.templatemode.TemplateMode  : [THYMELEAF][restartedMain] Template Mode 'LEGACYHTML5' is deprecated. Using Template Mode 'HTML' instead.
2019-03-01 11:09:20.764  INFO 19112 --- [restartedMain] d.s.w.p.DocumentationPluginsBootstrapper : Context refreshed
2019-03-01 11:09:20.765  INFO 19112 --- [restartedMain] d.s.w.p.DocumentationPluginsBootstrapper : Found 1 custom documentation plugin(s)
2019-03-01 11:09:20.773  INFO 19112 --- [restartedMain] s.d.s.w.s.ApiListingReferenceScanner     : Scanning for api listing references
2019-03-01 11:09:20.811  INFO 19112 --- [restartedMain] o.s.b.w.embedded.tomcat.TomcatWebServer  : Tomcat started on port(s): 8181 (http) with context path ''
2019-03-01 11:09:20.811  INFO 19112 --- [restartedMain] com.jmonitor.JmonitorApplication         : Started JmonitorApplication in 2.645 seconds (JVM running for 447.321)
2019-03-01 11:09:20.815  INFO 19112 --- [restartedMain] .ConditionEvaluationDeltaLoggingListener : Condition evaluation unchanged
2019-03-01 14:23:54.169  INFO 19112 --- [Thread-20] o.s.c.ehcache.EhCacheManagerFactoryBean  : Shutting down EhCache CacheManager
2019-03-01 14:23:54.189  INFO 19112 --- [Thread-20] com.alibaba.druid.pool.DruidDataSource   : {dataSource-3} closed
2019-03-01 14:23:54.572  INFO 19112 --- [restartedMain] com.jmonitor.JmonitorApplication         : Starting JmonitorApplication on DESKTOP-DBO4L4B with PID 19112 (F:\java\sts_workspace\Jmonitor\target\classes started by Administrator in F:\java\sts_workspace\Jmonitor)
2019-03-01 14:23:54.573  INFO 19112 --- [restartedMain] com.jmonitor.JmonitorApplication         : The following profiles are active: test
2019-03-01 14:23:55.191  INFO 19112 --- [restartedMain] trationDelegate$BeanPostProcessorChecker : Bean 'com.alibaba.druid.spring.boot.autoconfigure.stat.DruidSpringAopConfiguration' of type [com.alibaba.druid.spring.boot.autoconfigure.stat.DruidSpringAopConfiguration] is not eligible for getting processed by all BeanPostProcessors (for example: not eligible for auto-proxying)
2019-03-01 14:23:55.205  INFO 19112 --- [restartedMain] trationDelegate$BeanPostProcessorChecker : Bean 'org.springframework.transaction.annotation.ProxyTransactionManagementConfiguration' of type [org.springframework.transaction.annotation.ProxyTransactionManagementConfiguration$$EnhancerBySpringCGLIB$$3f4cf725] is not eligible for getting processed by all BeanPostProcessors (for example: not eligible for auto-proxying)
2019-03-01 14:23:55.211  INFO 19112 --- [restartedMain] trationDelegate$BeanPostProcessorChecker : Bean 'spring.datasource.druid-com.alibaba.druid.spring.boot.autoconfigure.properties.DruidStatProperties' of type [com.alibaba.druid.spring.boot.autoconfigure.properties.DruidStatProperties] is not eligible for getting processed by all BeanPostProcessors (for example: not eligible for auto-proxying)
2019-03-01 14:23:55.212  INFO 19112 --- [restartedMain] trationDelegate$BeanPostProcessorChecker : Bean 'advisor' of type [org.springframework.aop.support.RegexpMethodPointcutAdvisor] is not eligible for getting processed by all BeanPostProcessors (for example: not eligible for auto-proxying)
2019-03-01 14:23:55.334  INFO 19112 --- [restartedMain] o.s.b.w.embedded.tomcat.TomcatWebServer  : Tomcat initialized with port(s): 8181 (http)
2019-03-01 14:23:55.334  INFO 19112 --- [restartedMain] o.apache.catalina.core.StandardService   : Starting service [Tomcat]
2019-03-01 14:23:55.335  INFO 19112 --- [restartedMain] org.apache.catalina.core.StandardEngine  : Starting Servlet Engine: Apache Tomcat/9.0.13
2019-03-01 14:23:55.357  INFO 19112 --- [restartedMain] o.a.c.c.C.[Tomcat].[localhost].[/]       : Initializing Spring embedded WebApplicationContext
2019-03-01 14:23:55.357  INFO 19112 --- [restartedMain] o.s.web.context.ContextLoader            : Root WebApplicationContext: initialization completed in 780 ms
2019-03-01 14:23:55.938  INFO 19112 --- [restartedMain] c.a.d.s.b.a.DruidDataSourceAutoConfigure : Init DruidDataSource
2019-03-01 14:23:58.455  INFO 19112 --- [restartedMain] com.alibaba.druid.pool.DruidDataSource   : {dataSource-4} inited
2019-03-01 14:23:58.507  WARN 19112 --- [restartedMain] c.b.m.core.toolkit.TableInfoHelper       : Warn: Could not find @TableId in Class: com.jmonitor.modules.sys.entity.Dbs.
2019-03-01 14:23:58.594  WARN 19112 --- [restartedMain] c.b.m.core.toolkit.TableInfoHelper       : Warn: Could not find @TableId in Class: com.jmonitor.modules.sys.entity.Loadbalancers.
2019-03-01 14:23:58.658  WARN 19112 --- [restartedMain] c.b.m.core.toolkit.TableInfoHelper       : Warn: Could not find @TableId in Class: com.jmonitor.modules.sys.entity.Pods.
2019-03-01 14:23:58.704  WARN 19112 --- [restartedMain] c.b.m.core.toolkit.TableInfoHelper       : Warn: Could not find @TableId in Class: com.jmonitor.modules.sys.entity.Servers.
2019-03-01 14:23:59.030  INFO 19112 --- [restartedMain] o.s.c.ehcache.EhCacheManagerFactoryBean  : Initializing EhCache CacheManager
2019-03-01 14:23:59.097  INFO 19112 --- [restartedMain] o.s.b.d.a.OptionalLiveReloadServer       : LiveReload server is running on port 35729
2019-03-01 14:23:59.123  INFO 19112 --- [restartedMain] pertySourcedRequestMappingHandlerMapping : Mapped URL path [/v2/api-docs] onto method [public org.springframework.http.ResponseEntity<springfox.documentation.spring.web.json.Json> springfox.documentation.swagger2.web.Swagger2Controller.getDocumentation(java.lang.String,javax.servlet.http.HttpServletRequest)]
2019-03-01 14:23:59.205  WARN 19112 --- [restartedMain] org.thymeleaf.templatemode.TemplateMode  : [THYMELEAF][restartedMain] Template Mode 'LEGACYHTML5' is deprecated. Using Template Mode 'HTML' instead.
2019-03-01 14:23:59.693  INFO 19112 --- [restartedMain] d.s.w.p.DocumentationPluginsBootstrapper : Context refreshed
2019-03-01 14:23:59.694  INFO 19112 --- [restartedMain] d.s.w.p.DocumentationPluginsBootstrapper : Found 1 custom documentation plugin(s)
2019-03-01 14:23:59.702  INFO 19112 --- [restartedMain] s.d.s.w.s.ApiListingReferenceScanner     : Scanning for api listing references
2019-03-01 14:23:59.750  INFO 19112 --- [restartedMain] o.s.b.w.embedded.tomcat.TomcatWebServer  : Tomcat started on port(s): 8181 (http) with context path ''
2019-03-01 14:23:59.751  INFO 19112 --- [restartedMain] com.jmonitor.JmonitorApplication         : Started JmonitorApplication in 5.233 seconds (JVM running for 12126.261)
2019-03-01 14:23:59.754  INFO 19112 --- [restartedMain] .ConditionEvaluationDeltaLoggingListener : Condition evaluation unchanged
2019-03-01 14:24:17.949  INFO 19112 --- [Thread-28] o.s.c.ehcache.EhCacheManagerFactoryBean  : Shutting down EhCache CacheManager
2019-03-01 14:24:17.966  INFO 19112 --- [Thread-28] com.alibaba.druid.pool.DruidDataSource   : {dataSource-4} closed
2019-03-01 14:24:18.403  INFO 19112 --- [restartedMain] com.jmonitor.JmonitorApplication         : Starting JmonitorApplication on DESKTOP-DBO4L4B with PID 19112 (F:\java\sts_workspace\Jmonitor\target\classes started by Administrator in F:\java\sts_workspace\Jmonitor)
2019-03-01 14:24:18.403  INFO 19112 --- [restartedMain] com.jmonitor.JmonitorApplication         : The following profiles are active: test
2019-03-01 14:24:19.045  INFO 19112 --- [restartedMain] trationDelegate$BeanPostProcessorChecker : Bean 'com.alibaba.druid.spring.boot.autoconfigure.stat.DruidSpringAopConfiguration' of type [com.alibaba.druid.spring.boot.autoconfigure.stat.DruidSpringAopConfiguration] is not eligible for getting processed by all BeanPostProcessors (for example: not eligible for auto-proxying)
2019-03-01 14:24:19.063  INFO 19112 --- [restartedMain] trationDelegate$BeanPostProcessorChecker : Bean 'org.springframework.transaction.annotation.ProxyTransactionManagementConfiguration' of type [org.springframework.transaction.annotation.ProxyTransactionManagementConfiguration$$EnhancerBySpringCGLIB$$3f4cf725] is not eligible for getting processed by all BeanPostProcessors (for example: not eligible for auto-proxying)
2019-03-01 14:24:19.071  INFO 19112 --- [restartedMain] trationDelegate$BeanPostProcessorChecker : Bean 'spring.datasource.druid-com.alibaba.druid.spring.boot.autoconfigure.properties.DruidStatProperties' of type [com.alibaba.druid.spring.boot.autoconfigure.properties.DruidStatProperties] is not eligible for getting processed by all BeanPostProcessors (for example: not eligible for auto-proxying)
2019-03-01 14:24:19.073  INFO 19112 --- [restartedMain] trationDelegate$BeanPostProcessorChecker : Bean 'advisor' of type [org.springframework.aop.support.RegexpMethodPointcutAdvisor] is not eligible for getting processed by all BeanPostProcessors (for example: not eligible for auto-proxying)
2019-03-01 14:24:19.169  INFO 19112 --- [restartedMain] o.s.b.w.embedded.tomcat.TomcatWebServer  : Tomcat initialized with port(s): 8181 (http)
2019-03-01 14:24:19.170  INFO 19112 --- [restartedMain] o.apache.catalina.core.StandardService   : Starting service [Tomcat]
2019-03-01 14:24:19.170  INFO 19112 --- [restartedMain] org.apache.catalina.core.StandardEngine  : Starting Servlet Engine: Apache Tomcat/9.0.13
2019-03-01 14:24:19.189  INFO 19112 --- [restartedMain] o.a.c.c.C.[Tomcat].[localhost].[/]       : Initializing Spring embedded WebApplicationContext
2019-03-01 14:24:19.189  INFO 19112 --- [restartedMain] o.s.web.context.ContextLoader            : Root WebApplicationContext: initialization completed in 782 ms
2019-03-01 14:24:19.275  INFO 19112 --- [restartedMain] c.a.d.s.b.a.DruidDataSourceAutoConfigure : Init DruidDataSource
2019-03-01 14:24:20.271  INFO 19112 --- [restartedMain] com.alibaba.druid.pool.DruidDataSource   : {dataSource-5} inited
2019-03-01 14:24:20.308  WARN 19112 --- [restartedMain] c.b.m.core.toolkit.TableInfoHelper       : Warn: Could not find @TableId in Class: com.jmonitor.modules.sys.entity.Dbs.
2019-03-01 14:24:20.392  WARN 19112 --- [restartedMain] c.b.m.core.toolkit.TableInfoHelper       : Warn: Could not find @TableId in Class: com.jmonitor.modules.sys.entity.Loadbalancers.
2019-03-01 14:24:20.436  WARN 19112 --- [restartedMain] c.b.m.core.toolkit.TableInfoHelper       : Warn: Could not find @TableId in Class: com.jmonitor.modules.sys.entity.Pods.
2019-03-01 14:24:20.488  WARN 19112 --- [restartedMain] c.b.m.core.toolkit.TableInfoHelper       : Warn: Could not find @TableId in Class: com.jmonitor.modules.sys.entity.Servers.
2019-03-01 14:24:20.793  INFO 19112 --- [restartedMain] o.s.c.ehcache.EhCacheManagerFactoryBean  : Initializing EhCache CacheManager
2019-03-01 14:24:20.843  INFO 19112 --- [restartedMain] o.s.b.d.a.OptionalLiveReloadServer       : LiveReload server is running on port 35729
2019-03-01 14:24:20.872  INFO 19112 --- [restartedMain] pertySourcedRequestMappingHandlerMapping : Mapped URL path [/v2/api-docs] onto method [public org.springframework.http.ResponseEntity<springfox.documentation.spring.web.json.Json> springfox.documentation.swagger2.web.Swagger2Controller.getDocumentation(java.lang.String,javax.servlet.http.HttpServletRequest)]
2019-03-01 14:24:20.944  WARN 19112 --- [restartedMain] org.thymeleaf.templatemode.TemplateMode  : [THYMELEAF][restartedMain] Template Mode 'LEGACYHTML5' is deprecated. Using Template Mode 'HTML' instead.
2019-03-01 14:24:21.423  INFO 19112 --- [restartedMain] d.s.w.p.DocumentationPluginsBootstrapper : Context refreshed
2019-03-01 14:24:21.424  INFO 19112 --- [restartedMain] d.s.w.p.DocumentationPluginsBootstrapper : Found 1 custom documentation plugin(s)
2019-03-01 14:24:21.431  INFO 19112 --- [restartedMain] s.d.s.w.s.ApiListingReferenceScanner     : Scanning for api listing references
2019-03-01 14:24:21.466  INFO 19112 --- [restartedMain] o.s.b.w.embedded.tomcat.TomcatWebServer  : Tomcat started on port(s): 8181 (http) with context path ''
2019-03-01 14:24:21.467  INFO 19112 --- [restartedMain] com.jmonitor.JmonitorApplication         : Started JmonitorApplication in 3.11 seconds (JVM running for 12147.976)
2019-03-01 14:24:21.470  INFO 19112 --- [restartedMain] .ConditionEvaluationDeltaLoggingListener : Condition evaluation unchanged
2019-03-01 14:26:38.246  INFO 19112 --- [Thread-36] o.s.c.ehcache.EhCacheManagerFactoryBean  : Shutting down EhCache CacheManager
2019-03-01 14:26:38.260  INFO 19112 --- [Thread-36] com.alibaba.druid.pool.DruidDataSource   : {dataSource-5} closed
2019-03-01 14:26:38.593  INFO 19112 --- [restartedMain] com.jmonitor.JmonitorApplication         : Starting JmonitorApplication on DESKTOP-DBO4L4B with PID 19112 (F:\java\sts_workspace\Jmonitor\target\classes started by Administrator in F:\java\sts_workspace\Jmonitor)
2019-03-01 14:26:38.593  INFO 19112 --- [restartedMain] com.jmonitor.JmonitorApplication         : The following profiles are active: test
2019-03-01 14:26:39.138  INFO 19112 --- [restartedMain] trationDelegate$BeanPostProcessorChecker : Bean 'com.alibaba.druid.spring.boot.autoconfigure.stat.DruidSpringAopConfiguration' of type [com.alibaba.druid.spring.boot.autoconfigure.stat.DruidSpringAopConfiguration] is not eligible for getting processed by all BeanPostProcessors (for example: not eligible for auto-proxying)
2019-03-01 14:26:39.151  INFO 19112 --- [restartedMain] trationDelegate$BeanPostProcessorChecker : Bean 'org.springframework.transaction.annotation.ProxyTransactionManagementConfiguration' of type [org.springframework.transaction.annotation.ProxyTransactionManagementConfiguration$$EnhancerBySpringCGLIB$$3f4cf725] is not eligible for getting processed by all BeanPostProcessors (for example: not eligible for auto-proxying)
2019-03-01 14:26:39.155  INFO 19112 --- [restartedMain] trationDelegate$BeanPostProcessorChecker : Bean 'spring.datasource.druid-com.alibaba.druid.spring.boot.autoconfigure.properties.DruidStatProperties' of type [com.alibaba.druid.spring.boot.autoconfigure.properties.DruidStatProperties] is not eligible for getting processed by all BeanPostProcessors (for example: not eligible for auto-proxying)
2019-03-01 14:26:39.156  INFO 19112 --- [restartedMain] trationDelegate$BeanPostProcessorChecker : Bean 'advisor' of type [org.springframework.aop.support.RegexpMethodPointcutAdvisor] is not eligible for getting processed by all BeanPostProcessors (for example: not eligible for auto-proxying)
2019-03-01 14:26:39.242  INFO 19112 --- [restartedMain] o.s.b.w.embedded.tomcat.TomcatWebServer  : Tomcat initialized with port(s): 8181 (http)
2019-03-01 14:26:39.242  INFO 19112 --- [restartedMain] o.apache.catalina.core.StandardService   : Starting service [Tomcat]
2019-03-01 14:26:39.243  INFO 19112 --- [restartedMain] org.apache.catalina.core.StandardEngine  : Starting Servlet Engine: Apache Tomcat/9.0.13
2019-03-01 14:26:39.261  INFO 19112 --- [restartedMain] o.a.c.c.C.[Tomcat].[localhost].[/]       : Initializing Spring embedded WebApplicationContext
2019-03-01 14:26:39.262  INFO 19112 --- [restartedMain] o.s.web.context.ContextLoader            : Root WebApplicationContext: initialization completed in 666 ms
2019-03-01 14:26:39.328  INFO 19112 --- [restartedMain] c.a.d.s.b.a.DruidDataSourceAutoConfigure : Init DruidDataSource
2019-03-01 14:26:40.554  INFO 19112 --- [restartedMain] com.alibaba.druid.pool.DruidDataSource   : {dataSource-6} inited
2019-03-01 14:26:40.593  WARN 19112 --- [restartedMain] c.b.m.core.toolkit.TableInfoHelper       : Warn: Could not find @TableId in Class: com.jmonitor.modules.sys.entity.Dbs.
2019-03-01 14:26:40.705  WARN 19112 --- [restartedMain] c.b.m.core.toolkit.TableInfoHelper       : Warn: Could not find @TableId in Class: com.jmonitor.modules.sys.entity.Loadbalancers.
2019-03-01 14:26:40.750  WARN 19112 --- [restartedMain] c.b.m.core.toolkit.TableInfoHelper       : Warn: Could not find @TableId in Class: com.jmonitor.modules.sys.entity.Pods.
2019-03-01 14:26:40.804  WARN 19112 --- [restartedMain] c.b.m.core.toolkit.TableInfoHelper       : Warn: Could not find @TableId in Class: com.jmonitor.modules.sys.entity.Servers.
2019-03-01 14:26:41.114  INFO 19112 --- [restartedMain] o.s.c.ehcache.EhCacheManagerFactoryBean  : Initializing EhCache CacheManager
2019-03-01 14:26:41.160  INFO 19112 --- [restartedMain] o.s.b.d.a.OptionalLiveReloadServer       : LiveReload server is running on port 35729
2019-03-01 14:26:41.183  INFO 19112 --- [restartedMain] pertySourcedRequestMappingHandlerMapping : Mapped URL path [/v2/api-docs] onto method [public org.springframework.http.ResponseEntity<springfox.documentation.spring.web.json.Json> springfox.documentation.swagger2.web.Swagger2Controller.getDocumentation(java.lang.String,javax.servlet.http.HttpServletRequest)]
2019-03-01 14:26:41.265  WARN 19112 --- [restartedMain] org.thymeleaf.templatemode.TemplateMode  : [THYMELEAF][restartedMain] Template Mode 'LEGACYHTML5' is deprecated. Using Template Mode 'HTML' instead.
2019-03-01 14:26:41.735  INFO 19112 --- [restartedMain] d.s.w.p.DocumentationPluginsBootstrapper : Context refreshed
2019-03-01 14:26:41.736  INFO 19112 --- [restartedMain] d.s.w.p.DocumentationPluginsBootstrapper : Found 1 custom documentation plugin(s)
2019-03-01 14:26:41.743  INFO 19112 --- [restartedMain] s.d.s.w.s.ApiListingReferenceScanner     : Scanning for api listing references
2019-03-01 14:26:41.775  INFO 19112 --- [restartedMain] o.s.b.w.embedded.tomcat.TomcatWebServer  : Tomcat started on port(s): 8181 (http) with context path ''
2019-03-01 14:26:41.776  INFO 19112 --- [restartedMain] com.jmonitor.JmonitorApplication         : Started JmonitorApplication in 3.226 seconds (JVM running for 12288.286)
2019-03-01 14:26:41.779  INFO 19112 --- [restartedMain] .ConditionEvaluationDeltaLoggingListener : Condition evaluation unchanged
2019-03-01 16:56:40.789  INFO 19112 --- [Thread-44] o.s.c.ehcache.EhCacheManagerFactoryBean  : Shutting down EhCache CacheManager
2019-03-01 16:56:40.822  INFO 19112 --- [Thread-44] com.alibaba.druid.pool.DruidDataSource   : {dataSource-6} closed
2019-03-01 16:56:41.306  INFO 19112 --- [restartedMain] com.jmonitor.JmonitorApplication         : Starting JmonitorApplication on DESKTOP-DBO4L4B with PID 19112 (F:\java\sts_workspace\Jmonitor\target\classes started by Administrator in F:\java\sts_workspace\Jmonitor)
2019-03-01 16:56:41.306  INFO 19112 --- [restartedMain] com.jmonitor.JmonitorApplication         : The following profiles are active: test
2019-03-01 16:56:41.909  INFO 19112 --- [restartedMain] trationDelegate$BeanPostProcessorChecker : Bean 'com.alibaba.druid.spring.boot.autoconfigure.stat.DruidSpringAopConfiguration' of type [com.alibaba.druid.spring.boot.autoconfigure.stat.DruidSpringAopConfiguration] is not eligible for getting processed by all BeanPostProcessors (for example: not eligible for auto-proxying)
2019-03-01 16:56:41.921  INFO 19112 --- [restartedMain] trationDelegate$BeanPostProcessorChecker : Bean 'org.springframework.transaction.annotation.ProxyTransactionManagementConfiguration' of type [org.springframework.transaction.annotation.ProxyTransactionManagementConfiguration$$EnhancerBySpringCGLIB$$3f4cf725] is not eligible for getting processed by all BeanPostProcessors (for example: not eligible for auto-proxying)
2019-03-01 16:56:41.926  INFO 19112 --- [restartedMain] trationDelegate$BeanPostProcessorChecker : Bean 'spring.datasource.druid-com.alibaba.druid.spring.boot.autoconfigure.properties.DruidStatProperties' of type [com.alibaba.druid.spring.boot.autoconfigure.properties.DruidStatProperties] is not eligible for getting processed by all BeanPostProcessors (for example: not eligible for auto-proxying)
2019-03-01 16:56:41.927  INFO 19112 --- [restartedMain] trationDelegate$BeanPostProcessorChecker : Bean 'advisor' of type [org.springframework.aop.support.RegexpMethodPointcutAdvisor] is not eligible for getting processed by all BeanPostProcessors (for example: not eligible for auto-proxying)
2019-03-01 16:56:42.042  INFO 19112 --- [restartedMain] o.s.b.w.embedded.tomcat.TomcatWebServer  : Tomcat initialized with port(s): 8181 (http)
2019-03-01 16:56:42.042  INFO 19112 --- [restartedMain] o.apache.catalina.core.StandardService   : Starting service [Tomcat]
2019-03-01 16:56:42.043  INFO 19112 --- [restartedMain] org.apache.catalina.core.StandardEngine  : Starting Servlet Engine: Apache Tomcat/9.0.13
2019-03-01 16:56:42.062  INFO 19112 --- [restartedMain] o.a.c.c.C.[Tomcat].[localhost].[/]       : Initializing Spring embedded WebApplicationContext
2019-03-01 16:56:42.062  INFO 19112 --- [restartedMain] o.s.web.context.ContextLoader            : Root WebApplicationContext: initialization completed in 753 ms
2019-03-01 16:56:42.404  INFO 19112 --- [restartedMain] c.a.d.s.b.a.DruidDataSourceAutoConfigure : Init DruidDataSource
2019-03-01 16:56:44.524  INFO 19112 --- [restartedMain] com.alibaba.druid.pool.DruidDataSource   : {dataSource-7} inited
2019-03-01 16:56:44.555  WARN 19112 --- [restartedMain] c.b.m.core.toolkit.TableInfoHelper       : Warn: Could not find @TableId in Class: com.jmonitor.modules.sys.entity.Dbs.
2019-03-01 16:56:44.639  WARN 19112 --- [restartedMain] c.b.m.core.toolkit.TableInfoHelper       : Warn: Could not find @TableId in Class: com.jmonitor.modules.sys.entity.Loadbalancers.
2019-03-01 16:56:44.694  WARN 19112 --- [restartedMain] c.b.m.core.toolkit.TableInfoHelper       : Warn: Could not find @TableId in Class: com.jmonitor.modules.sys.entity.Pods.
2019-03-01 16:56:44.746  WARN 19112 --- [restartedMain] c.b.m.core.toolkit.TableInfoHelper       : Warn: Could not find @TableId in Class: com.jmonitor.modules.sys.entity.Servers.
2019-03-01 16:56:45.060  INFO 19112 --- [restartedMain] o.s.c.ehcache.EhCacheManagerFactoryBean  : Initializing EhCache CacheManager
2019-03-01 16:56:45.106  INFO 19112 --- [restartedMain] o.s.b.d.a.OptionalLiveReloadServer       : LiveReload server is running on port 35729
2019-03-01 16:56:45.131  INFO 19112 --- [restartedMain] pertySourcedRequestMappingHandlerMapping : Mapped URL path [/v2/api-docs] onto method [public org.springframework.http.ResponseEntity<springfox.documentation.spring.web.json.Json> springfox.documentation.swagger2.web.Swagger2Controller.getDocumentation(java.lang.String,javax.servlet.http.HttpServletRequest)]
2019-03-01 16:56:45.210  WARN 19112 --- [restartedMain] org.thymeleaf.templatemode.TemplateMode  : [THYMELEAF][restartedMain] Template Mode 'LEGACYHTML5' is deprecated. Using Template Mode 'HTML' instead.
2019-03-01 16:56:45.700  INFO 19112 --- [restartedMain] d.s.w.p.DocumentationPluginsBootstrapper : Context refreshed
2019-03-01 16:56:45.701  INFO 19112 --- [restartedMain] d.s.w.p.DocumentationPluginsBootstrapper : Found 1 custom documentation plugin(s)
2019-03-01 16:56:45.708  INFO 19112 --- [restartedMain] s.d.s.w.s.ApiListingReferenceScanner     : Scanning for api listing references
2019-03-01 16:56:45.741  INFO 19112 --- [restartedMain] o.s.b.w.embedded.tomcat.TomcatWebServer  : Tomcat started on port(s): 8181 (http) with context path ''
2019-03-01 16:56:45.742  INFO 19112 --- [restartedMain] com.jmonitor.JmonitorApplication         : Started JmonitorApplication in 4.499 seconds (JVM running for 21292.252)
2019-03-01 16:56:45.745  INFO 19112 --- [restartedMain] .ConditionEvaluationDeltaLoggingListener : Condition evaluation unchanged
2019-03-01 16:57:24.071  INFO 19112 --- [http-nio-8181-exec-1] o.a.c.c.C.[Tomcat].[localhost].[/]       : Initializing Spring DispatcherServlet 'dispatcherServlet'
2019-03-01 16:57:24.073  INFO 19112 --- [http-nio-8181-exec-1] o.s.web.servlet.DispatcherServlet        : Initializing Servlet 'dispatcherServlet'
2019-03-01 16:57:24.087  INFO 19112 --- [http-nio-8181-exec-1] o.s.web.servlet.DispatcherServlet        : Completed initialization in 14 ms
2019-03-01 16:57:52.544  WARN 19112 --- [http-nio-8181-exec-19] o.s.web.servlet.PageNotFound             : No mapping for GET /vendor/fontawesome-free/css/all.min.css
2019-03-01 16:57:52.545  WARN 19112 --- [http-nio-8181-exec-20] o.s.web.servlet.PageNotFound             : No mapping for GET /css/sb-admin-2.min.css
2019-03-01 16:57:52.545  WARN 19112 --- [http-nio-8181-exec-18] o.s.web.servlet.PageNotFound             : No mapping for GET /vendor/datatables/dataTables.bootstrap4.min.css
2019-03-01 16:57:52.557  WARN 19112 --- [http-nio-8181-exec-24] o.s.web.servlet.PageNotFound             : No mapping for GET /vendor/jquery/jquery.min.js
2019-03-01 16:57:52.557  WARN 19112 --- [http-nio-8181-exec-23] o.s.web.servlet.PageNotFound             : No mapping for GET /vendor/jquery-easing/jquery.easing.min.js
2019-03-01 16:57:52.557  WARN 19112 --- [http-nio-8181-exec-25] o.s.web.servlet.PageNotFound             : No mapping for GET /vendor/bootstrap/js/bootstrap.bundle.min.js
2019-03-01 16:57:52.575  WARN 19112 --- [http-nio-8181-exec-21] o.s.web.servlet.PageNotFound             : No mapping for GET /js/sb-admin-2.min.js
2019-03-01 16:57:52.576  WARN 19112 --- [http-nio-8181-exec-22] o.s.web.servlet.PageNotFound             : No mapping for GET /vendor/datatables/jquery.dataTables.min.js
2019-03-01 16:57:52.578  WARN 19112 --- [http-nio-8181-exec-27] o.s.web.servlet.PageNotFound             : No mapping for GET /vendor/datatables/dataTables.bootstrap4.min.js
2019-03-01 16:57:52.583  WARN 19112 --- [http-nio-8181-exec-28] o.s.web.servlet.PageNotFound             : No mapping for GET /js/demo/datatables-demo.js
2019-03-01 17:00:32.100  WARN 19112 --- [http-nio-8181-exec-10] o.s.web.servlet.PageNotFound             : No mapping for GET /staticvendor/datatables/dataTables.bootstrap4.min.css
2019-03-01 17:01:22.039  WARN 19112 --- [http-nio-8181-exec-15] o.s.web.servlet.PageNotFound             : No mapping for GET /staticvendor/datatables/dataTables.bootstrap4.min.css
2019-03-01 17:01:43.133  WARN 19112 --- [http-nio-8181-exec-21] o.s.web.servlet.PageNotFound             : No mapping for GET /staticvendor/datatables/dataTables.bootstrap4.min.css
2019-03-01 17:02:25.873  WARN 19112 --- [http-nio-8181-exec-1] o.s.web.servlet.PageNotFound             : No mapping for GET /staticvendor/datatables/dataTables.bootstrap4.min.css
2019-03-01 17:02:36.914  WARN 19112 --- [http-nio-8181-exec-3] o.s.web.servlet.PageNotFound             : No mapping for GET /staticvendor/datatables/dataTables.bootstrap4.min.css
2019-03-01 17:02:59.828  WARN 19112 --- [http-nio-8181-exec-5] o.s.web.servlet.PageNotFound             : No mapping for GET /staticvendor/datatables/dataTables.bootstrap4.min.css
2019-03-01 17:02:59.847  WARN 19112 --- [http-nio-8181-exec-6] o.s.web.servlet.PageNotFound             : No mapping for GET /staticvendor/datatables/dataTables.bootstrap4.min.css
2019-03-01 17:03:34.330  WARN 19112 --- [http-nio-8181-exec-11] o.s.web.servlet.PageNotFound             : No mapping for GET /staticvendor/datatables/dataTables.bootstrap4.min.css
2019-03-01 17:03:34.366  WARN 19112 --- [http-nio-8181-exec-7] o.s.web.servlet.PageNotFound             : No mapping for GET /staticvendor/datatables/dataTables.bootstrap4.min.css
2019-03-01 17:03:55.987  WARN 19112 --- [http-nio-8181-exec-12] o.s.web.servlet.PageNotFound             : No mapping for GET /staticvendor/datatables/dataTables.bootstrap4.min.css
2019-03-01 17:03:56.010  WARN 19112 --- [http-nio-8181-exec-16] o.s.web.servlet.PageNotFound             : No mapping for GET /staticvendor/datatables/dataTables.bootstrap4.min.css
2019-03-01 17:04:47.805  WARN 19112 --- [http-nio-8181-exec-13] o.s.web.servlet.PageNotFound             : No mapping for GET /staticvendor/datatables/dataTables.bootstrap4.min.css
2019-03-01 17:04:47.824  WARN 19112 --- [http-nio-8181-exec-17] o.s.web.servlet.PageNotFound             : No mapping for GET /staticvendor/datatables/dataTables.bootstrap4.min.css
2019-03-01 17:05:01.769  WARN 19112 --- [http-nio-8181-exec-19] o.s.web.servlet.PageNotFound             : No mapping for GET /staticvendor/datatables/dataTables.bootstrap4.min.css
2019-03-01 17:05:10.676  WARN 19112 --- [http-nio-8181-exec-20] o.s.web.servlet.PageNotFound             : No mapping for GET /staticvendor/datatables/dataTables.bootstrap4.min.css
2019-03-01 17:05:10.710  WARN 19112 --- [http-nio-8181-exec-23] o.s.web.servlet.PageNotFound             : No mapping for GET /staticvendor/datatables/dataTables.bootstrap4.min.css
2019-03-01 17:05:17.317  WARN 19112 --- [http-nio-8181-exec-25] o.s.web.servlet.PageNotFound             : No mapping for GET /staticvendor/datatables/dataTables.bootstrap4.min.css
2019-03-01 17:05:26.939  WARN 19112 --- [http-nio-8181-exec-26] o.s.web.servlet.PageNotFound             : No mapping for GET /staticvendor/datatables/dataTables.bootstrap4.min.css
2019-03-01 17:05:42.676  WARN 19112 --- [http-nio-8181-exec-23] o.s.web.servlet.PageNotFound             : No mapping for GET /staticvendor/datatables/dataTables.bootstrap4.min.css
2019-03-01 17:06:04.988  WARN 19112 --- [http-nio-8181-exec-1] o.s.web.servlet.PageNotFound             : No mapping for GET /staticvendor/datatables/dataTables.bootstrap4.min.css
2019-03-01 17:06:22.122  WARN 19112 --- [http-nio-8181-exec-4] o.s.web.servlet.PageNotFound             : No mapping for GET /staticvendor/datatables/dataTables.bootstrap4.min.css
2019-03-01 17:06:26.585  WARN 19112 --- [http-nio-8181-exec-5] o.s.web.servlet.PageNotFound             : No mapping for GET /staticvendor/datatables/dataTables.bootstrap4.min.css
2019-03-01 17:06:33.709  WARN 19112 --- [http-nio-8181-exec-13] o.s.web.servlet.PageNotFound             : No mapping for GET /staticvendor/datatables/dataTables.bootstrap4.min.css
2019-03-01 17:07:18.914  WARN 19112 --- [http-nio-8181-exec-26] o.s.web.servlet.PageNotFound             : No mapping for GET /staticvendor/datatables/dataTables.bootstrap4.min.css
2019-03-01 17:07:32.153  WARN 19112 --- [http-nio-8181-exec-9] o.s.web.servlet.PageNotFound             : No mapping for GET /staticvendor/datatables/dataTables.bootstrap4.min.css
2019-03-01 17:07:58.993  WARN 19112 --- [http-nio-8181-exec-18] o.s.web.servlet.PageNotFound             : No mapping for GET /staticvendor/datatables/dataTables.bootstrap4.min.css
2019-03-01 18:08:35.433  INFO 19112 --- [RMI TCP Connection(3)-127.0.0.1] inMXBeanRegistrar$SpringApplicationAdmin : Application shutdown requested.
2019-03-01 18:08:35.433  INFO 19112 --- [RMI TCP Connection(2)-127.0.0.1] inMXBeanRegistrar$SpringApplicationAdmin : Application shutdown requested.
2019-03-01 18:08:35.453  INFO 19112 --- [RMI TCP Connection(3)-127.0.0.1] o.s.c.ehcache.EhCacheManagerFactoryBean  : Shutting down EhCache CacheManager
2019-03-01 18:08:35.473  INFO 19112 --- [RMI TCP Connection(3)-127.0.0.1] com.alibaba.druid.pool.DruidDataSource   : {dataSource-7} closed
