2019-02-12 14:01:53.254  INFO 18912 --- [restartedMain] com.jmonitor.JmonitorApplication         : Starting JmonitorApplication on DESKTOP-DBO4L4B with PID 18912 (F:\java\sts_workspace\Jmonitor\target\classes started by Administrator in F:\java\sts_workspace\Jmonitor)
2019-02-12 14:01:53.261  INFO 18912 --- [restartedMain] com.jmonitor.JmonitorApplication         : The following profiles are active: dev
2019-02-12 14:01:53.306  INFO 18912 --- [restartedMain] .e.DevToolsPropertyDefaultsPostProcessor : Devtools property defaults active! Set 'spring.devtools.add-properties' to 'false' to disable
2019-02-12 14:01:53.306  INFO 18912 --- [restartedMain] .e.DevToolsPropertyDefaultsPostProcessor : For additional web related logging consider setting the 'logging.level.web' property to 'DEBUG'
2019-02-12 14:01:54.880  INFO 18912 --- [restartedMain] trationDelegate$BeanPostProcessorChecker : Bean 'com.alibaba.druid.spring.boot.autoconfigure.stat.DruidSpringAopConfiguration' of type [com.alibaba.druid.spring.boot.autoconfigure.stat.DruidSpringAopConfiguration] is not eligible for getting processed by all BeanPostProcessors (for example: not eligible for auto-proxying)
2019-02-12 14:01:54.925  INFO 18912 --- [restartedMain] trationDelegate$BeanPostProcessorChecker : Bean 'org.springframework.transaction.annotation.ProxyTransactionManagementConfiguration' of type [org.springframework.transaction.annotation.ProxyTransactionManagementConfiguration$$EnhancerBySpringCGLIB$$a00edc0e] is not eligible for getting processed by all BeanPostProcessors (for example: not eligible for auto-proxying)
2019-02-12 14:01:54.967  INFO 18912 --- [restartedMain] trationDelegate$BeanPostProcessorChecker : Bean 'spring.datasource.druid-com.alibaba.druid.spring.boot.autoconfigure.properties.DruidStatProperties' of type [com.alibaba.druid.spring.boot.autoconfigure.properties.DruidStatProperties] is not eligible for getting processed by all BeanPostProcessors (for example: not eligible for auto-proxying)
2019-02-12 14:01:54.975  INFO 18912 --- [restartedMain] trationDelegate$BeanPostProcessorChecker : Bean 'advisor' of type [org.springframework.aop.support.RegexpMethodPointcutAdvisor] is not eligible for getting processed by all BeanPostProcessors (for example: not eligible for auto-proxying)
2019-02-12 14:01:55.437  INFO 18912 --- [restartedMain] o.s.b.w.embedded.tomcat.TomcatWebServer  : Tomcat initialized with port(s): 8080 (http)
2019-02-12 14:01:55.471  INFO 18912 --- [restartedMain] o.apache.catalina.core.StandardService   : Starting service [Tomcat]
2019-02-12 14:01:55.471  INFO 18912 --- [restartedMain] org.apache.catalina.core.StandardEngine  : Starting Servlet Engine: Apache Tomcat/9.0.13
2019-02-12 14:01:55.480  INFO 18912 --- [restartedMain] o.a.catalina.core.AprLifecycleListener   : The APR based Apache Tomcat Native library which allows optimal performance in production environments was not found on the java.library.path: [D:\Program Development\Java\jdk1.8.0_191\bin;C:\WINDOWS\Sun\Java\bin;C:\WINDOWS\system32;C:\WINDOWS;D:\Program Development\Java\jdk1.8.0_191\jre\bin;D:/Program Development/Java/jre1.8.0_191/bin/server;D:/Program Development/Java/jre1.8.0_191/bin;D:/Program Development/Java/jre1.8.0_191/lib/amd64;C:\Program Files\VanDyke Software\Clients\;C:\Program Files (x86)\Common Files\Oracle\Java\javapath;C:\Program Files (x86)\Intel\Intel(R) Management Engine Components\iCLS\;C:\Program Files\Intel\Intel(R) Management Engine Components\iCLS\;C:\WINDOWS\system32;C:\WINDOWS;C:\WINDOWS\System32\Wbem;C:\WINDOWS\System32\WindowsPowerShell\v1.0\;C:\Program Files\Intel\WiFi\bin\;C:\Program Files\Common Files\Intel\WirelessCommon\;C:\Program Files (x86)\Intel\Intel(R) Management Engine Components\DAL;C:\Program Files\Intel\Intel(R) Management Engine Components\DAL;C:\Program Files (x86)\Intel\Intel(R) Management Engine Components\IPT;C:\Program Files\Intel\Intel(R) Management Engine Components\IPT;D:\Program Development\maven\apache-maven-3.6.0\bin;D:\Program Files\Git\cmd;C:\Program Files\MySQL\MySQL Server 5.7\bin;C:\Users\Administrator\AppData\Local\Microsoft\WindowsApps;;D:\Program Development\sts\sts-4.0.2.RELEASE;;.]
2019-02-12 14:01:55.614  INFO 18912 --- [restartedMain] o.a.c.c.C.[Tomcat].[localhost].[/]       : Initializing Spring embedded WebApplicationContext
2019-02-12 14:01:55.614  INFO 18912 --- [restartedMain] o.s.web.context.ContextLoader            : Root WebApplicationContext: initialization completed in 2308 ms
2019-02-12 14:01:55.983  INFO 18912 --- [restartedMain] c.a.d.s.b.a.DruidDataSourceAutoConfigure : Init DruidDataSource
2019-02-12 14:01:56.344  INFO 18912 --- [restartedMain] com.alibaba.druid.pool.DruidDataSource   : {dataSource-1} inited
2019-02-12 14:01:56.670  WARN 18912 --- [restartedMain] c.b.m.core.toolkit.TableInfoHelper       : Warn: Could not find @TableId in Class: com.jmonitor.modules.sys.entity.Loadbalancers.
2019-02-12 14:01:56.733  WARN 18912 --- [restartedMain] c.b.m.core.toolkit.TableInfoHelper       : Warn: Could not find @TableId in Class: com.jmonitor.modules.sys.entity.Pods.
2019-02-12 14:01:56.800  WARN 18912 --- [restartedMain] c.b.m.core.toolkit.TableInfoHelper       : Warn: Could not find @TableId in Class: com.jmonitor.modules.sys.entity.Servers.
2019-02-12 14:01:57.745  INFO 18912 --- [restartedMain] o.s.c.ehcache.EhCacheManagerFactoryBean  : Initializing EhCache CacheManager
2019-02-12 14:01:57.969  INFO 18912 --- [restartedMain] pertySourcedRequestMappingHandlerMapping : Mapped URL path [/v2/api-docs] onto method [public org.springframework.http.ResponseEntity<springfox.documentation.spring.web.json.Json> springfox.documentation.swagger2.web.Swagger2Controller.getDocumentation(java.lang.String,javax.servlet.http.HttpServletRequest)]
2019-02-12 14:01:58.126  INFO 18912 --- [restartedMain] o.s.s.concurrent.ThreadPoolTaskExecutor  : Initializing ExecutorService 'applicationTaskExecutor'
2019-02-12 14:01:58.190  INFO 18912 --- [restartedMain] o.s.b.d.a.OptionalLiveReloadServer       : LiveReload server is running on port 35729
2019-02-12 14:01:58.459  INFO 18912 --- [restartedMain] d.s.w.p.DocumentationPluginsBootstrapper : Context refreshed
2019-02-12 14:01:58.480  INFO 18912 --- [restartedMain] d.s.w.p.DocumentationPluginsBootstrapper : Found 1 custom documentation plugin(s)
2019-02-12 14:01:58.520  INFO 18912 --- [restartedMain] s.d.s.w.s.ApiListingReferenceScanner     : Scanning for api listing references
2019-02-12 14:01:58.761  INFO 18912 --- [restartedMain] o.s.b.w.embedded.tomcat.TomcatWebServer  : Tomcat started on port(s): 8080 (http) with context path ''
2019-02-12 14:01:58.766  INFO 18912 --- [restartedMain] com.jmonitor.JmonitorApplication         : Started JmonitorApplication in 6.127 seconds (JVM running for 7.099)
2019-02-12 14:02:37.627  INFO 18912 --- [http-nio-8080-exec-2] o.a.c.c.C.[Tomcat].[localhost].[/]       : Initializing Spring DispatcherServlet 'dispatcherServlet'
2019-02-12 14:02:37.628  INFO 18912 --- [http-nio-8080-exec-2] o.s.web.servlet.DispatcherServlet        : Initializing Servlet 'dispatcherServlet'
2019-02-12 14:02:37.647  INFO 18912 --- [http-nio-8080-exec-2] o.s.web.servlet.DispatcherServlet        : Completed initialization in 19 ms
2019-02-12 14:15:12.474  INFO 18912 --- [Thread-7] o.s.s.concurrent.ThreadPoolTaskExecutor  : Shutting down ExecutorService 'applicationTaskExecutor'
2019-02-12 14:15:12.476  INFO 18912 --- [Thread-7] o.s.c.ehcache.EhCacheManagerFactoryBean  : Shutting down EhCache CacheManager
2019-02-12 14:15:12.503  INFO 18912 --- [Thread-7] com.alibaba.druid.pool.DruidDataSource   : {dataSource-1} closed
2019-02-12 14:15:12.982  INFO 18912 --- [restartedMain] com.jmonitor.JmonitorApplication         : Starting JmonitorApplication on DESKTOP-DBO4L4B with PID 18912 (F:\java\sts_workspace\Jmonitor\target\classes started by Administrator in F:\java\sts_workspace\Jmonitor)
2019-02-12 14:15:12.982  INFO 18912 --- [restartedMain] com.jmonitor.JmonitorApplication         : The following profiles are active: dev
2019-02-12 14:15:13.715  INFO 18912 --- [restartedMain] trationDelegate$BeanPostProcessorChecker : Bean 'com.alibaba.druid.spring.boot.autoconfigure.stat.DruidSpringAopConfiguration' of type [com.alibaba.druid.spring.boot.autoconfigure.stat.DruidSpringAopConfiguration] is not eligible for getting processed by all BeanPostProcessors (for example: not eligible for auto-proxying)
2019-02-12 14:15:13.734  INFO 18912 --- [restartedMain] trationDelegate$BeanPostProcessorChecker : Bean 'org.springframework.transaction.annotation.ProxyTransactionManagementConfiguration' of type [org.springframework.transaction.annotation.ProxyTransactionManagementConfiguration$$EnhancerBySpringCGLIB$$a00edc0e] is not eligible for getting processed by all BeanPostProcessors (for example: not eligible for auto-proxying)
2019-02-12 14:15:13.742  INFO 18912 --- [restartedMain] trationDelegate$BeanPostProcessorChecker : Bean 'spring.datasource.druid-com.alibaba.druid.spring.boot.autoconfigure.properties.DruidStatProperties' of type [com.alibaba.druid.spring.boot.autoconfigure.properties.DruidStatProperties] is not eligible for getting processed by all BeanPostProcessors (for example: not eligible for auto-proxying)
2019-02-12 14:15:13.743  INFO 18912 --- [restartedMain] trationDelegate$BeanPostProcessorChecker : Bean 'advisor' of type [org.springframework.aop.support.RegexpMethodPointcutAdvisor] is not eligible for getting processed by all BeanPostProcessors (for example: not eligible for auto-proxying)
2019-02-12 14:15:13.856  INFO 18912 --- [restartedMain] o.s.b.w.embedded.tomcat.TomcatWebServer  : Tomcat initialized with port(s): 8080 (http)
2019-02-12 14:15:13.857  INFO 18912 --- [restartedMain] o.apache.catalina.core.StandardService   : Starting service [Tomcat]
2019-02-12 14:15:13.858  INFO 18912 --- [restartedMain] org.apache.catalina.core.StandardEngine  : Starting Servlet Engine: Apache Tomcat/9.0.13
2019-02-12 14:15:13.878  INFO 18912 --- [restartedMain] o.a.c.c.C.[Tomcat].[localhost].[/]       : Initializing Spring embedded WebApplicationContext
2019-02-12 14:15:13.878  INFO 18912 --- [restartedMain] o.s.web.context.ContextLoader            : Root WebApplicationContext: initialization completed in 888 ms
2019-02-12 14:15:13.947  INFO 18912 --- [restartedMain] c.a.d.s.b.a.DruidDataSourceAutoConfigure : Init DruidDataSource
2019-02-12 14:15:14.083  INFO 18912 --- [restartedMain] com.alibaba.druid.pool.DruidDataSource   : {dataSource-2} inited
2019-02-12 14:15:14.187  WARN 18912 --- [restartedMain] c.b.m.core.toolkit.TableInfoHelper       : Warn: Could not find @TableId in Class: com.jmonitor.modules.sys.entity.Loadbalancers.
2019-02-12 14:15:14.242  WARN 18912 --- [restartedMain] c.b.m.core.toolkit.TableInfoHelper       : Warn: Could not find @TableId in Class: com.jmonitor.modules.sys.entity.Pods.
2019-02-12 14:15:14.304  WARN 18912 --- [restartedMain] c.b.m.core.toolkit.TableInfoHelper       : Warn: Could not find @TableId in Class: com.jmonitor.modules.sys.entity.Servers.
2019-02-12 14:15:14.654  INFO 18912 --- [restartedMain] o.s.c.ehcache.EhCacheManagerFactoryBean  : Initializing EhCache CacheManager
2019-02-12 14:15:14.690  INFO 18912 --- [restartedMain] pertySourcedRequestMappingHandlerMapping : Mapped URL path [/v2/api-docs] onto method [public org.springframework.http.ResponseEntity<springfox.documentation.spring.web.json.Json> springfox.documentation.swagger2.web.Swagger2Controller.getDocumentation(java.lang.String,javax.servlet.http.HttpServletRequest)]
2019-02-12 14:15:14.775  INFO 18912 --- [restartedMain] o.s.s.concurrent.ThreadPoolTaskExecutor  : Initializing ExecutorService 'applicationTaskExecutor'
2019-02-12 14:15:14.796  INFO 18912 --- [restartedMain] o.s.b.d.a.OptionalLiveReloadServer       : LiveReload server is running on port 35729
2019-02-12 14:15:14.966  INFO 18912 --- [restartedMain] d.s.w.p.DocumentationPluginsBootstrapper : Context refreshed
2019-02-12 14:15:14.967  INFO 18912 --- [restartedMain] d.s.w.p.DocumentationPluginsBootstrapper : Found 1 custom documentation plugin(s)
2019-02-12 14:15:14.980  INFO 18912 --- [restartedMain] s.d.s.w.s.ApiListingReferenceScanner     : Scanning for api listing references
2019-02-12 14:15:15.067  INFO 18912 --- [restartedMain] o.s.b.w.embedded.tomcat.TomcatWebServer  : Tomcat started on port(s): 8080 (http) with context path ''
2019-02-12 14:15:15.068  INFO 18912 --- [restartedMain] com.jmonitor.JmonitorApplication         : Started JmonitorApplication in 2.148 seconds (JVM running for 803.4)
2019-02-12 14:15:15.083  INFO 18912 --- [restartedMain] .ConditionEvaluationDeltaLoggingListener : Condition evaluation unchanged
2019-02-12 14:15:22.226  INFO 18912 --- [http-nio-8080-exec-1] o.a.c.c.C.[Tomcat].[localhost].[/]       : Initializing Spring DispatcherServlet 'dispatcherServlet'
2019-02-12 14:15:22.228  INFO 18912 --- [http-nio-8080-exec-1] o.s.web.servlet.DispatcherServlet        : Initializing Servlet 'dispatcherServlet'
2019-02-12 14:15:22.234  INFO 18912 --- [http-nio-8080-exec-1] o.s.web.servlet.DispatcherServlet        : Completed initialization in 6 ms
2019-02-12 14:15:35.980  INFO 18912 --- [Thread-12] o.s.s.concurrent.ThreadPoolTaskExecutor  : Shutting down ExecutorService 'applicationTaskExecutor'
2019-02-12 14:15:35.981  INFO 18912 --- [Thread-12] o.s.c.ehcache.EhCacheManagerFactoryBean  : Shutting down EhCache CacheManager
2019-02-12 14:15:35.996  INFO 18912 --- [Thread-12] com.alibaba.druid.pool.DruidDataSource   : {dataSource-2} closed
2019-02-12 14:15:36.412  INFO 18912 --- [restartedMain] com.jmonitor.JmonitorApplication         : Starting JmonitorApplication on DESKTOP-DBO4L4B with PID 18912 (F:\java\sts_workspace\Jmonitor\target\classes started by Administrator in F:\java\sts_workspace\Jmonitor)
2019-02-12 14:15:36.412  INFO 18912 --- [restartedMain] com.jmonitor.JmonitorApplication         : The following profiles are active: dev
2019-02-12 14:15:36.999  INFO 18912 --- [restartedMain] trationDelegate$BeanPostProcessorChecker : Bean 'com.alibaba.druid.spring.boot.autoconfigure.stat.DruidSpringAopConfiguration' of type [com.alibaba.druid.spring.boot.autoconfigure.stat.DruidSpringAopConfiguration] is not eligible for getting processed by all BeanPostProcessors (for example: not eligible for auto-proxying)
2019-02-12 14:15:37.011  INFO 18912 --- [restartedMain] trationDelegate$BeanPostProcessorChecker : Bean 'org.springframework.transaction.annotation.ProxyTransactionManagementConfiguration' of type [org.springframework.transaction.annotation.ProxyTransactionManagementConfiguration$$EnhancerBySpringCGLIB$$a00edc0e] is not eligible for getting processed by all BeanPostProcessors (for example: not eligible for auto-proxying)
2019-02-12 14:15:37.021  INFO 18912 --- [restartedMain] trationDelegate$BeanPostProcessorChecker : Bean 'spring.datasource.druid-com.alibaba.druid.spring.boot.autoconfigure.properties.DruidStatProperties' of type [com.alibaba.druid.spring.boot.autoconfigure.properties.DruidStatProperties] is not eligible for getting processed by all BeanPostProcessors (for example: not eligible for auto-proxying)
2019-02-12 14:15:37.022  INFO 18912 --- [restartedMain] trationDelegate$BeanPostProcessorChecker : Bean 'advisor' of type [org.springframework.aop.support.RegexpMethodPointcutAdvisor] is not eligible for getting processed by all BeanPostProcessors (for example: not eligible for auto-proxying)
2019-02-12 14:15:37.116  INFO 18912 --- [restartedMain] o.s.b.w.embedded.tomcat.TomcatWebServer  : Tomcat initialized with port(s): 8080 (http)
2019-02-12 14:15:37.117  INFO 18912 --- [restartedMain] o.apache.catalina.core.StandardService   : Starting service [Tomcat]
2019-02-12 14:15:37.117  INFO 18912 --- [restartedMain] org.apache.catalina.core.StandardEngine  : Starting Servlet Engine: Apache Tomcat/9.0.13
2019-02-12 14:15:37.144  INFO 18912 --- [restartedMain] o.a.c.c.C.[Tomcat].[localhost].[/]       : Initializing Spring embedded WebApplicationContext
2019-02-12 14:15:37.144  INFO 18912 --- [restartedMain] o.s.web.context.ContextLoader            : Root WebApplicationContext: initialization completed in 728 ms
2019-02-12 14:15:37.210  INFO 18912 --- [restartedMain] c.a.d.s.b.a.DruidDataSourceAutoConfigure : Init DruidDataSource
2019-02-12 14:15:37.317  INFO 18912 --- [restartedMain] com.alibaba.druid.pool.DruidDataSource   : {dataSource-3} inited
2019-02-12 14:15:37.406  WARN 18912 --- [restartedMain] c.b.m.core.toolkit.TableInfoHelper       : Warn: Could not find @TableId in Class: com.jmonitor.modules.sys.entity.Loadbalancers.
2019-02-12 14:15:37.445  WARN 18912 --- [restartedMain] c.b.m.core.toolkit.TableInfoHelper       : Warn: Could not find @TableId in Class: com.jmonitor.modules.sys.entity.Pods.
2019-02-12 14:15:37.499  WARN 18912 --- [restartedMain] c.b.m.core.toolkit.TableInfoHelper       : Warn: Could not find @TableId in Class: com.jmonitor.modules.sys.entity.Servers.
2019-02-12 14:15:37.832  INFO 18912 --- [restartedMain] o.s.c.ehcache.EhCacheManagerFactoryBean  : Initializing EhCache CacheManager
2019-02-12 14:15:37.856  INFO 18912 --- [restartedMain] pertySourcedRequestMappingHandlerMapping : Mapped URL path [/v2/api-docs] onto method [public org.springframework.http.ResponseEntity<springfox.documentation.spring.web.json.Json> springfox.documentation.swagger2.web.Swagger2Controller.getDocumentation(java.lang.String,javax.servlet.http.HttpServletRequest)]
2019-02-12 14:15:37.943  INFO 18912 --- [restartedMain] o.s.s.concurrent.ThreadPoolTaskExecutor  : Initializing ExecutorService 'applicationTaskExecutor'
2019-02-12 14:15:37.962  INFO 18912 --- [restartedMain] o.s.b.d.a.OptionalLiveReloadServer       : LiveReload server is running on port 35729
2019-02-12 14:15:38.111  INFO 18912 --- [restartedMain] d.s.w.p.DocumentationPluginsBootstrapper : Context refreshed
2019-02-12 14:15:38.113  INFO 18912 --- [restartedMain] d.s.w.p.DocumentationPluginsBootstrapper : Found 1 custom documentation plugin(s)
2019-02-12 14:15:38.118  INFO 18912 --- [restartedMain] s.d.s.w.s.ApiListingReferenceScanner     : Scanning for api listing references
2019-02-12 14:15:38.167  INFO 18912 --- [restartedMain] o.s.b.w.embedded.tomcat.TomcatWebServer  : Tomcat started on port(s): 8080 (http) with context path ''
2019-02-12 14:15:38.168  INFO 18912 --- [restartedMain] com.jmonitor.JmonitorApplication         : Started JmonitorApplication in 1.82 seconds (JVM running for 826.501)
2019-02-12 14:15:38.171  INFO 18912 --- [restartedMain] .ConditionEvaluationDeltaLoggingListener : Condition evaluation unchanged
2019-02-12 14:15:42.385  INFO 18912 --- [http-nio-8080-exec-2] o.a.c.c.C.[Tomcat].[localhost].[/]       : Initializing Spring DispatcherServlet 'dispatcherServlet'
2019-02-12 14:15:42.387  INFO 18912 --- [http-nio-8080-exec-2] o.s.web.servlet.DispatcherServlet        : Initializing Servlet 'dispatcherServlet'
2019-02-12 14:15:42.398  INFO 18912 --- [http-nio-8080-exec-2] o.s.web.servlet.DispatcherServlet        : Completed initialization in 10 ms
2019-02-12 18:43:14.111  INFO 18912 --- [RMI TCP Connection(3)-127.0.0.1] inMXBeanRegistrar$SpringApplicationAdmin : Application shutdown requested.
2019-02-12 18:43:14.111  INFO 18912 --- [RMI TCP Connection(2)-127.0.0.1] inMXBeanRegistrar$SpringApplicationAdmin : Application shutdown requested.
2019-02-12 18:43:14.197  INFO 18912 --- [RMI TCP Connection(2)-127.0.0.1] o.s.s.concurrent.ThreadPoolTaskExecutor  : Shutting down ExecutorService 'applicationTaskExecutor'
2019-02-12 18:43:14.199  INFO 18912 --- [RMI TCP Connection(2)-127.0.0.1] o.s.c.ehcache.EhCacheManagerFactoryBean  : Shutting down EhCache CacheManager
2019-02-12 18:43:14.295  INFO 18912 --- [RMI TCP Connection(2)-127.0.0.1] com.alibaba.druid.pool.DruidDataSource   : {dataSource-3} closed
